févr. 27, 2025 10:21:09 AM com.invoicegenerator.Main configureLogging
INFO: Configuration de logging chargée avec succès
févr. 27, 2025 10:21:09 AM com.invoicegenerator.Main main
INFO: Lancement de l'application JavaFX
févr. 27, 2025 10:21:09 AM com.sun.javafx.application.PlatformImpl startup
WARNING: Unsupported JavaFX configuration: classes were loaded from 'unnamed module @73bfc574'
févr. 27, 2025 10:21:09 AM com.invoicegenerator.Main <init>
FINE: Nouvelle instance de Main créée
févr. 27, 2025 10:21:09 AM com.invoicegenerator.Main start
INFO: Démarrage de l'application depuis : C:\Users\daniel.lorenzi\eclipse-workspace\InvoiceGenerator
févr. 27, 2025 10:21:10 AM javafx.scene.layout.Region resize
FINER: BorderPane@54e45b30[styleClass=root] resized to 0.0 x 0.0
févr. 27, 2025 10:21:10 AM javafx.scene.layout.Region resize
FINER: BorderPane@54e45b30[styleClass=root] resized to 800.0 x 0.0
févr. 27, 2025 10:21:10 AM javafx.scene.layout.Region resize
FINER: BorderPane@54e45b30[styleClass=root] resized to 800.0 x 600.0
févr. 27, 2025 10:21:10 AM javafx.scene.CssStyleHelper transitionToState
FINER: -fx-region-background, call applyStyle: ObjectProperty [bean: BorderPane@54e45b30[styleClass=root], name: background, value: null], value =javafx.scene.layout.Background@20c95282, originOfCalculatedValue=USER_AGENT
févr. 27, 2025 10:21:10 AM javafx.scene.CssStyleHelper transitionToState
FINER: -fx-padding, call applyStyle: ObjectProperty [bean: TableView@287e2cf6[styleClass=table-view], name: padding, value: Insets [top=0.0, right=0.0, bottom=0.0, left=0.0]], value =Insets [top=1.0, right=1.0, bottom=1.0, left=1.0], originOfCalculatedValue=USER_AGENT
févr. 27, 2025 10:21:10 AM javafx.scene.CssStyleHelper transitionToState
FINER: -fx-region-background, call applyStyle: ObjectProperty [bean: TableView@287e2cf6[styleClass=table-view], name: background, value: null], value =javafx.scene.layout.Background@25e1b660, originOfCalculatedValue=USER_AGENT
févr. 27, 2025 10:21:10 AM javafx.scene.control.Control$2 invalidated
FINER: Stored skin[javafx.scene.control.skin.TableViewSkin@395bab45] on ObjectProperty [bean: TableView@287e2cf6[styleClass=table-view], name: skin, value: javafx.scene.control.skin.TableViewSkin@395bab45]
févr. 27, 2025 10:21:10 AM javafx.scene.CssStyleHelper transitionToState
FINER: -fx-region-background, call applyStyle: ObjectProperty [bean: TableHeaderRow@6a3df106[styleClass=column-header-background], name: background, value: null], value =javafx.scene.layout.Background@84a8647e, originOfCalculatedValue=USER_AGENT
févr. 27, 2025 10:21:10 AM javafx.scene.CssStyleHelper transitionToState
FINER: -fx-padding, call applyStyle: ObjectProperty [bean: Region@106e6e59[styleClass=filler], name: padding, value: Insets [top=0.0, right=0.0, bottom=0.0, left=0.0]], value =Insets [top=2.0, right=2.0, bottom=2.0, left=2.0], originOfCalculatedValue=USER_AGENT
févr. 27, 2025 10:21:10 AM javafx.scene.CssStyleHelper transitionToState
FINER: -fx-region-background, call applyStyle: ObjectProperty [bean: Region@106e6e59[styleClass=filler], name: background, value: null], value =javafx.scene.layout.Background@b6eef160, originOfCalculatedValue=USER_AGENT
févr. 27, 2025 10:21:10 AM javafx.scene.CssStyleHelper transitionToState
FINER: -fx-padding, call applyStyle: ObjectProperty [bean: TableHeaderRow$1@16c4520f[styleClass=show-hide-columns-button], name: padding, value: Insets [top=0.0, right=0.0, bottom=0.0, left=0.0]], value =Insets [top=2.0, right=2.0, bottom=2.0, left=2.0], originOfCalculatedValue=USER_AGENT
févr. 27, 2025 10:21:10 AM javafx.scene.CssStyleHelper transitionToState
FINER: -fx-region-background, call applyStyle: ObjectProperty [bean: TableHeaderRow$1@16c4520f[styleClass=show-hide-columns-button], name: background, value: null], value =javafx.scene.layout.Background@b50ef160, originOfCalculatedValue=USER_AGENT
févr. 27, 2025 10:21:10 AM javafx.scene.CssStyleHelper transitionToState
FINER: -fx-padding, call applyStyle: ObjectProperty [bean: StackPane@6f21b15e[styleClass=show-hide-column-image], name: padding, value: Insets [top=0.0, right=0.0, bottom=0.0, left=0.0]], value =Insets [top=3.0, right=3.0, bottom=3.0, left=3.0], originOfCalculatedValue=USER_AGENT
févr. 27, 2025 10:21:10 AM javafx.scene.CssStyleHelper transitionToState
FINER: -fx-region-background, call applyStyle: ObjectProperty [bean: StackPane@6f21b15e[styleClass=show-hide-column-image], name: background, value: null], value =javafx.scene.layout.Background@38280f82, originOfCalculatedValue=USER_AGENT
févr. 27, 2025 10:21:10 AM javafx.scene.CssStyleHelper transitionToState
FINER: -fx-shape, call applyStyle: ObjectProperty [bean: StackPane@6f21b15e[styleClass=show-hide-column-image], name: shape, value: null], value =SVGPath[content="M398.902,298.045c0.667,0,1.333,0,2,0c0,0.667,0,1.333,0,2c0.667,0,1.333,0,2,0c0,0.667,0,1.333,0,2c-0.667,0-1.333,0-2,0c0,0.666,0,1.332,0,1.999c-0.667,0-1.333,0-2,0c0-0.667,0-1.333,0-1.999c-0.666,0-1.333,0-1.999,0c0-0.667,0-1.334,0-2c0.666,0,1.333,0,1.999,0C398.902,299.378,398.902,298.711,398.902,298.045z", fill=0x000000ff, fillRule=NON_ZERO], originOfCalculatedValue=USER_AGENT
févr. 27, 2025 10:21:10 AM javafx.scene.CssStyleHelper transitionToState
FINER: -fx-opacity, call applyStyle: DoubleProperty [bean: StackPane@9425ad1[styleClass=column-drag-header], name: opacity, value: 1.0], value =0.6, originOfCalculatedValue=USER_AGENT
févr. 27, 2025 10:21:10 AM javafx.scene.CssStyleHelper transitionToState
FINER: -fx-region-background, call applyStyle: ObjectProperty [bean: StackPane@9425ad1[styleClass=column-drag-header], name: background, value: null], value =javafx.scene.layout.Background@c65b5d82, originOfCalculatedValue=USER_AGENT
févr. 27, 2025 10:21:10 AM javafx.scene.CssStyleHelper transitionToState
FINER: -fx-region-border, call applyStyle: ObjectProperty [bean: StackPane@9425ad1[styleClass=column-drag-header], name: border, value: null], value =javafx.scene.layout.Border@a8d63361, originOfCalculatedValue=USER_AGENT
févr. 27, 2025 10:21:10 AM javafx.scene.CssStyleHelper transitionToState
FINER: -fx-text-fill, call applyStyle: ObjectProperty [bean: Label@48a5553f[styleClass=label]'', name: textFill, value: 0x000000ff], value =0xffffffff, originOfCalculatedValue=USER_AGENT
févr. 27, 2025 10:21:10 AM javafx.scene.control.Control$2 invalidated
FINER: Stored skin[javafx.scene.control.skin.LabelSkin@25167c0f] on ObjectProperty [bean: Label@48a5553f[styleClass=label]'', name: skin, value: javafx.scene.control.skin.LabelSkin@25167c0f]
févr. 27, 2025 10:21:10 AM javafx.scene.CssStyleHelper transitionToState
FINER: -fx-font-smoothing-type, call applyStyle: ObjectProperty [bean: Text[text="", x=0.0, y=0.0, alignment=LEFT, origin=BASELINE, boundsType=LOGICAL, font=Font[name=System Regular, family=System, style=Regular, size=12.0], fontSmoothingType=GRAY, fill=0xffffffff], name: fontSmoothingType, value: GRAY], value =LCD, originOfCalculatedValue=USER_AGENT
févr. 27, 2025 10:21:10 AM javafx.scene.CssStyleHelper transitionToState
FINER: -fx-bounds-type, call applyStyle: ObjectProperty [bean: Text[text="", x=0.0, y=0.0, alignment=LEFT, origin=BASELINE, boundsType=LOGICAL, font=Font[name=System Regular, family=System, style=Regular, size=12.0], fontSmoothingType=LCD, fill=0xffffffff], name: boundsType, value: LOGICAL], value =LOGICAL_VERTICAL_CENTER, originOfCalculatedValue=USER_AGENT
févr. 27, 2025 10:21:10 AM javafx.scene.CssStyleHelper transitionToState
FINER: -fx-padding, call applyStyle: ObjectProperty [bean: VirtualScrollBar@40905b31[styleClass=scroll-bar], name: padding, value: Insets [top=0.0, right=0.0, bottom=0.0, left=0.0]], value =Insets [top=-1.0, right=-1.0, bottom=-1.0, left=0.0], originOfCalculatedValue=USER_AGENT
févr. 27, 2025 10:21:10 AM javafx.scene.CssStyleHelper transitionToState
FINER: -fx-region-background, call applyStyle: ObjectProperty [bean: VirtualScrollBar@40905b31[styleClass=scroll-bar], name: background, value: null], value =javafx.scene.layout.Background@2e764874, originOfCalculatedValue=USER_AGENT
févr. 27, 2025 10:21:10 AM javafx.scene.control.Control$2 invalidated
FINER: Stored skin[javafx.scene.control.skin.ScrollBarSkin@2aadd73d] on ObjectProperty [bean: VirtualScrollBar@40905b31[styleClass=scroll-bar], name: skin, value: javafx.scene.control.skin.ScrollBarSkin@2aadd73d]
févr. 27, 2025 10:21:10 AM javafx.scene.CssStyleHelper transitionToState
FINER: -fx-padding, call applyStyle: ObjectProperty [bean: ScrollBarSkin$2@433a8647[styleClass=increment-button], name: padding, value: Insets [top=0.0, right=0.0, bottom=0.0, left=0.0]], value =Insets [top=3.0, right=3.0, bottom=3.0, left=3.0], originOfCalculatedValue=USER_AGENT
févr. 27, 2025 10:21:10 AM javafx.scene.CssStyleHelper transitionToState
FINER: -fx-region-background, call applyStyle: ObjectProperty [bean: ScrollBarSkin$2@433a8647[styleClass=increment-button], name: background, value: null], value =javafx.scene.layout.Background@37dc9708, originOfCalculatedValue=USER_AGENT
févr. 27, 2025 10:21:10 AM javafx.scene.CssStyleHelper transitionToState
FINER: -fx-effect, call applyStyle: ObjectProperty [bean: Region@5fbeace4[styleClass=increment-arrow], name: effect, value: null], value =javafx.scene.effect.DropShadow@19033aa4, originOfCalculatedValue=USER_AGENT
févr. 27, 2025 10:21:10 AM javafx.scene.CssStyleHelper transitionToState
FINER: -fx-padding, call applyStyle: ObjectProperty [bean: Region@5fbeace4[styleClass=increment-arrow], name: padding, value: Insets [top=0.0, right=0.0, bottom=0.0, left=0.0]], value =Insets [top=2.0, right=4.0, bottom=2.0, left=4.0], originOfCalculatedValue=USER_AGENT
févr. 27, 2025 10:21:10 AM javafx.scene.CssStyleHelper transitionToState
FINER: -fx-region-background, call applyStyle: ObjectProperty [bean: Region@5fbeace4[styleClass=increment-arrow], name: background, value: null], value =javafx.scene.layout.Background@52531ae1, originOfCalculatedValue=USER_AGENT
févr. 27, 2025 10:21:10 AM javafx.scene.CssStyleHelper transitionToState
FINER: -fx-shape, call applyStyle: ObjectProperty [bean: Region@5fbeace4[styleClass=increment-arrow], name: shape, value: null], value =SVGPath[content="M7.071,1L8.5,1.002L4.5,4l-4-2.998L1.93,1L4.5,2.976L7.071,1z", fill=0x000000ff, fillRule=NON_ZERO], originOfCalculatedValue=USER_AGENT
févr. 27, 2025 10:21:10 AM javafx.scene.CssStyleHelper transitionToState
FINER: -fx-padding, call applyStyle: ObjectProperty [bean: ScrollBarSkin$3@4e564b42[styleClass=decrement-button], name: padding, value: Insets [top=0.0, right=0.0, bottom=0.0, left=0.0]], value =Insets [top=3.0, right=3.0, bottom=3.0, left=3.0], originOfCalculatedValue=USER_AGENT
févr. 27, 2025 10:21:10 AM javafx.scene.CssStyleHelper transitionToState
FINER: -fx-region-background, call applyStyle: ObjectProperty [bean: ScrollBarSkin$3@4e564b42[styleClass=decrement-button], name: background, value: null], value =javafx.scene.layout.Background@37dc9708, originOfCalculatedValue=USER_AGENT
févr. 27, 2025 10:21:10 AM javafx.scene.CssStyleHelper transitionToState
FINER: -fx-effect, call applyStyle: ObjectProperty [bean: Region@7a57947b[styleClass=decrement-arrow], name: effect, value: null], value =javafx.scene.effect.DropShadow@3031b45, originOfCalculatedValue=USER_AGENT
févr. 27, 2025 10:21:10 AM javafx.scene.CssStyleHelper transitionToState
FINER: -fx-padding, call applyStyle: ObjectProperty [bean: Region@7a57947b[styleClass=decrement-arrow], name: padding, value: Insets [top=0.0, right=0.0, bottom=0.0, left=0.0]], value =Insets [top=2.0, right=4.0, bottom=2.0, left=4.0], originOfCalculatedValue=USER_AGENT
févr. 27, 2025 10:21:10 AM javafx.scene.CssStyleHelper transitionToState
FINER: -fx-region-background, call applyStyle: ObjectProperty [bean: Region@7a57947b[styleClass=decrement-arrow], name: background, value: null], value =javafx.scene.layout.Background@52531ae1, originOfCalculatedValue=USER_AGENT
févr. 27, 2025 10:21:10 AM javafx.scene.CssStyleHelper transitionToState
FINER: -fx-shape, call applyStyle: ObjectProperty [bean: Region@7a57947b[styleClass=decrement-arrow], name: shape, value: null], value =SVGPath[content="M1.929,4L0.5,3.998L4.5,1l4,2.998L7.07,4L4.5,2.024L1.929,4z", fill=0x000000ff, fillRule=NON_ZERO], originOfCalculatedValue=USER_AGENT
févr. 27, 2025 10:21:10 AM javafx.scene.CssStyleHelper transitionToState
FINER: -fx-region-background, call applyStyle: ObjectProperty [bean: ScrollBarSkin$1@5920df37[styleClass=thumb], name: background, value: null], value =javafx.scene.layout.Background@ae304160, originOfCalculatedValue=USER_AGENT
févr. 27, 2025 10:21:10 AM javafx.scene.CssStyleHelper transitionToState
FINER: -fx-padding, call applyStyle: ObjectProperty [bean: VirtualScrollBar@9e40855[styleClass=scroll-bar], name: padding, value: Insets [top=0.0, right=0.0, bottom=0.0, left=0.0]], value =Insets [top=0.0, right=-1.0, bottom=-1.0, left=-1.0], originOfCalculatedValue=USER_AGENT
févr. 27, 2025 10:21:10 AM javafx.scene.CssStyleHelper transitionToState
FINER: -fx-region-background, call applyStyle: ObjectProperty [bean: VirtualScrollBar@9e40855[styleClass=scroll-bar], name: background, value: null], value =javafx.scene.layout.Background@57764874, originOfCalculatedValue=USER_AGENT
févr. 27, 2025 10:21:10 AM javafx.scene.control.Control$2 invalidated
FINER: Stored skin[javafx.scene.control.skin.ScrollBarSkin@339eac19] on ObjectProperty [bean: VirtualScrollBar@9e40855[styleClass=scroll-bar], name: skin, value: javafx.scene.control.skin.ScrollBarSkin@339eac19]
févr. 27, 2025 10:21:10 AM javafx.scene.CssStyleHelper transitionToState
FINER: -fx-padding, call applyStyle: ObjectProperty [bean: ScrollBarSkin$2@2e663ef7[styleClass=increment-button], name: padding, value: Insets [top=0.0, right=0.0, bottom=0.0, left=0.0]], value =Insets [top=3.0, right=3.0, bottom=3.0, left=3.0], originOfCalculatedValue=USER_AGENT
févr. 27, 2025 10:21:10 AM javafx.scene.CssStyleHelper transitionToState
FINER: -fx-region-background, call applyStyle: ObjectProperty [bean: ScrollBarSkin$2@2e663ef7[styleClass=increment-button], name: background, value: null], value =javafx.scene.layout.Background@625c9708, originOfCalculatedValue=USER_AGENT
févr. 27, 2025 10:21:10 AM javafx.scene.CssStyleHelper transitionToState
FINER: -fx-effect, call applyStyle: ObjectProperty [bean: Region@4f88415e[styleClass=increment-arrow], name: effect, value: null], value =javafx.scene.effect.DropShadow@6c83da90, originOfCalculatedValue=USER_AGENT
févr. 27, 2025 10:21:10 AM javafx.scene.CssStyleHelper transitionToState
FINER: -fx-padding, call applyStyle: ObjectProperty [bean: Region@4f88415e[styleClass=increment-arrow], name: padding, value: Insets [top=0.0, right=0.0, bottom=0.0, left=0.0]], value =Insets [top=4.0, right=2.0, bottom=4.0, left=2.0], originOfCalculatedValue=USER_AGENT
févr. 27, 2025 10:21:10 AM javafx.scene.CssStyleHelper transitionToState
FINER: -fx-region-background, call applyStyle: ObjectProperty [bean: Region@4f88415e[styleClass=increment-arrow], name: background, value: null], value =javafx.scene.layout.Background@52531ae1, originOfCalculatedValue=USER_AGENT
févr. 27, 2025 10:21:10 AM javafx.scene.CssStyleHelper transitionToState
FINER: -fx-shape, call applyStyle: ObjectProperty [bean: Region@4f88415e[styleClass=increment-arrow], name: shape, value: null], value =SVGPath[content="M2.998-0.07L3-1.499l2.998,4L3,6.501l-0.002-1.43l1.976-2.57L2.998-0.07z", fill=0x000000ff, fillRule=NON_ZERO], originOfCalculatedValue=USER_AGENT
févr. 27, 2025 10:21:10 AM javafx.scene.CssStyleHelper transitionToState
FINER: -fx-padding, call applyStyle: ObjectProperty [bean: ScrollBarSkin$3@23e908d4[styleClass=decrement-button], name: padding, value: Insets [top=0.0, right=0.0, bottom=0.0, left=0.0]], value =Insets [top=3.0, right=3.0, bottom=3.0, left=3.0], originOfCalculatedValue=USER_AGENT
févr. 27, 2025 10:21:10 AM javafx.scene.CssStyleHelper transitionToState
FINER: -fx-region-background, call applyStyle: ObjectProperty [bean: ScrollBarSkin$3@23e908d4[styleClass=decrement-button], name: background, value: null], value =javafx.scene.layout.Background@625c9708, originOfCalculatedValue=USER_AGENT
févr. 27, 2025 10:21:10 AM javafx.scene.CssStyleHelper transitionToState
FINER: -fx-effect, call applyStyle: ObjectProperty [bean: Region@1fee6527[styleClass=decrement-arrow], name: effect, value: null], value =javafx.scene.effect.DropShadow@4ac53b49, originOfCalculatedValue=USER_AGENT
févr. 27, 2025 10:21:10 AM javafx.scene.CssStyleHelper transitionToState
FINER: -fx-padding, call applyStyle: ObjectProperty [bean: Region@1fee6527[styleClass=decrement-arrow], name: padding, value: Insets [top=0.0, right=0.0, bottom=0.0, left=0.0]], value =Insets [top=4.0, right=2.0, bottom=4.0, left=2.0], originOfCalculatedValue=USER_AGENT
févr. 27, 2025 10:21:10 AM javafx.scene.CssStyleHelper transitionToState
FINER: -fx-region-background, call applyStyle: ObjectProperty [bean: Region@1fee6527[styleClass=decrement-arrow], name: background, value: null], value =javafx.scene.layout.Background@52531ae1, originOfCalculatedValue=USER_AGENT
févr. 27, 2025 10:21:10 AM javafx.scene.CssStyleHelper transitionToState
FINER: -fx-shape, call applyStyle: ObjectProperty [bean: Region@1fee6527[styleClass=decrement-arrow], name: shape, value: null], value =SVGPath[content="M5.997,5.072L5.995,6.501l-2.998-4l2.998-4l0.002,1.43l-1.976,2.57L5.997,5.072z", fill=0x000000ff, fillRule=NON_ZERO], originOfCalculatedValue=USER_AGENT
févr. 27, 2025 10:21:10 AM javafx.scene.CssStyleHelper transitionToState
FINER: -fx-region-background, call applyStyle: ObjectProperty [bean: ScrollBarSkin$1@2c10beea[styleClass=thumb], name: background, value: null], value =javafx.scene.layout.Background@8c0e2460, originOfCalculatedValue=USER_AGENT
févr. 27, 2025 10:21:10 AM javafx.scene.CssStyleHelper transitionToState
FINER: -fx-region-background, call applyStyle: ObjectProperty [bean: StackPane@41efe344[styleClass=corner], name: background, value: null], value =javafx.scene.layout.Background@da879c82, originOfCalculatedValue=USER_AGENT
févr. 27, 2025 10:21:10 AM javafx.scene.CssStyleHelper transitionToState
FINER: -fx-opacity, call applyStyle: DoubleProperty [bean: Region@4ec70aae[styleClass=column-overlay], name: opacity, value: 1.0], value =0.3, originOfCalculatedValue=USER_AGENT
févr. 27, 2025 10:21:10 AM javafx.scene.CssStyleHelper transitionToState
FINER: -fx-region-background, call applyStyle: ObjectProperty [bean: Region@4ec70aae[styleClass=column-overlay], name: background, value: null], value =javafx.scene.layout.Background@11dc7d82, originOfCalculatedValue=USER_AGENT
févr. 27, 2025 10:21:10 AM javafx.scene.CssStyleHelper transitionToState
FINER: -fx-padding, call applyStyle: ObjectProperty [bean: Region@55c85575[styleClass=column-resize-line], name: padding, value: Insets [top=0.0, right=0.0, bottom=0.0, left=0.0]], value =Insets [top=0.0, right=0.5, bottom=0.0, left=0.5], originOfCalculatedValue=USER_AGENT
févr. 27, 2025 10:21:10 AM javafx.scene.CssStyleHelper transitionToState
FINER: -fx-region-background, call applyStyle: ObjectProperty [bean: Region@55c85575[styleClass=column-resize-line], name: background, value: null], value =javafx.scene.layout.Background@c65b5d82, originOfCalculatedValue=USER_AGENT
févr. 27, 2025 10:21:10 AM javafx.scene.CssStyleHelper transitionToState
FINER: -fx-text-fill, call applyStyle: ObjectProperty [bean: Label@5f6272e5[styleClass=label]'Aucun contenu dans la table', name: textFill, value: 0x000000ff], value =0x333333ff, originOfCalculatedValue=USER_AGENT
févr. 27, 2025 10:21:10 AM javafx.scene.control.Control$2 invalidated
FINER: Stored skin[javafx.scene.control.skin.LabelSkin@d0c8c8f] on ObjectProperty [bean: Label@5f6272e5[styleClass=label]'Aucun contenu dans la table', name: skin, value: javafx.scene.control.skin.LabelSkin@d0c8c8f]
févr. 27, 2025 10:21:10 AM javafx.scene.CssStyleHelper transitionToState
FINER: -fx-font-smoothing-type, call applyStyle: ObjectProperty [bean: Text[text="", x=0.0, y=0.0, alignment=LEFT, origin=BASELINE, boundsType=LOGICAL, font=Font[name=System Regular, family=System, style=Regular, size=12.0], fontSmoothingType=GRAY, fill=0x333333ff], name: fontSmoothingType, value: GRAY], value =LCD, originOfCalculatedValue=USER_AGENT
févr. 27, 2025 10:21:10 AM javafx.scene.CssStyleHelper transitionToState
FINER: -fx-bounds-type, call applyStyle: ObjectProperty [bean: Text[text="", x=0.0, y=0.0, alignment=LEFT, origin=BASELINE, boundsType=LOGICAL, font=Font[name=System Regular, family=System, style=Regular, size=12.0], fontSmoothingType=LCD, fill=0x333333ff], name: boundsType, value: LOGICAL], value =LOGICAL_VERTICAL_CENTER, originOfCalculatedValue=USER_AGENT
févr. 27, 2025 10:21:10 AM javafx.scene.CssStyleHelper transitionToState
FINER: -fx-padding, call applyStyle: ObjectProperty [bean: Button@7418bed8[styleClass=button]'Select Files', name: padding, value: Insets [top=0.0, right=0.0, bottom=0.0, left=0.0]], value =Insets [top=4.0, right=8.0, bottom=4.0, left=8.0], originOfCalculatedValue=USER_AGENT
févr. 27, 2025 10:21:10 AM javafx.scene.CssStyleHelper transitionToState
FINER: -fx-content-display, call applyStyle: ObjectProperty [bean: Button@7418bed8[styleClass=button]'Select Files', name: contentDisplay, value: LEFT], value =LEFT, originOfCalculatedValue=USER_AGENT
févr. 27, 2025 10:21:10 AM javafx.scene.CssStyleHelper transitionToState
FINER: -fx-text-fill, call applyStyle: ObjectProperty [bean: Button@7418bed8[styleClass=button]'Select Files', name: textFill, value: 0x000000ff], value =0x333333ff, originOfCalculatedValue=USER_AGENT
févr. 27, 2025 10:21:10 AM javafx.scene.CssStyleHelper transitionToState
FINER: -fx-alignment, call applyStyle: ObjectProperty [bean: Button@7418bed8[styleClass=button]'Select Files', name: alignment, value: CENTER_LEFT], value =CENTER, originOfCalculatedValue=USER_AGENT
févr. 27, 2025 10:21:10 AM javafx.scene.CssStyleHelper transitionToState
FINER: -fx-region-background, call applyStyle: ObjectProperty [bean: Button@7418bed8[styleClass=button]'Select Files', name: background, value: null], value =javafx.scene.layout.Background@1eb0f139, originOfCalculatedValue=USER_AGENT
févr. 27, 2025 10:21:10 AM javafx.scene.control.Control$2 invalidated
FINER: Stored skin[javafx.scene.control.skin.ButtonSkin@db3e6e3] on ObjectProperty [bean: Button@7418bed8[styleClass=button]'Select Files', name: skin, value: javafx.scene.control.skin.ButtonSkin@db3e6e3]
févr. 27, 2025 10:21:10 AM javafx.scene.CssStyleHelper transitionToState
FINER: -fx-font-smoothing-type, call applyStyle: ObjectProperty [bean: Text[text="", x=0.0, y=0.0, alignment=LEFT, origin=BASELINE, boundsType=LOGICAL, font=Font[name=System Regular, family=System, style=Regular, size=12.0], fontSmoothingType=GRAY, fill=0x333333ff], name: fontSmoothingType, value: GRAY], value =LCD, originOfCalculatedValue=USER_AGENT
févr. 27, 2025 10:21:10 AM javafx.scene.CssStyleHelper transitionToState
FINER: -fx-bounds-type, call applyStyle: ObjectProperty [bean: Text[text="", x=0.0, y=0.0, alignment=LEFT, origin=BASELINE, boundsType=LOGICAL, font=Font[name=System Regular, family=System, style=Regular, size=12.0], fontSmoothingType=LCD, fill=0x333333ff], name: boundsType, value: LOGICAL], value =LOGICAL_VERTICAL_CENTER, originOfCalculatedValue=USER_AGENT
févr. 27, 2025 10:21:10 AM javafx.scene.CssStyleHelper transitionToState
FINER: -fx-padding, call applyStyle: ObjectProperty [bean: Button@4694a87f[styleClass=button]'Delete Selection', name: padding, value: Insets [top=0.0, right=0.0, bottom=0.0, left=0.0]], value =Insets [top=4.0, right=8.0, bottom=4.0, left=8.0], originOfCalculatedValue=USER_AGENT
févr. 27, 2025 10:21:10 AM javafx.scene.CssStyleHelper transitionToState
FINER: -fx-content-display, call applyStyle: ObjectProperty [bean: Button@4694a87f[styleClass=button]'Delete Selection', name: contentDisplay, value: LEFT], value =LEFT, originOfCalculatedValue=USER_AGENT
févr. 27, 2025 10:21:10 AM javafx.scene.CssStyleHelper transitionToState
FINER: -fx-text-fill, call applyStyle: ObjectProperty [bean: Button@4694a87f[styleClass=button]'Delete Selection', name: textFill, value: 0x000000ff], value =0x333333ff, originOfCalculatedValue=USER_AGENT
févr. 27, 2025 10:21:10 AM javafx.scene.CssStyleHelper transitionToState
FINER: -fx-alignment, call applyStyle: ObjectProperty [bean: Button@4694a87f[styleClass=button]'Delete Selection', name: alignment, value: CENTER_LEFT], value =CENTER, originOfCalculatedValue=USER_AGENT
févr. 27, 2025 10:21:10 AM javafx.scene.CssStyleHelper transitionToState
FINER: -fx-region-background, call applyStyle: ObjectProperty [bean: Button@4694a87f[styleClass=button]'Delete Selection', name: background, value: null], value =javafx.scene.layout.Background@1eb0f139, originOfCalculatedValue=USER_AGENT
févr. 27, 2025 10:21:10 AM javafx.scene.control.Control$2 invalidated
FINER: Stored skin[javafx.scene.control.skin.ButtonSkin@6e3040ec] on ObjectProperty [bean: Button@4694a87f[styleClass=button]'Delete Selection', name: skin, value: javafx.scene.control.skin.ButtonSkin@6e3040ec]
févr. 27, 2025 10:21:10 AM javafx.scene.CssStyleHelper transitionToState
FINER: -fx-font-smoothing-type, call applyStyle: ObjectProperty [bean: Text[text="", x=0.0, y=0.0, alignment=LEFT, origin=BASELINE, boundsType=LOGICAL, font=Font[name=System Regular, family=System, style=Regular, size=12.0], fontSmoothingType=GRAY, fill=0x333333ff], name: fontSmoothingType, value: GRAY], value =LCD, originOfCalculatedValue=USER_AGENT
févr. 27, 2025 10:21:10 AM javafx.scene.CssStyleHelper transitionToState
FINER: -fx-bounds-type, call applyStyle: ObjectProperty [bean: Text[text="", x=0.0, y=0.0, alignment=LEFT, origin=BASELINE, boundsType=LOGICAL, font=Font[name=System Regular, family=System, style=Regular, size=12.0], fontSmoothingType=LCD, fill=0x333333ff], name: boundsType, value: LOGICAL], value =LOGICAL_VERTICAL_CENTER, originOfCalculatedValue=USER_AGENT
févr. 27, 2025 10:21:10 AM javafx.scene.CssStyleHelper transitionToState
FINER: -fx-padding, call applyStyle: ObjectProperty [bean: Button@4c478e66[styleClass=button]'Suivant', name: padding, value: Insets [top=0.0, right=0.0, bottom=0.0, left=0.0]], value =Insets [top=4.0, right=8.0, bottom=4.0, left=8.0], originOfCalculatedValue=USER_AGENT
févr. 27, 2025 10:21:10 AM javafx.scene.CssStyleHelper transitionToState
FINER: -fx-content-display, call applyStyle: ObjectProperty [bean: Button@4c478e66[styleClass=button]'Suivant', name: contentDisplay, value: LEFT], value =LEFT, originOfCalculatedValue=USER_AGENT
févr. 27, 2025 10:21:10 AM javafx.scene.CssStyleHelper transitionToState
FINER: -fx-text-fill, call applyStyle: ObjectProperty [bean: Button@4c478e66[styleClass=button]'Suivant', name: textFill, value: 0x000000ff], value =0x333333ff, originOfCalculatedValue=USER_AGENT
févr. 27, 2025 10:21:10 AM javafx.scene.CssStyleHelper transitionToState
FINER: -fx-alignment, call applyStyle: ObjectProperty [bean: Button@4c478e66[styleClass=button]'Suivant', name: alignment, value: CENTER_LEFT], value =CENTER, originOfCalculatedValue=USER_AGENT
févr. 27, 2025 10:21:10 AM javafx.scene.CssStyleHelper transitionToState
FINER: -fx-region-background, call applyStyle: ObjectProperty [bean: Button@4c478e66[styleClass=button]'Suivant', name: background, value: null], value =javafx.scene.layout.Background@1eb0f139, originOfCalculatedValue=USER_AGENT
févr. 27, 2025 10:21:10 AM javafx.scene.CssStyleHelper transitionToState
FINER: -fx-opacity, call applyStyle: DoubleProperty [bean: Button@4c478e66[styleClass=button]'Suivant', name: opacity, value: 1.0], value =0.4, originOfCalculatedValue=USER_AGENT
févr. 27, 2025 10:21:10 AM javafx.scene.control.Control$2 invalidated
FINER: Stored skin[javafx.scene.control.skin.ButtonSkin@6210f2f2] on ObjectProperty [bean: Button@4c478e66[styleClass=button]'Suivant', name: skin, value: javafx.scene.control.skin.ButtonSkin@6210f2f2]
févr. 27, 2025 10:21:10 AM javafx.scene.CssStyleHelper transitionToState
FINER: -fx-font-smoothing-type, call applyStyle: ObjectProperty [bean: Text[text="", x=0.0, y=0.0, alignment=LEFT, origin=BASELINE, boundsType=LOGICAL, font=Font[name=System Regular, family=System, style=Regular, size=12.0], fontSmoothingType=GRAY, fill=0x333333ff], name: fontSmoothingType, value: GRAY], value =LCD, originOfCalculatedValue=USER_AGENT
févr. 27, 2025 10:21:10 AM javafx.scene.CssStyleHelper transitionToState
FINER: -fx-bounds-type, call applyStyle: ObjectProperty [bean: Text[text="", x=0.0, y=0.0, alignment=LEFT, origin=BASELINE, boundsType=LOGICAL, font=Font[name=System Regular, family=System, style=Regular, size=12.0], fontSmoothingType=LCD, fill=0x333333ff], name: boundsType, value: LOGICAL], value =LOGICAL_VERTICAL_CENTER, originOfCalculatedValue=USER_AGENT
févr. 27, 2025 10:21:10 AM javafx.scene.CssStyleHelper transitionToState
FINER: -fx-text-fill, call applyStyle: ObjectProperty [bean: Label@57dd8b1b[styleClass=label]'Dossier de sortie: C:\Users\daniel.lorenzi\Documents\missions\Outil de génération de navettes de facturation CGI\resultats', name: textFill, value: 0x000000ff], value =0x333333ff, originOfCalculatedValue=USER_AGENT
févr. 27, 2025 10:21:10 AM javafx.scene.control.Control$2 invalidated
FINER: Stored skin[javafx.scene.control.skin.LabelSkin@23d8bb6a] on ObjectProperty [bean: Label@57dd8b1b[styleClass=label]'Dossier de sortie: C:\Users\daniel.lorenzi\Documents\missions\Outil de génération de navettes de facturation CGI\resultats', name: skin, value: javafx.scene.control.skin.LabelSkin@23d8bb6a]
févr. 27, 2025 10:21:10 AM javafx.scene.CssStyleHelper transitionToState
FINER: -fx-font-smoothing-type, call applyStyle: ObjectProperty [bean: Text[text="", x=0.0, y=0.0, alignment=LEFT, origin=BASELINE, boundsType=LOGICAL, font=Font[name=System Regular, family=System, style=Regular, size=12.0], fontSmoothingType=GRAY, fill=0x333333ff], name: fontSmoothingType, value: GRAY], value =LCD, originOfCalculatedValue=USER_AGENT
févr. 27, 2025 10:21:10 AM javafx.scene.CssStyleHelper transitionToState
FINER: -fx-bounds-type, call applyStyle: ObjectProperty [bean: Text[text="", x=0.0, y=0.0, alignment=LEFT, origin=BASELINE, boundsType=LOGICAL, font=Font[name=System Regular, family=System, style=Regular, size=12.0], fontSmoothingType=LCD, fill=0x333333ff], name: boundsType, value: LOGICAL], value =LOGICAL_VERTICAL_CENTER, originOfCalculatedValue=USER_AGENT
févr. 27, 2025 10:21:10 AM javafx.scene.CssStyleHelper transitionToState
FINER: -fx-padding, call applyStyle: ObjectProperty [bean: Button@12cfef7c[styleClass=button]'Paramètres', name: padding, value: Insets [top=0.0, right=0.0, bottom=0.0, left=0.0]], value =Insets [top=4.0, right=8.0, bottom=4.0, left=8.0], originOfCalculatedValue=USER_AGENT
févr. 27, 2025 10:21:10 AM javafx.scene.CssStyleHelper transitionToState
FINER: -fx-content-display, call applyStyle: ObjectProperty [bean: Button@12cfef7c[styleClass=button]'Paramètres', name: contentDisplay, value: LEFT], value =LEFT, originOfCalculatedValue=USER_AGENT
févr. 27, 2025 10:21:10 AM javafx.scene.CssStyleHelper transitionToState
FINER: -fx-text-fill, call applyStyle: ObjectProperty [bean: Button@12cfef7c[styleClass=button]'Paramètres', name: textFill, value: 0x000000ff], value =0x333333ff, originOfCalculatedValue=USER_AGENT
févr. 27, 2025 10:21:10 AM javafx.scene.CssStyleHelper transitionToState
FINER: -fx-alignment, call applyStyle: ObjectProperty [bean: Button@12cfef7c[styleClass=button]'Paramètres', name: alignment, value: CENTER_LEFT], value =CENTER, originOfCalculatedValue=USER_AGENT
févr. 27, 2025 10:21:10 AM javafx.scene.CssStyleHelper transitionToState
FINER: -fx-region-background, call applyStyle: ObjectProperty [bean: Button@12cfef7c[styleClass=button]'Paramètres', name: background, value: null], value =javafx.scene.layout.Background@1eb0f139, originOfCalculatedValue=USER_AGENT
févr. 27, 2025 10:21:10 AM javafx.scene.control.Control$2 invalidated
FINER: Stored skin[javafx.scene.control.skin.ButtonSkin@26164425] on ObjectProperty [bean: Button@12cfef7c[styleClass=button]'Paramètres', name: skin, value: javafx.scene.control.skin.ButtonSkin@26164425]
févr. 27, 2025 10:21:10 AM javafx.scene.CssStyleHelper transitionToState
FINER: -fx-font-smoothing-type, call applyStyle: ObjectProperty [bean: Text[text="", x=0.0, y=0.0, alignment=LEFT, origin=BASELINE, boundsType=LOGICAL, font=Font[name=System Regular, family=System, style=Regular, size=12.0], fontSmoothingType=GRAY, fill=0x333333ff], name: fontSmoothingType, value: GRAY], value =LCD, originOfCalculatedValue=USER_AGENT
févr. 27, 2025 10:21:10 AM javafx.scene.CssStyleHelper transitionToState
FINER: -fx-bounds-type, call applyStyle: ObjectProperty [bean: Text[text="", x=0.0, y=0.0, alignment=LEFT, origin=BASELINE, boundsType=LOGICAL, font=Font[name=System Regular, family=System, style=Regular, size=12.0], fontSmoothingType=LCD, fill=0x333333ff], name: boundsType, value: LOGICAL], value =LOGICAL_VERTICAL_CENTER, originOfCalculatedValue=USER_AGENT
févr. 27, 2025 10:21:10 AM javafx.scene.layout.Region resize
FINER: BorderPane@54e45b30[styleClass=root] resized to 800.0 x 600.0
févr. 27, 2025 10:21:10 AM javafx.scene.CssStyleHelper transitionToState
FINER: -fx-padding, call applyStyle: ObjectProperty [bean: TableColumnHeader[id=null, styleClass=column-header table-column], name: padding, value: Insets [top=0.0, right=0.0, bottom=0.0, left=0.0]], value =Insets [top=2.0, right=2.0, bottom=2.0, left=2.0], originOfCalculatedValue=USER_AGENT
févr. 27, 2025 10:21:10 AM javafx.scene.CssStyleHelper transitionToState
FINER: -fx-region-background, call applyStyle: ObjectProperty [bean: TableColumnHeader[id=null, styleClass=column-header table-column], name: background, value: null], value =javafx.scene.layout.Background@7c0ef160, originOfCalculatedValue=USER_AGENT
févr. 27, 2025 10:21:10 AM javafx.scene.CssStyleHelper transitionToState
FINER: -fx-size, call applyStyle: DoubleProperty [bean: TableColumnHeader[id=null, styleClass=column-header table-column], name: size, value: 20.0], value =24.0, originOfCalculatedValue=USER_AGENT
févr. 27, 2025 10:21:10 AM javafx.scene.CssStyleHelper transitionToState
FINER: -fx-text-fill, call applyStyle: ObjectProperty [bean: Label@232339a0[styleClass=label]'File Name', name: textFill, value: 0x000000ff], value =0x333333ff, originOfCalculatedValue=USER_AGENT
févr. 27, 2025 10:21:10 AM javafx.scene.CssStyleHelper transitionToState
FINER: -fx-alignment, call applyStyle: ObjectProperty [bean: Label@232339a0[styleClass=label]'File Name', name: alignment, value: CENTER_LEFT], value =CENTER, originOfCalculatedValue=USER_AGENT
févr. 27, 2025 10:21:10 AM javafx.scene.CssStyleHelper transitionToState
FINER: -fx-font, call applyStyle: ObjectProperty [bean: Label@232339a0[styleClass=label]'File Name', name: font, value: Font[name=System Regular, family=System, style=Regular, size=12.0]], value =Font[name=System Bold, family=System, style=Bold, size=12.0], originOfCalculatedValue=USER_AGENT
févr. 27, 2025 10:21:10 AM javafx.scene.control.Control$2 invalidated
FINER: Stored skin[javafx.scene.control.skin.LabelSkin@30518d3c] on ObjectProperty [bean: Label@232339a0[styleClass=label]'File Name', name: skin, value: javafx.scene.control.skin.LabelSkin@30518d3c]
févr. 27, 2025 10:21:10 AM javafx.scene.CssStyleHelper transitionToState
FINER: -fx-font, call applyStyle: ObjectProperty [bean: Text[text="", x=0.0, y=0.0, alignment=LEFT, origin=BASELINE, boundsType=LOGICAL, font=Font[name=System Bold, family=System, style=Bold, size=12.0], fontSmoothingType=GRAY, fill=0x333333ff], name: fontMirror, value: Font[name=System Regular, family=System, style=Regular, size=12.0]], value =Font[name=System Bold, family=System, style=Bold, size=12.0], originOfCalculatedValue=USER_AGENT
févr. 27, 2025 10:21:10 AM javafx.scene.CssStyleHelper transitionToState
FINER: -fx-font-smoothing-type, call applyStyle: ObjectProperty [bean: Text[text="", x=0.0, y=0.0, alignment=LEFT, origin=BASELINE, boundsType=LOGICAL, font=Font[name=System Bold, family=System, style=Bold, size=12.0], fontSmoothingType=GRAY, fill=0x333333ff], name: fontSmoothingType, value: GRAY], value =LCD, originOfCalculatedValue=USER_AGENT
févr. 27, 2025 10:21:10 AM javafx.scene.CssStyleHelper transitionToState
FINER: -fx-bounds-type, call applyStyle: ObjectProperty [bean: Text[text="", x=0.0, y=0.0, alignment=LEFT, origin=BASELINE, boundsType=LOGICAL, font=Font[name=System Bold, family=System, style=Bold, size=12.0], fontSmoothingType=LCD, fill=0x333333ff], name: boundsType, value: LOGICAL], value =LOGICAL_VERTICAL_CENTER, originOfCalculatedValue=USER_AGENT
févr. 27, 2025 10:21:10 AM javafx.scene.CssStyleHelper transitionToState
FINER: -fx-padding, call applyStyle: ObjectProperty [bean: TableColumnHeader[id=null, styleClass=column-header table-column], name: padding, value: Insets [top=0.0, right=0.0, bottom=0.0, left=0.0]], value =Insets [top=2.0, right=2.0, bottom=2.0, left=2.0], originOfCalculatedValue=USER_AGENT
févr. 27, 2025 10:21:10 AM javafx.scene.CssStyleHelper transitionToState
FINER: -fx-region-background, call applyStyle: ObjectProperty [bean: TableColumnHeader[id=null, styleClass=column-header table-column], name: background, value: null], value =javafx.scene.layout.Background@7c0ef160, originOfCalculatedValue=USER_AGENT
févr. 27, 2025 10:21:10 AM javafx.scene.CssStyleHelper transitionToState
FINER: -fx-size, call applyStyle: DoubleProperty [bean: TableColumnHeader[id=null, styleClass=column-header table-column], name: size, value: 20.0], value =24.0, originOfCalculatedValue=USER_AGENT
févr. 27, 2025 10:21:10 AM javafx.scene.CssStyleHelper transitionToState
FINER: -fx-text-fill, call applyStyle: ObjectProperty [bean: Label@15040d3[styleClass=label]'File Path', name: textFill, value: 0x000000ff], value =0x333333ff, originOfCalculatedValue=USER_AGENT
févr. 27, 2025 10:21:10 AM javafx.scene.CssStyleHelper transitionToState
FINER: -fx-alignment, call applyStyle: ObjectProperty [bean: Label@15040d3[styleClass=label]'File Path', name: alignment, value: CENTER_LEFT], value =CENTER, originOfCalculatedValue=USER_AGENT
févr. 27, 2025 10:21:10 AM javafx.scene.CssStyleHelper transitionToState
FINER: -fx-font, call applyStyle: ObjectProperty [bean: Label@15040d3[styleClass=label]'File Path', name: font, value: Font[name=System Regular, family=System, style=Regular, size=12.0]], value =Font[name=System Bold, family=System, style=Bold, size=12.0], originOfCalculatedValue=USER_AGENT
févr. 27, 2025 10:21:10 AM javafx.scene.control.Control$2 invalidated
FINER: Stored skin[javafx.scene.control.skin.LabelSkin@11b3bfaf] on ObjectProperty [bean: Label@15040d3[styleClass=label]'File Path', name: skin, value: javafx.scene.control.skin.LabelSkin@11b3bfaf]
févr. 27, 2025 10:21:10 AM javafx.scene.CssStyleHelper transitionToState
FINER: -fx-font, call applyStyle: ObjectProperty [bean: Text[text="", x=0.0, y=0.0, alignment=LEFT, origin=BASELINE, boundsType=LOGICAL, font=Font[name=System Bold, family=System, style=Bold, size=12.0], fontSmoothingType=GRAY, fill=0x333333ff], name: fontMirror, value: Font[name=System Regular, family=System, style=Regular, size=12.0]], value =Font[name=System Bold, family=System, style=Bold, size=12.0], originOfCalculatedValue=USER_AGENT
févr. 27, 2025 10:21:10 AM javafx.scene.CssStyleHelper transitionToState
FINER: -fx-font-smoothing-type, call applyStyle: ObjectProperty [bean: Text[text="", x=0.0, y=0.0, alignment=LEFT, origin=BASELINE, boundsType=LOGICAL, font=Font[name=System Bold, family=System, style=Bold, size=12.0], fontSmoothingType=GRAY, fill=0x333333ff], name: fontSmoothingType, value: GRAY], value =LCD, originOfCalculatedValue=USER_AGENT
févr. 27, 2025 10:21:10 AM javafx.scene.CssStyleHelper transitionToState
FINER: -fx-bounds-type, call applyStyle: ObjectProperty [bean: Text[text="", x=0.0, y=0.0, alignment=LEFT, origin=BASELINE, boundsType=LOGICAL, font=Font[name=System Bold, family=System, style=Bold, size=12.0], fontSmoothingType=LCD, fill=0x333333ff], name: boundsType, value: LOGICAL], value =LOGICAL_VERTICAL_CENTER, originOfCalculatedValue=USER_AGENT
févr. 27, 2025 10:21:10 AM javafx.scene.layout.Region resize
FINER: HBox@5dfd065d resized to 800.0 x 25.6
févr. 27, 2025 10:21:10 AM javafx.scene.Node relocate
FINER: HBox@5dfd065d moved to (0.0,0.0)
févr. 27, 2025 10:21:10 AM javafx.scene.layout.Region resize
FINER: HBox@688897fe resized to 800.0 x 25.6
févr. 27, 2025 10:21:10 AM javafx.scene.Node relocate
FINER: HBox@688897fe moved to (0.0,574.4)
févr. 27, 2025 10:21:10 AM javafx.scene.layout.Region resize
FINER: TableView@287e2cf6[styleClass=table-view] resized to 800.0 x 548.8
févr. 27, 2025 10:21:10 AM javafx.scene.Node relocate
FINER: TableView@287e2cf6[styleClass=table-view] moved to (0.0,25.6)
févr. 27, 2025 10:21:10 AM javafx.scene.layout.Region resize
FINER: TableHeaderRow@6a3df106[styleClass=column-header-background] resized to 798.4 x 24.0
févr. 27, 2025 10:21:10 AM javafx.scene.Node relocate
FINER: TableHeaderRow@6a3df106[styleClass=column-header-background] moved to (0.8,0.8)
févr. 27, 2025 10:21:10 AM javafx.scene.layout.Region resize
FINER: StackPane@62e039ff[styleClass=placeholder] resized to 798.4 x 523.2
févr. 27, 2025 10:21:10 AM javafx.scene.Node relocate
FINER: StackPane@62e039ff[styleClass=placeholder] moved to (0.8,24.8)
févr. 27, 2025 10:21:10 AM javafx.scene.layout.Region resize
FINER: NestedTableColumnHeader@24a68593[styleClass=nested-column-header] resized to 800.0 x 24.0
févr. 27, 2025 10:21:10 AM javafx.scene.Node relocate
FINER: NestedTableColumnHeader@24a68593[styleClass=nested-column-header] moved to (0.0,0.0)
févr. 27, 2025 10:21:10 AM javafx.scene.layout.Region resize
FINER: TableHeaderRow$1@16c4520f[styleClass=show-hide-columns-button] resized to 13.6 x 24.0
févr. 27, 2025 10:21:10 AM javafx.scene.Node relocate
FINER: TableHeaderRow$1@16c4520f[styleClass=show-hide-columns-button] moved to (783.1999999999999,0.0)
févr. 27, 2025 10:21:10 AM javafx.scene.layout.Region resize
FINER: TableColumnHeader[id=null, styleClass=column-header table-column] resized to 400.0 x 24.0
févr. 27, 2025 10:21:10 AM javafx.scene.Node relocate
FINER: TableColumnHeader[id=null, styleClass=column-header table-column] moved to (0.0,0.0)
févr. 27, 2025 10:21:10 AM javafx.scene.Node relocate
FINER: Rectangle[x=0.0, y=0.0, width=4.0, height=24.0, fill=0x00000000] moved to (398.0,0.0)
févr. 27, 2025 10:21:10 AM javafx.scene.layout.Region resize
FINER: TableColumnHeader[id=null, styleClass=column-header table-column] resized to 400.0 x 24.0
févr. 27, 2025 10:21:10 AM javafx.scene.Node relocate
FINER: TableColumnHeader[id=null, styleClass=column-header table-column] moved to (400.0,0.0)
févr. 27, 2025 10:21:10 AM javafx.scene.Node relocate
FINER: Rectangle[x=0.0, y=0.0, width=4.0, height=24.0, fill=0x00000000] moved to (798.0,0.0)
févr. 27, 2025 10:21:10 AM javafx.scene.layout.Region resize
FINER: TableColumnHeader[id=null, styleClass=column-header table-column] resized to 400.0 x 24.0
févr. 27, 2025 10:21:10 AM javafx.scene.layout.Region resize
FINER: Label@232339a0[styleClass=label]'File Name' resized to 395.2 x 24.0
févr. 27, 2025 10:21:10 AM javafx.scene.Node relocate
FINER: Label@232339a0[styleClass=label]'File Name' moved to (2.4,0.0)
févr. 27, 2025 10:21:10 AM javafx.scene.Node relocate
FINER: Text[text="File Name", x=0.0, y=0.0, alignment=LEFT, origin=BASELINE, boundsType=LOGICAL_VERTICAL_CENTER, font=Font[name=System Bold, family=System, style=Bold, size=12.0], fontSmoothingType=LCD, fill=0x333333ff] moved to (169.6,3.2)
févr. 27, 2025 10:21:10 AM javafx.scene.layout.Region resize
FINER: TableColumnHeader[id=null, styleClass=column-header table-column] resized to 400.0 x 24.0
févr. 27, 2025 10:21:10 AM javafx.scene.layout.Region resize
FINER: Label@15040d3[styleClass=label]'File Path' resized to 395.2 x 24.0
févr. 27, 2025 10:21:10 AM javafx.scene.Node relocate
FINER: Label@15040d3[styleClass=label]'File Path' moved to (2.4,0.0)
févr. 27, 2025 10:21:10 AM javafx.scene.Node relocate
FINER: Text[text="File Path", x=0.0, y=0.0, alignment=LEFT, origin=BASELINE, boundsType=LOGICAL_VERTICAL_CENTER, font=Font[name=System Bold, family=System, style=Bold, size=12.0], fontSmoothingType=LCD, fill=0x333333ff] moved to (173.6,3.2)
févr. 27, 2025 10:21:10 AM javafx.scene.layout.Region resize
FINER: StackPane@6f21b15e[styleClass=show-hide-column-image] resized to 6.0 x 6.0
févr. 27, 2025 10:21:10 AM javafx.scene.Node relocate
FINER: StackPane@6f21b15e[styleClass=show-hide-column-image] moved to (4.0,7.2)
févr. 27, 2025 10:21:10 AM javafx.scene.layout.Region resize
FINER: Label@48a5553f[styleClass=label]'' resized to -0.0 x 17.6
févr. 27, 2025 10:21:10 AM javafx.scene.Node relocate
FINER: Label@48a5553f[styleClass=label]'' moved to (0.0,-8.8)
févr. 27, 2025 10:21:10 AM javafx.scene.Node relocate
FINER: Text[text="", x=0.0, y=0.0, alignment=LEFT, origin=BASELINE, boundsType=LOGICAL_VERTICAL_CENTER, font=Font[name=System Regular, family=System, style=Regular, size=12.0], fontSmoothingType=LCD, fill=0xffffffff] moved to (0.0,8.8)
févr. 27, 2025 10:21:10 AM javafx.scene.layout.Region resize
FINER: ScrollBarSkin$3@4e564b42[styleClass=decrement-button] resized to 20.8 x 10.4
févr. 27, 2025 10:21:10 AM javafx.scene.layout.Region resize
FINER: ScrollBarSkin$2@433a8647[styleClass=increment-button] resized to 20.8 x 10.4
févr. 27, 2025 10:21:10 AM javafx.scene.layout.Region resize
FINER: StackPane@a030bf9[styleClass=track-background] resized to 20.8 x 101.60000000000001
févr. 27, 2025 10:21:10 AM javafx.scene.Node relocate
FINER: StackPane@a030bf9[styleClass=track-background] moved to (0.0,-0.8)
févr. 27, 2025 10:21:10 AM javafx.scene.Node relocate
FINER: ScrollBarSkin$3@4e564b42[styleClass=decrement-button] moved to (0.0,-0.8)
févr. 27, 2025 10:21:10 AM javafx.scene.Node relocate
FINER: ScrollBarSkin$2@433a8647[styleClass=increment-button] moved to (0.0,90.4)
févr. 27, 2025 10:21:10 AM javafx.scene.layout.Region resize
FINER: StackPane@4bee4970[styleClass=track] resized to 20.8 x 80.8
févr. 27, 2025 10:21:10 AM javafx.scene.Node relocate
FINER: StackPane@4bee4970[styleClass=track] moved to (0.0,9.6)
févr. 27, 2025 10:21:10 AM javafx.scene.layout.Region resize
FINER: ScrollBarSkin$1@5920df37[styleClass=thumb] resized to 20.8 x 20.8
févr. 27, 2025 10:21:10 AM javafx.scene.layout.Region resize
FINER: Region@5fbeace4[styleClass=increment-arrow] resized to 8.0 x 4.0
févr. 27, 2025 10:21:10 AM javafx.scene.Node relocate
FINER: Region@5fbeace4[styleClass=increment-arrow] moved to (6.4,3.2)
févr. 27, 2025 10:21:10 AM javafx.scene.layout.Region resize
FINER: Region@7a57947b[styleClass=decrement-arrow] resized to 8.0 x 4.0
févr. 27, 2025 10:21:10 AM javafx.scene.Node relocate
FINER: Region@7a57947b[styleClass=decrement-arrow] moved to (6.4,3.2)
févr. 27, 2025 10:21:10 AM javafx.scene.layout.Region resize
FINER: ScrollBarSkin$3@23e908d4[styleClass=decrement-button] resized to 10.4 x 100.8
févr. 27, 2025 10:21:10 AM javafx.scene.layout.Region resize
FINER: ScrollBarSkin$2@2e663ef7[styleClass=increment-button] resized to 10.4 x 100.8
févr. 27, 2025 10:21:10 AM javafx.scene.layout.Region resize
FINER: StackPane@5bf718c1[styleClass=track-background] resized to 22.4 x 100.8
févr. 27, 2025 10:21:10 AM javafx.scene.Node relocate
FINER: StackPane@5bf718c1[styleClass=track-background] moved to (-0.8,0.0)
févr. 27, 2025 10:21:10 AM javafx.scene.Node relocate
FINER: ScrollBarSkin$3@23e908d4[styleClass=decrement-button] moved to (-0.8,0.0)
févr. 27, 2025 10:21:10 AM javafx.scene.Node relocate
FINER: ScrollBarSkin$2@2e663ef7[styleClass=increment-button] moved to (10.4,0.0)
févr. 27, 2025 10:21:10 AM javafx.scene.layout.Region resize
FINER: StackPane@4f4296d3[styleClass=track] resized to 1.6 x 100.8
févr. 27, 2025 10:21:10 AM javafx.scene.Node relocate
FINER: StackPane@4f4296d3[styleClass=track] moved to (9.6,0.0)
févr. 27, 2025 10:21:10 AM javafx.scene.layout.Region resize
FINER: ScrollBarSkin$1@2c10beea[styleClass=thumb] resized to 20.8 x 100.8
févr. 27, 2025 10:21:10 AM javafx.scene.layout.Region resize
FINER: VirtualScrollBar@9e40855[styleClass=scroll-bar] resized to 20.0 x 100.0
févr. 27, 2025 10:21:10 AM javafx.scene.layout.Region resize
FINER: Region@4f88415e[styleClass=increment-arrow] resized to 4.0 x 8.0
févr. 27, 2025 10:21:10 AM javafx.scene.Node relocate
FINER: Region@4f88415e[styleClass=increment-arrow] moved to (3.2,46.400000000000006)
févr. 27, 2025 10:21:10 AM javafx.scene.layout.Region resize
FINER: Region@1fee6527[styleClass=decrement-arrow] resized to 4.0 x 8.0
févr. 27, 2025 10:21:10 AM javafx.scene.Node relocate
FINER: Region@1fee6527[styleClass=decrement-arrow] moved to (3.2,46.400000000000006)
févr. 27, 2025 10:21:10 AM javafx.scene.layout.Region resize
FINER: Label@5f6272e5[styleClass=label]'Aucun contenu dans la table' resized to 151.2 x 17.6
févr. 27, 2025 10:21:10 AM javafx.scene.Node relocate
FINER: Label@5f6272e5[styleClass=label]'Aucun contenu dans la table' moved to (324.0,252.8)
févr. 27, 2025 10:21:10 AM javafx.scene.Node relocate
FINER: Text[text="Aucun contenu dans la table", x=0.0, y=0.0, alignment=LEFT, origin=BASELINE, boundsType=LOGICAL_VERTICAL_CENTER, font=Font[name=System Regular, family=System, style=Regular, size=12.0], fontSmoothingType=LCD, fill=0x333333ff] moved to (0.0,0.0)
févr. 27, 2025 10:21:10 AM javafx.scene.layout.Region resize
FINER: Button@7418bed8[styleClass=button]'Select Files' resized to 74.4 x 25.6
févr. 27, 2025 10:21:10 AM javafx.scene.Node relocate
FINER: Button@7418bed8[styleClass=button]'Select Files' moved to (0.0,0.0)
févr. 27, 2025 10:21:10 AM javafx.scene.layout.Region resize
FINER: Button@4694a87f[styleClass=button]'Delete Selection' resized to 102.4 x 25.6
févr. 27, 2025 10:21:10 AM javafx.scene.Node relocate
FINER: Button@4694a87f[styleClass=button]'Delete Selection' moved to (84.8,0.0)
févr. 27, 2025 10:21:10 AM javafx.scene.layout.Region resize
FINER: Button@4c478e66[styleClass=button]'Suivant' resized to 55.2 x 25.6
févr. 27, 2025 10:21:10 AM javafx.scene.Node relocate
FINER: Button@4c478e66[styleClass=button]'Suivant' moved to (197.6,0.0)
févr. 27, 2025 10:21:10 AM javafx.scene.Node relocate
FINER: Text[text="Select Files", x=0.0, y=0.0, alignment=LEFT, origin=BASELINE, boundsType=LOGICAL_VERTICAL_CENTER, font=Font[name=System Regular, family=System, style=Regular, size=12.0], fontSmoothingType=LCD, fill=0x333333ff] moved to (8.0,4.0)
févr. 27, 2025 10:21:10 AM javafx.scene.Node relocate
FINER: Text[text="Delete Selection", x=0.0, y=0.0, alignment=LEFT, origin=BASELINE, boundsType=LOGICAL_VERTICAL_CENTER, font=Font[name=System Regular, family=System, style=Regular, size=12.0], fontSmoothingType=LCD, fill=0x333333ff] moved to (8.0,4.0)
févr. 27, 2025 10:21:10 AM javafx.scene.Node relocate
FINER: Text[text="Suivant", x=0.0, y=0.0, alignment=LEFT, origin=BASELINE, boundsType=LOGICAL_VERTICAL_CENTER, font=Font[name=System Regular, family=System, style=Regular, size=12.0], fontSmoothingType=LCD, fill=0x333333ff] moved to (8.0,4.0)
févr. 27, 2025 10:21:10 AM javafx.scene.layout.Region resize
FINER: Label@57dd8b1b[styleClass=label]'Dossier de sortie: C:\Users\daniel.lorenzi\Documents\missions\Outil de génération de navettes de facturation CGI\resultats' resized to 648.0 x 17.6
févr. 27, 2025 10:21:10 AM javafx.scene.Node relocate
FINER: Label@57dd8b1b[styleClass=label]'Dossier de sortie: C:\Users\daniel.lorenzi\Documents\missions\Outil de génération de navettes de facturation CGI\resultats' moved to (0.0,0.0)
févr. 27, 2025 10:21:10 AM javafx.scene.layout.Region resize
FINER: Button@12cfef7c[styleClass=button]'Paramètres' resized to 76.0 x 25.6
févr. 27, 2025 10:21:10 AM javafx.scene.Node relocate
FINER: Button@12cfef7c[styleClass=button]'Paramètres' moved to (658.4,0.0)
févr. 27, 2025 10:21:10 AM javafx.scene.Node relocate
FINER: Text[text="Dossier de sortie: C:\Users\daniel.lorenzi\Documents\missions\Outil de génération de navettes de facturation CGI\resultats", x=0.0, y=0.0, alignment=LEFT, origin=BASELINE, boundsType=LOGICAL_VERTICAL_CENTER, font=Font[name=System Regular, family=System, style=Regular, size=12.0], fontSmoothingType=LCD, fill=0x333333ff] moved to (0.0,0.0)
févr. 27, 2025 10:21:10 AM javafx.scene.Node relocate
FINER: Text[text="Paramètres", x=0.0, y=0.0, alignment=LEFT, origin=BASELINE, boundsType=LOGICAL_VERTICAL_CENTER, font=Font[name=System Regular, family=System, style=Regular, size=12.0], fontSmoothingType=LCD, fill=0x333333ff] moved to (8.0,4.0)
févr. 27, 2025 10:21:10 AM com.invoicegenerator.Main start
INFO: FileSelectorView initialisé avec succès
févr. 27, 2025 10:21:10 AM javafx.scene.Node$FocusPropertyBase notifyListeners
FINE: ReadOnlyBooleanProperty [bean: TableView@287e2cf6[styleClass=table-view], name: focused, value: true] focused=true
févr. 27, 2025 10:21:10 AM javafx.scene.Node$FocusPropertyBase notifyListeners
FINE: ReadOnlyBooleanProperty [bean: TableView@287e2cf6[styleClass=table-view], name: focusWithin, value: true] focusWithin=true
févr. 27, 2025 10:21:10 AM javafx.scene.Node$FocusPropertyBase notifyListeners
FINE: ReadOnlyBooleanProperty [bean: BorderPane@54e45b30[styleClass=root], name: focusWithin, value: true] focusWithin=true
févr. 27, 2025 10:21:10 AM javafx.scene.Scene$FocusOwnerProperty invalidated
FINE: Changed focus from null to TableView@287e2cf6[styleClass=table-view]
févr. 27, 2025 10:21:10 AM javafx.scene.CssStyleHelper transitionToState
FINER: -fx-region-background, call applyStyle: ObjectProperty [bean: TableView@287e2cf6[styleClass=table-view], name: background, value: javafx.scene.layout.Background@25e1b660], value =javafx.scene.layout.Background@ad17c4ab, originOfCalculatedValue=USER_AGENT
févr. 27, 2025 10:21:10 AM javafx.scene.CssStyleHelper transitionToState
FINER: -fx-padding, call applyStyle: ObjectProperty [bean: TableColumnHeader@6a1d5d3a[styleClass=column-header], name: padding, value: Insets [top=0.0, right=0.0, bottom=0.0, left=0.0]], value =Insets [top=2.0, right=2.0, bottom=2.0, left=2.0], originOfCalculatedValue=USER_AGENT
févr. 27, 2025 10:21:10 AM javafx.scene.CssStyleHelper transitionToState
FINER: -fx-region-background, call applyStyle: ObjectProperty [bean: TableColumnHeader@6a1d5d3a[styleClass=column-header], name: background, value: null], value =javafx.scene.layout.Background@7c0ef160, originOfCalculatedValue=USER_AGENT
févr. 27, 2025 10:21:10 AM javafx.scene.CssStyleHelper transitionToState
FINER: -fx-size, call applyStyle: DoubleProperty [bean: TableColumnHeader@6a1d5d3a[styleClass=column-header], name: size, value: 20.0], value =24.0, originOfCalculatedValue=USER_AGENT
févr. 27, 2025 10:21:10 AM javafx.scene.CssStyleHelper transitionToState
FINER: -fx-effect, call applyStyle: ObjectProperty [bean: Region@5fbeace4[styleClass=increment-arrow], name: effect, value: javafx.scene.effect.DropShadow@19033aa4], value =javafx.scene.effect.DropShadow@e2a5611, originOfCalculatedValue=USER_AGENT
févr. 27, 2025 10:21:10 AM javafx.scene.CssStyleHelper transitionToState
FINER: -fx-effect, call applyStyle: ObjectProperty [bean: Region@7a57947b[styleClass=decrement-arrow], name: effect, value: javafx.scene.effect.DropShadow@3031b45], value =javafx.scene.effect.DropShadow@1a2b2ce0, originOfCalculatedValue=USER_AGENT
févr. 27, 2025 10:21:10 AM javafx.scene.CssStyleHelper transitionToState
FINER: -fx-effect, call applyStyle: ObjectProperty [bean: Region@4f88415e[styleClass=increment-arrow], name: effect, value: javafx.scene.effect.DropShadow@6c83da90], value =javafx.scene.effect.DropShadow@3c77c486, originOfCalculatedValue=USER_AGENT
févr. 27, 2025 10:21:10 AM javafx.scene.CssStyleHelper transitionToState
FINER: -fx-effect, call applyStyle: ObjectProperty [bean: Region@1fee6527[styleClass=decrement-arrow], name: effect, value: javafx.scene.effect.DropShadow@4ac53b49], value =javafx.scene.effect.DropShadow@1e347460, originOfCalculatedValue=USER_AGENT
févr. 27, 2025 10:21:10 AM javafx.scene.layout.Region resize
FINER: HBox@5dfd065d resized to 800.0 x 25.6
févr. 27, 2025 10:21:10 AM javafx.scene.Node relocate
FINER: HBox@5dfd065d moved to (0.0,0.0)
févr. 27, 2025 10:21:10 AM javafx.scene.layout.Region resize
FINER: HBox@688897fe resized to 800.0 x 25.6
févr. 27, 2025 10:21:10 AM javafx.scene.Node relocate
FINER: HBox@688897fe moved to (0.0,574.4)
févr. 27, 2025 10:21:10 AM javafx.scene.layout.Region resize
FINER: TableView@287e2cf6[styleClass=table-view] resized to 800.0 x 548.8
févr. 27, 2025 10:21:10 AM javafx.scene.Node relocate
FINER: TableView@287e2cf6[styleClass=table-view] moved to (0.0,25.6)
févr. 27, 2025 10:21:10 AM javafx.scene.layout.Region resize
FINER: TableHeaderRow@6a3df106[styleClass=column-header-background] resized to 798.4 x 24.0
févr. 27, 2025 10:21:10 AM javafx.scene.Node relocate
FINER: TableHeaderRow@6a3df106[styleClass=column-header-background] moved to (0.8,0.8)
févr. 27, 2025 10:21:10 AM javafx.scene.layout.Region resize
FINER: StackPane@62e039ff[styleClass=placeholder] resized to 798.4 x 523.2
févr. 27, 2025 10:21:10 AM javafx.scene.Node relocate
FINER: StackPane@62e039ff[styleClass=placeholder] moved to (0.8,24.8)
févr. 27, 2025 10:21:10 AM javafx.scene.layout.Region resize
FINER: NestedTableColumnHeader@24a68593[styleClass=nested-column-header] resized to 800.0 x 24.0
févr. 27, 2025 10:21:10 AM javafx.scene.Node relocate
FINER: NestedTableColumnHeader@24a68593[styleClass=nested-column-header] moved to (0.0,0.0)
févr. 27, 2025 10:21:10 AM javafx.scene.layout.Region resize
FINER: TableHeaderRow$1@16c4520f[styleClass=show-hide-columns-button] resized to 13.6 x 24.0
févr. 27, 2025 10:21:10 AM javafx.scene.Node relocate
FINER: TableHeaderRow$1@16c4520f[styleClass=show-hide-columns-button] moved to (783.1999999999999,0.0)
févr. 27, 2025 10:21:10 AM javafx.scene.layout.Region resize
FINER: TableColumnHeader[id=null, styleClass=column-header table-column] resized to 400.0 x 24.0
févr. 27, 2025 10:21:10 AM javafx.scene.Node relocate
FINER: TableColumnHeader[id=null, styleClass=column-header table-column] moved to (0.0,0.0)
févr. 27, 2025 10:21:10 AM javafx.scene.Node relocate
FINER: Rectangle[x=0.0, y=0.0, width=4.0, height=24.0, fill=0x00000000] moved to (398.0,0.0)
févr. 27, 2025 10:21:10 AM javafx.scene.layout.Region resize
FINER: TableColumnHeader[id=null, styleClass=column-header table-column] resized to 400.0 x 24.0
févr. 27, 2025 10:21:10 AM javafx.scene.Node relocate
FINER: TableColumnHeader[id=null, styleClass=column-header table-column] moved to (400.0,0.0)
févr. 27, 2025 10:21:10 AM javafx.scene.Node relocate
FINER: Rectangle[x=0.0, y=0.0, width=4.0, height=24.0, fill=0x00000000] moved to (798.0,0.0)
févr. 27, 2025 10:21:10 AM javafx.scene.layout.Region resize
FINER: Label@232339a0[styleClass=label]'File Name' resized to 395.2 x 24.0
févr. 27, 2025 10:21:10 AM javafx.scene.Node relocate
FINER: Label@232339a0[styleClass=label]'File Name' moved to (2.4,0.0)
févr. 27, 2025 10:21:10 AM javafx.scene.Node relocate
FINER: Text[text="File Name", x=0.0, y=0.0, alignment=LEFT, origin=BASELINE, boundsType=LOGICAL_VERTICAL_CENTER, font=Font[name=System Bold, family=System, style=Bold, size=12.0], fontSmoothingType=LCD, fill=0x333333ff] moved to (169.6,3.2)
févr. 27, 2025 10:21:10 AM javafx.scene.layout.Region resize
FINER: Label@15040d3[styleClass=label]'File Path' resized to 395.2 x 24.0
févr. 27, 2025 10:21:10 AM javafx.scene.Node relocate
FINER: Label@15040d3[styleClass=label]'File Path' moved to (2.4,0.0)
févr. 27, 2025 10:21:10 AM javafx.scene.Node relocate
FINER: Text[text="File Path", x=0.0, y=0.0, alignment=LEFT, origin=BASELINE, boundsType=LOGICAL_VERTICAL_CENTER, font=Font[name=System Bold, family=System, style=Bold, size=12.0], fontSmoothingType=LCD, fill=0x333333ff] moved to (173.6,3.2)
févr. 27, 2025 10:21:10 AM javafx.scene.layout.Region resize
FINER: StackPane@6f21b15e[styleClass=show-hide-column-image] resized to 6.0 x 6.0
févr. 27, 2025 10:21:10 AM javafx.scene.Node relocate
FINER: StackPane@6f21b15e[styleClass=show-hide-column-image] moved to (4.0,7.2)
févr. 27, 2025 10:21:10 AM javafx.scene.layout.Region resize
FINER: Label@48a5553f[styleClass=label]'' resized to -0.0 x 17.6
févr. 27, 2025 10:21:10 AM javafx.scene.Node relocate
FINER: Label@48a5553f[styleClass=label]'' moved to (0.0,-8.8)
févr. 27, 2025 10:21:10 AM javafx.scene.Node relocate
FINER: Text[text="", x=0.0, y=0.0, alignment=LEFT, origin=BASELINE, boundsType=LOGICAL_VERTICAL_CENTER, font=Font[name=System Regular, family=System, style=Regular, size=12.0], fontSmoothingType=LCD, fill=0xffffffff] moved to (0.0,8.8)
févr. 27, 2025 10:21:10 AM javafx.scene.layout.Region resize
FINER: ScrollBarSkin$3@4e564b42[styleClass=decrement-button] resized to 20.8 x 10.4
févr. 27, 2025 10:21:10 AM javafx.scene.layout.Region resize
FINER: ScrollBarSkin$2@433a8647[styleClass=increment-button] resized to 20.8 x 10.4
févr. 27, 2025 10:21:10 AM javafx.scene.layout.Region resize
FINER: StackPane@a030bf9[styleClass=track-background] resized to 20.8 x 101.60000000000001
févr. 27, 2025 10:21:10 AM javafx.scene.Node relocate
FINER: StackPane@a030bf9[styleClass=track-background] moved to (0.0,-0.8)
févr. 27, 2025 10:21:10 AM javafx.scene.Node relocate
FINER: ScrollBarSkin$3@4e564b42[styleClass=decrement-button] moved to (0.0,-0.8)
févr. 27, 2025 10:21:10 AM javafx.scene.Node relocate
FINER: ScrollBarSkin$2@433a8647[styleClass=increment-button] moved to (0.0,90.4)
févr. 27, 2025 10:21:10 AM javafx.scene.layout.Region resize
FINER: StackPane@4bee4970[styleClass=track] resized to 20.8 x 80.8
févr. 27, 2025 10:21:10 AM javafx.scene.Node relocate
FINER: StackPane@4bee4970[styleClass=track] moved to (0.0,9.6)
févr. 27, 2025 10:21:10 AM javafx.scene.layout.Region resize
FINER: ScrollBarSkin$1@5920df37[styleClass=thumb] resized to 20.8 x 20.8
févr. 27, 2025 10:21:10 AM javafx.scene.layout.Region resize
FINER: Region@5fbeace4[styleClass=increment-arrow] resized to 8.0 x 4.0
févr. 27, 2025 10:21:10 AM javafx.scene.Node relocate
FINER: Region@5fbeace4[styleClass=increment-arrow] moved to (6.4,3.2)
févr. 27, 2025 10:21:10 AM javafx.scene.layout.Region resize
FINER: Region@7a57947b[styleClass=decrement-arrow] resized to 8.0 x 4.0
févr. 27, 2025 10:21:10 AM javafx.scene.Node relocate
FINER: Region@7a57947b[styleClass=decrement-arrow] moved to (6.4,3.2)
févr. 27, 2025 10:21:10 AM javafx.scene.layout.Region resize
FINER: ScrollBarSkin$3@23e908d4[styleClass=decrement-button] resized to 10.4 x 100.8
févr. 27, 2025 10:21:10 AM javafx.scene.layout.Region resize
FINER: ScrollBarSkin$2@2e663ef7[styleClass=increment-button] resized to 10.4 x 100.8
févr. 27, 2025 10:21:10 AM javafx.scene.layout.Region resize
FINER: StackPane@5bf718c1[styleClass=track-background] resized to 22.4 x 100.8
févr. 27, 2025 10:21:10 AM javafx.scene.Node relocate
FINER: StackPane@5bf718c1[styleClass=track-background] moved to (-0.8,0.0)
févr. 27, 2025 10:21:10 AM javafx.scene.Node relocate
FINER: ScrollBarSkin$3@23e908d4[styleClass=decrement-button] moved to (-0.8,0.0)
févr. 27, 2025 10:21:10 AM javafx.scene.Node relocate
FINER: ScrollBarSkin$2@2e663ef7[styleClass=increment-button] moved to (10.4,0.0)
févr. 27, 2025 10:21:10 AM javafx.scene.layout.Region resize
FINER: StackPane@4f4296d3[styleClass=track] resized to 1.6 x 100.8
févr. 27, 2025 10:21:10 AM javafx.scene.Node relocate
FINER: StackPane@4f4296d3[styleClass=track] moved to (9.6,0.0)
févr. 27, 2025 10:21:10 AM javafx.scene.layout.Region resize
FINER: ScrollBarSkin$1@2c10beea[styleClass=thumb] resized to 20.8 x 100.8
févr. 27, 2025 10:21:10 AM javafx.scene.layout.Region resize
FINER: VirtualScrollBar@9e40855[styleClass=scroll-bar] resized to 20.0 x 100.0
févr. 27, 2025 10:21:10 AM javafx.scene.layout.Region resize
FINER: Region@4f88415e[styleClass=increment-arrow] resized to 4.0 x 8.0
févr. 27, 2025 10:21:10 AM javafx.scene.Node relocate
FINER: Region@4f88415e[styleClass=increment-arrow] moved to (3.2,46.400000000000006)
févr. 27, 2025 10:21:10 AM javafx.scene.layout.Region resize
FINER: Region@1fee6527[styleClass=decrement-arrow] resized to 4.0 x 8.0
févr. 27, 2025 10:21:10 AM javafx.scene.Node relocate
FINER: Region@1fee6527[styleClass=decrement-arrow] moved to (3.2,46.400000000000006)
févr. 27, 2025 10:21:10 AM javafx.scene.layout.Region resize
FINER: Label@5f6272e5[styleClass=label]'Aucun contenu dans la table' resized to 151.2 x 17.6
févr. 27, 2025 10:21:10 AM javafx.scene.Node relocate
FINER: Label@5f6272e5[styleClass=label]'Aucun contenu dans la table' moved to (324.0,252.8)
févr. 27, 2025 10:21:10 AM javafx.scene.Node relocate
FINER: Text[text="Aucun contenu dans la table", x=0.0, y=0.0, alignment=LEFT, origin=BASELINE, boundsType=LOGICAL_VERTICAL_CENTER, font=Font[name=System Regular, family=System, style=Regular, size=12.0], fontSmoothingType=LCD, fill=0x333333ff] moved to (0.0,0.0)
févr. 27, 2025 10:21:10 AM javafx.scene.layout.Region resize
FINER: Button@7418bed8[styleClass=button]'Select Files' resized to 74.4 x 25.6
févr. 27, 2025 10:21:10 AM javafx.scene.Node relocate
FINER: Button@7418bed8[styleClass=button]'Select Files' moved to (0.0,0.0)
févr. 27, 2025 10:21:10 AM javafx.scene.layout.Region resize
FINER: Button@4694a87f[styleClass=button]'Delete Selection' resized to 102.4 x 25.6
févr. 27, 2025 10:21:10 AM javafx.scene.Node relocate
FINER: Button@4694a87f[styleClass=button]'Delete Selection' moved to (84.8,0.0)
févr. 27, 2025 10:21:10 AM javafx.scene.layout.Region resize
FINER: Button@4c478e66[styleClass=button]'Suivant' resized to 55.2 x 25.6
févr. 27, 2025 10:21:10 AM javafx.scene.Node relocate
FINER: Button@4c478e66[styleClass=button]'Suivant' moved to (197.6,0.0)
févr. 27, 2025 10:21:10 AM javafx.scene.Node relocate
FINER: Text[text="Select Files", x=0.0, y=0.0, alignment=LEFT, origin=BASELINE, boundsType=LOGICAL_VERTICAL_CENTER, font=Font[name=System Regular, family=System, style=Regular, size=12.0], fontSmoothingType=LCD, fill=0x333333ff] moved to (8.0,4.0)
févr. 27, 2025 10:21:10 AM javafx.scene.Node relocate
FINER: Text[text="Delete Selection", x=0.0, y=0.0, alignment=LEFT, origin=BASELINE, boundsType=LOGICAL_VERTICAL_CENTER, font=Font[name=System Regular, family=System, style=Regular, size=12.0], fontSmoothingType=LCD, fill=0x333333ff] moved to (8.0,4.0)
févr. 27, 2025 10:21:10 AM javafx.scene.Node relocate
FINER: Text[text="Suivant", x=0.0, y=0.0, alignment=LEFT, origin=BASELINE, boundsType=LOGICAL_VERTICAL_CENTER, font=Font[name=System Regular, family=System, style=Regular, size=12.0], fontSmoothingType=LCD, fill=0x333333ff] moved to (8.0,4.0)
févr. 27, 2025 10:21:10 AM javafx.scene.layout.Region resize
FINER: Label@57dd8b1b[styleClass=label]'Dossier de sortie: C:\Users\daniel.lorenzi\Documents\missions\Outil de génération de navettes de facturation CGI\resultats' resized to 648.0 x 17.6
févr. 27, 2025 10:21:10 AM javafx.scene.Node relocate
FINER: Label@57dd8b1b[styleClass=label]'Dossier de sortie: C:\Users\daniel.lorenzi\Documents\missions\Outil de génération de navettes de facturation CGI\resultats' moved to (0.0,0.0)
févr. 27, 2025 10:21:10 AM javafx.scene.layout.Region resize
FINER: Button@12cfef7c[styleClass=button]'Paramètres' resized to 76.0 x 25.6
févr. 27, 2025 10:21:10 AM javafx.scene.Node relocate
FINER: Button@12cfef7c[styleClass=button]'Paramètres' moved to (658.4,0.0)
févr. 27, 2025 10:21:10 AM javafx.scene.Node relocate
FINER: Text[text="Dossier de sortie: C:\Users\daniel.lorenzi\Documents\missions\Outil de génération de navettes de facturation CGI\resultats", x=0.0, y=0.0, alignment=LEFT, origin=BASELINE, boundsType=LOGICAL_VERTICAL_CENTER, font=Font[name=System Regular, family=System, style=Regular, size=12.0], fontSmoothingType=LCD, fill=0x333333ff] moved to (0.0,0.0)
févr. 27, 2025 10:21:10 AM javafx.scene.Node relocate
FINER: Text[text="Paramètres", x=0.0, y=0.0, alignment=LEFT, origin=BASELINE, boundsType=LOGICAL_VERTICAL_CENTER, font=Font[name=System Regular, family=System, style=Regular, size=12.0], fontSmoothingType=LCD, fill=0x333333ff] moved to (8.0,4.0)
févr. 27, 2025 10:21:10 AM javafx.scene.Node$15 invalidated
FINER: BooleanProperty [bean: BorderPane@54e45b30[styleClass=root], name: hover, value: true] hover=true
févr. 27, 2025 10:21:10 AM javafx.scene.Node$15 invalidated
FINER: BooleanProperty [bean: TableView@287e2cf6[styleClass=table-view], name: hover, value: true] hover=true
févr. 27, 2025 10:21:10 AM javafx.scene.Node$15 invalidated
FINER: BooleanProperty [bean: StackPane@62e039ff[styleClass=placeholder], name: hover, value: true] hover=true
févr. 27, 2025 10:21:12 AM javafx.scene.Node$15 invalidated
FINER: BooleanProperty [bean: BorderPane@54e45b30[styleClass=root], name: hover, value: false] hover=false
févr. 27, 2025 10:21:12 AM javafx.scene.Node$15 invalidated
FINER: BooleanProperty [bean: TableView@287e2cf6[styleClass=table-view], name: hover, value: false] hover=false
févr. 27, 2025 10:21:12 AM javafx.scene.Node$15 invalidated
FINER: BooleanProperty [bean: StackPane@62e039ff[styleClass=placeholder], name: hover, value: false] hover=false
févr. 27, 2025 10:21:13 AM javafx.scene.Node$FocusPropertyBase notifyListeners
FINE: ReadOnlyBooleanProperty [bean: TableView@287e2cf6[styleClass=table-view], name: focused, value: false] focused=false
févr. 27, 2025 10:21:13 AM javafx.scene.Node$FocusPropertyBase notifyListeners
FINE: ReadOnlyBooleanProperty [bean: TableView@287e2cf6[styleClass=table-view], name: focusWithin, value: false] focusWithin=false
févr. 27, 2025 10:21:13 AM javafx.scene.Node$FocusPropertyBase notifyListeners
FINE: ReadOnlyBooleanProperty [bean: BorderPane@54e45b30[styleClass=root], name: focusWithin, value: false] focusWithin=false
févr. 27, 2025 10:21:13 AM javafx.scene.CssStyleHelper transitionToState
FINER: -fx-region-background, call applyStyle: ObjectProperty [bean: TableView@287e2cf6[styleClass=table-view], name: background, value: javafx.scene.layout.Background@ad17c4ab], value =javafx.scene.layout.Background@25e1b660, originOfCalculatedValue=USER_AGENT
févr. 27, 2025 10:21:13 AM javafx.scene.CssStyleHelper transitionToState
FINER: -fx-effect, call applyStyle: ObjectProperty [bean: Region@5fbeace4[styleClass=increment-arrow], name: effect, value: javafx.scene.effect.DropShadow@e2a5611], value =javafx.scene.effect.DropShadow@19033aa4, originOfCalculatedValue=USER_AGENT
févr. 27, 2025 10:21:13 AM javafx.scene.CssStyleHelper transitionToState
FINER: -fx-effect, call applyStyle: ObjectProperty [bean: Region@7a57947b[styleClass=decrement-arrow], name: effect, value: javafx.scene.effect.DropShadow@1a2b2ce0], value =javafx.scene.effect.DropShadow@3031b45, originOfCalculatedValue=USER_AGENT
févr. 27, 2025 10:21:13 AM javafx.scene.CssStyleHelper transitionToState
FINER: -fx-effect, call applyStyle: ObjectProperty [bean: Region@4f88415e[styleClass=increment-arrow], name: effect, value: javafx.scene.effect.DropShadow@3c77c486], value =javafx.scene.effect.DropShadow@6c83da90, originOfCalculatedValue=USER_AGENT
févr. 27, 2025 10:21:13 AM javafx.scene.CssStyleHelper transitionToState
FINER: -fx-effect, call applyStyle: ObjectProperty [bean: Region@1fee6527[styleClass=decrement-arrow], name: effect, value: javafx.scene.effect.DropShadow@1e347460], value =javafx.scene.effect.DropShadow@4ac53b49, originOfCalculatedValue=USER_AGENT
févr. 27, 2025 10:21:13 AM javafx.scene.layout.Region resize
FINER: HBox@5dfd065d resized to 800.0 x 25.6
févr. 27, 2025 10:21:13 AM javafx.scene.Node relocate
FINER: HBox@5dfd065d moved to (0.0,0.0)
févr. 27, 2025 10:21:13 AM javafx.scene.layout.Region resize
FINER: HBox@688897fe resized to 800.0 x 25.6
févr. 27, 2025 10:21:13 AM javafx.scene.Node relocate
FINER: HBox@688897fe moved to (0.0,574.4)
févr. 27, 2025 10:21:13 AM javafx.scene.layout.Region resize
FINER: TableView@287e2cf6[styleClass=table-view] resized to 800.0 x 548.8
févr. 27, 2025 10:21:13 AM javafx.scene.Node relocate
FINER: TableView@287e2cf6[styleClass=table-view] moved to (0.0,25.6)
févr. 27, 2025 10:21:13 AM javafx.scene.layout.Region resize
FINER: TableHeaderRow@6a3df106[styleClass=column-header-background] resized to 798.4 x 24.0
févr. 27, 2025 10:21:13 AM javafx.scene.Node relocate
FINER: TableHeaderRow@6a3df106[styleClass=column-header-background] moved to (0.8,0.8)
févr. 27, 2025 10:21:13 AM javafx.scene.layout.Region resize
FINER: StackPane@62e039ff[styleClass=placeholder] resized to 798.4 x 523.2
févr. 27, 2025 10:21:13 AM javafx.scene.Node relocate
FINER: StackPane@62e039ff[styleClass=placeholder] moved to (0.8,24.8)
févr. 27, 2025 10:21:58 AM javafx.scene.Node$FocusPropertyBase notifyListeners
FINE: ReadOnlyBooleanProperty [bean: TableView@287e2cf6[styleClass=table-view], name: focused, value: true] focused=true
févr. 27, 2025 10:21:58 AM javafx.scene.Node$FocusPropertyBase notifyListeners
FINE: ReadOnlyBooleanProperty [bean: TableView@287e2cf6[styleClass=table-view], name: focusWithin, value: true] focusWithin=true
févr. 27, 2025 10:21:58 AM javafx.scene.Node$FocusPropertyBase notifyListeners
FINE: ReadOnlyBooleanProperty [bean: BorderPane@54e45b30[styleClass=root], name: focusWithin, value: true] focusWithin=true
févr. 27, 2025 10:21:58 AM javafx.scene.CssStyleHelper transitionToState
FINER: -fx-region-background, call applyStyle: ObjectProperty [bean: TableView@287e2cf6[styleClass=table-view], name: background, value: javafx.scene.layout.Background@25e1b660], value =javafx.scene.layout.Background@ad17c4ab, originOfCalculatedValue=USER_AGENT
févr. 27, 2025 10:21:58 AM javafx.scene.CssStyleHelper transitionToState
FINER: -fx-effect, call applyStyle: ObjectProperty [bean: Region@5fbeace4[styleClass=increment-arrow], name: effect, value: javafx.scene.effect.DropShadow@19033aa4], value =javafx.scene.effect.DropShadow@e2a5611, originOfCalculatedValue=USER_AGENT
févr. 27, 2025 10:21:58 AM javafx.scene.CssStyleHelper transitionToState
FINER: -fx-effect, call applyStyle: ObjectProperty [bean: Region@7a57947b[styleClass=decrement-arrow], name: effect, value: javafx.scene.effect.DropShadow@3031b45], value =javafx.scene.effect.DropShadow@1a2b2ce0, originOfCalculatedValue=USER_AGENT
févr. 27, 2025 10:21:58 AM javafx.scene.CssStyleHelper transitionToState
FINER: -fx-effect, call applyStyle: ObjectProperty [bean: Region@4f88415e[styleClass=increment-arrow], name: effect, value: javafx.scene.effect.DropShadow@6c83da90], value =javafx.scene.effect.DropShadow@3c77c486, originOfCalculatedValue=USER_AGENT
févr. 27, 2025 10:21:58 AM javafx.scene.CssStyleHelper transitionToState
FINER: -fx-effect, call applyStyle: ObjectProperty [bean: Region@1fee6527[styleClass=decrement-arrow], name: effect, value: javafx.scene.effect.DropShadow@4ac53b49], value =javafx.scene.effect.DropShadow@1e347460, originOfCalculatedValue=USER_AGENT
févr. 27, 2025 10:21:58 AM javafx.scene.layout.Region resize
FINER: HBox@5dfd065d resized to 800.0 x 25.6
févr. 27, 2025 10:21:58 AM javafx.scene.Node relocate
FINER: HBox@5dfd065d moved to (0.0,0.0)
févr. 27, 2025 10:21:58 AM javafx.scene.layout.Region resize
FINER: HBox@688897fe resized to 800.0 x 25.6
févr. 27, 2025 10:21:58 AM javafx.scene.Node relocate
FINER: HBox@688897fe moved to (0.0,574.4)
févr. 27, 2025 10:21:58 AM javafx.scene.layout.Region resize
FINER: TableView@287e2cf6[styleClass=table-view] resized to 800.0 x 548.8
févr. 27, 2025 10:21:58 AM javafx.scene.Node relocate
FINER: TableView@287e2cf6[styleClass=table-view] moved to (0.0,25.6)
févr. 27, 2025 10:21:58 AM javafx.scene.layout.Region resize
FINER: TableHeaderRow@6a3df106[styleClass=column-header-background] resized to 798.4 x 24.0
févr. 27, 2025 10:21:58 AM javafx.scene.Node relocate
FINER: TableHeaderRow@6a3df106[styleClass=column-header-background] moved to (0.8,0.8)
févr. 27, 2025 10:21:58 AM javafx.scene.layout.Region resize
FINER: StackPane@62e039ff[styleClass=placeholder] resized to 798.4 x 523.2
févr. 27, 2025 10:21:58 AM javafx.scene.Node relocate
FINER: StackPane@62e039ff[styleClass=placeholder] moved to (0.8,24.8)
févr. 27, 2025 10:21:58 AM javafx.scene.Node$15 invalidated
FINER: BooleanProperty [bean: BorderPane@54e45b30[styleClass=root], name: hover, value: true] hover=true
févr. 27, 2025 10:21:58 AM javafx.scene.Node$15 invalidated
FINER: BooleanProperty [bean: HBox@5dfd065d, name: hover, value: true] hover=true
févr. 27, 2025 10:21:59 AM javafx.scene.Node$15 invalidated
FINER: BooleanProperty [bean: BorderPane@54e45b30[styleClass=root], name: hover, value: false] hover=false
févr. 27, 2025 10:21:59 AM javafx.scene.Node$15 invalidated
FINER: BooleanProperty [bean: HBox@5dfd065d, name: hover, value: false] hover=false
févr. 27, 2025 10:21:59 AM javafx.scene.Node$FocusPropertyBase notifyListeners
FINE: ReadOnlyBooleanProperty [bean: TableView@287e2cf6[styleClass=table-view], name: focused, value: false] focused=false
févr. 27, 2025 10:21:59 AM javafx.scene.Node$FocusPropertyBase notifyListeners
FINE: ReadOnlyBooleanProperty [bean: TableView@287e2cf6[styleClass=table-view], name: focusWithin, value: false] focusWithin=false
févr. 27, 2025 10:21:59 AM javafx.scene.Node$FocusPropertyBase notifyListeners
FINE: ReadOnlyBooleanProperty [bean: BorderPane@54e45b30[styleClass=root], name: focusWithin, value: false] focusWithin=false
févr. 27, 2025 10:21:59 AM java.lang.Shutdown logRuntimeExit
FINE: Runtime.exit() called with status: 0
java.lang.Throwable: Runtime.exit(0)
	at java.base/java.lang.Shutdown.logRuntimeExit(Shutdown.java:179)
	at java.base/java.lang.Shutdown.exit(Shutdown.java:160)
	at java.base/java.lang.Runtime.exit(Runtime.java:188)
	at java.base/java.lang.System.exit(System.java:1925)
	at org.codehaus.plexus.classworlds.launcher.Launcher.main(Launcher.java:316)

