[INFO] Scanning for projects...
[INFO] 
[INFO] -----------------< invoicegenerator:InvoiceGenerator >------------------
[INFO] Building InvoiceGenerator 0.0.1-SNAPSHOT
[INFO]   from pom.xml
[INFO] --------------------------------[ jar ]---------------------------------
[WARNING] 6 problems were encountered while building the effective model for org.openjfx:javafx-controls:jar:22 during dependency collection step for project (use -X to see details)
[INFO] 
[INFO] --- clean:3.2.0:clean (default-clean) @ InvoiceGenerator ---
[INFO] Deleting C:\Users\daniel.lorenzi\eclipse-workspace\InvoiceGenerator\target
[INFO] 
[INFO] --- resources:3.3.1:resources (default-resources) @ InvoiceGenerator ---
[INFO] Copying 6 resources from src\main\resources to target\classes
[INFO] 
[INFO] --- compiler:3.13.0:compile (default-compile) @ InvoiceGenerator ---
[WARNING] ***********************************************************************************************************************************************
[WARNING] * Required filename-based automodules detected: [commons-math3-3.6.1.jar]. Please don't publish this project to a public artifact repository! *
[WARNING] ***********************************************************************************************************************************************
[INFO] Recompiling the module because of changed source code.
[INFO] Compiling 22 source files with javac [debug release 22 module-path] to target\classes
[INFO] /C:/Users/daniel.lorenzi/eclipse-workspace/InvoiceGenerator/src/main/java/com/invoicegenerator/viewModels/CommandeViewModel.java: Some input files use unchecked or unsafe operations.
[INFO] /C:/Users/daniel.lorenzi/eclipse-workspace/InvoiceGenerator/src/main/java/com/invoicegenerator/viewModels/CommandeViewModel.java: Recompile with -Xlint:unchecked for details.
[INFO] 
[INFO] --- resources:3.3.1:testResources (default-testResources) @ InvoiceGenerator ---
[INFO] skip non existing resourceDirectory C:\Users\daniel.lorenzi\eclipse-workspace\InvoiceGenerator\src\test\resources
[INFO] 
[INFO] --- compiler:3.13.0:testCompile (default-testCompile) @ InvoiceGenerator ---
[INFO] No sources to compile
[INFO] 
[INFO] --- surefire:3.2.5:test (default-test) @ InvoiceGenerator ---
[INFO] No tests to run.
[INFO] 
[INFO] --- dependency:3.6.1:copy-dependencies (copy-dependencies) @ InvoiceGenerator ---
[INFO] Copying javafx-controls-22.jar to C:\Users\daniel.lorenzi\eclipse-workspace\InvoiceGenerator\target\libs\javafx-controls-22.jar
[INFO] Copying javafx-controls-22-win.jar to C:\Users\daniel.lorenzi\eclipse-workspace\InvoiceGenerator\target\libs\javafx-controls-22-win.jar
[INFO] Copying javafx-fxml-22.jar to C:\Users\daniel.lorenzi\eclipse-workspace\InvoiceGenerator\target\libs\javafx-fxml-22.jar
[INFO] Copying javafx-fxml-22-win.jar to C:\Users\daniel.lorenzi\eclipse-workspace\InvoiceGenerator\target\libs\javafx-fxml-22-win.jar
[INFO] Copying javafx-graphics-22.jar to C:\Users\daniel.lorenzi\eclipse-workspace\InvoiceGenerator\target\libs\javafx-graphics-22.jar
[INFO] Copying javafx-graphics-22-win.jar to C:\Users\daniel.lorenzi\eclipse-workspace\InvoiceGenerator\target\libs\javafx-graphics-22-win.jar
[INFO] Copying javafx-base-22.jar to C:\Users\daniel.lorenzi\eclipse-workspace\InvoiceGenerator\target\libs\javafx-base-22.jar
[INFO] Copying javafx-base-22-win.jar to C:\Users\daniel.lorenzi\eclipse-workspace\InvoiceGenerator\target\libs\javafx-base-22-win.jar
[INFO] Copying poi-5.4.0.jar to C:\Users\daniel.lorenzi\eclipse-workspace\InvoiceGenerator\target\libs\poi-5.4.0.jar
[INFO] Copying commons-codec-1.17.1.jar to C:\Users\daniel.lorenzi\eclipse-workspace\InvoiceGenerator\target\libs\commons-codec-1.17.1.jar
[INFO] Copying commons-collections4-4.4.jar to C:\Users\daniel.lorenzi\eclipse-workspace\InvoiceGenerator\target\libs\commons-collections4-4.4.jar
[INFO] Copying commons-math3-3.6.1.jar to C:\Users\daniel.lorenzi\eclipse-workspace\InvoiceGenerator\target\libs\commons-math3-3.6.1.jar
[INFO] Copying commons-io-2.18.0.jar to C:\Users\daniel.lorenzi\eclipse-workspace\InvoiceGenerator\target\libs\commons-io-2.18.0.jar
[INFO] Copying SparseBitSet-1.3.jar to C:\Users\daniel.lorenzi\eclipse-workspace\InvoiceGenerator\target\libs\SparseBitSet-1.3.jar
[INFO] Copying log4j-api-2.24.3.jar to C:\Users\daniel.lorenzi\eclipse-workspace\InvoiceGenerator\target\libs\log4j-api-2.24.3.jar
[INFO] Copying poi-ooxml-5.4.0.jar to C:\Users\daniel.lorenzi\eclipse-workspace\InvoiceGenerator\target\libs\poi-ooxml-5.4.0.jar
[INFO] Copying poi-ooxml-lite-5.4.0.jar to C:\Users\daniel.lorenzi\eclipse-workspace\InvoiceGenerator\target\libs\poi-ooxml-lite-5.4.0.jar
[INFO] Copying xmlbeans-5.3.0.jar to C:\Users\daniel.lorenzi\eclipse-workspace\InvoiceGenerator\target\libs\xmlbeans-5.3.0.jar
[INFO] Copying commons-compress-1.27.1.jar to C:\Users\daniel.lorenzi\eclipse-workspace\InvoiceGenerator\target\libs\commons-compress-1.27.1.jar
[INFO] Copying commons-lang3-3.16.0.jar to C:\Users\daniel.lorenzi\eclipse-workspace\InvoiceGenerator\target\libs\commons-lang3-3.16.0.jar
[INFO] Copying curvesapi-1.08.jar to C:\Users\daniel.lorenzi\eclipse-workspace\InvoiceGenerator\target\libs\curvesapi-1.08.jar
[INFO] Copying gson-2.11.0.jar to C:\Users\daniel.lorenzi\eclipse-workspace\InvoiceGenerator\target\libs\gson-2.11.0.jar
[INFO] Copying error_prone_annotations-2.27.0.jar to C:\Users\daniel.lorenzi\eclipse-workspace\InvoiceGenerator\target\libs\error_prone_annotations-2.27.0.jar
[INFO] 
[INFO] --- jar:3.4.1:jar (default-jar) @ InvoiceGenerator ---
[INFO] Building jar: C:\Users\daniel.lorenzi\eclipse-workspace\InvoiceGenerator\target\InvoiceGenerator-0.0.1-SNAPSHOT.jar
[INFO] 
[INFO] >>> javadoc:3.6.3:javadoc (generate-javadoc) > generate-sources @ InvoiceGenerator >>>
[INFO] 
[INFO] <<< javadoc:3.6.3:javadoc (generate-javadoc) < generate-sources @ InvoiceGenerator <<<
[INFO] 
[INFO] 
[INFO] --- javadoc:3.6.3:javadoc (generate-javadoc) @ InvoiceGenerator ---
[INFO] No previous run data found, generating javadoc.
[INFO] 
[INFO] --- install:3.1.2:install (default-install) @ InvoiceGenerator ---
[INFO] Installing C:\Users\daniel.lorenzi\eclipse-workspace\InvoiceGenerator\pom.xml to C:\Users\daniel.lorenzi\.m2\repository\invoicegenerator\InvoiceGenerator\0.0.1-SNAPSHOT\InvoiceGenerator-0.0.1-SNAPSHOT.pom
[INFO] Installing C:\Users\daniel.lorenzi\eclipse-workspace\InvoiceGenerator\target\InvoiceGenerator-0.0.1-SNAPSHOT.jar to C:\Users\daniel.lorenzi\.m2\repository\invoicegenerator\InvoiceGenerator\0.0.1-SNAPSHOT\InvoiceGenerator-0.0.1-SNAPSHOT.jar
[INFO] 
[INFO] >>> javadoc:3.6.3:javadoc (default-cli) > generate-sources @ InvoiceGenerator >>>
[INFO] 
[INFO] <<< javadoc:3.6.3:javadoc (default-cli) < generate-sources @ InvoiceGenerator <<<
[INFO] 
[INFO] 
[INFO] --- javadoc:3.6.3:javadoc (default-cli) @ InvoiceGenerator ---
[INFO] Skipping javadoc generation, everything is up to date.
[INFO] ------------------------------------------------------------------------
[INFO] BUILD SUCCESS
[INFO] ------------------------------------------------------------------------
[INFO] Total time:  9.794 s
[INFO] Finished at: 2025-03-06T19:04:45+01:00
[INFO] ------------------------------------------------------------------------
