mars 06, 2025 4:58:59 PM com.invoicegenerator.views.FileSelectorView start
INFO: Démarrage de l'interface FileSelectorView
mars 06, 2025 4:58:59 PM com.invoicegenerator.views.FileSelectorView start
INFO: Interface FileSelectorView affichée avec succès
mars 06, 2025 4:58:59 PM com.invoicegenerator.Main start
INFO: FileSelectorView initialisé avec succès
mars 06, 2025 4:59:02 PM com.invoicegenerator.views.FileSelectorView lambda$start$3
INFO: Passage à ParametresView avec 0 éléments
mars 06, 2025 4:59:02 PM com.invoicegenerator.views.ParametresView <init>
INFO: Initialisation de ParametresView
mars 06, 2025 4:59:02 PM com.invoicegenerator.services.ParametresService <init>
INFO: ParametresService initialisé avec le fichier : C:\Users\daniel.lorenzi\parametres.json
mars 06, 2025 4:59:02 PM com.invoicegenerator.modeles.ParametersModel <init>
INFO: Création d'une nouvelle instance de ParametersModel avec valeurs par défaut
mars 06, 2025 4:59:02 PM com.invoicegenerator.services.ParametresService chargerParametres
INFO: Paramètres chargés avec succès depuis le fichier : C:\Users\daniel.lorenzi\parametres.json
mars 06, 2025 4:59:02 PM com.invoicegenerator.views.ParametresView chargerParametres
INFO: Paramètres chargés avec succès
mars 06, 2025 4:59:02 PM com.invoicegenerator.views.ParametresView start
INFO: Démarrage de l'interface ParametresView
mars 06, 2025 4:59:02 PM com.invoicegenerator.views.ParametresView start
INFO: Interface ParametresView affichée avec succès
mars 06, 2025 4:59:07 PM com.invoicegenerator.views.ParametresView lambda$start$4
INFO: Tentative d'enregistrement des paramètres
mars 06, 2025 4:59:07 PM com.invoicegenerator.services.ParametresService <init>
INFO: ParametresService initialisé avec le fichier : C:\Users\daniel.lorenzi\parametres.json
mars 06, 2025 4:59:07 PM com.invoicegenerator.services.ParametresService enregistrerParametres
INFO: Paramètres enregistrés avec succès dans le fichier : C:\Users\daniel.lorenzi\parametres.json
mars 06, 2025 4:59:07 PM com.invoicegenerator.views.ParametresView enregistrerParametres
INFO: Paramètres enregistrés avec succès
mars 06, 2025 4:59:07 PM com.invoicegenerator.modeles.ParametersModel <init>
INFO: Création d'une nouvelle instance de ParametersModel avec valeurs par défaut
mars 06, 2025 4:59:07 PM com.invoicegenerator.modeles.BillingProcessModel <init>
INFO: Création d'une nouvelle instance de BillingProcessModel
mars 06, 2025 4:59:07 PM com.invoicegenerator.views.FileSelectorView <init>
INFO: Initialisation de FileSelectorView avec modèle source
mars 06, 2025 4:59:07 PM com.invoicegenerator.services.ParametresService <init>
INFO: ParametresService initialisé avec le fichier : C:\Users\daniel.lorenzi\parametres.json
mars 06, 2025 4:59:07 PM com.invoicegenerator.modeles.ParametersModel <init>
INFO: Création d'une nouvelle instance de ParametersModel avec valeurs par défaut
mars 06, 2025 4:59:07 PM com.invoicegenerator.services.ParametresService chargerParametres
INFO: Paramètres chargés avec succès depuis le fichier : C:\Users\daniel.lorenzi\parametres.json
mars 06, 2025 4:59:07 PM com.invoicegenerator.views.FileSelectorView start
INFO: Démarrage de l'interface FileSelectorView
mars 06, 2025 4:59:07 PM com.invoicegenerator.views.FileSelectorView start
INFO: Interface FileSelectorView affichée avec succès
mars 06, 2025 4:59:08 PM com.invoicegenerator.views.FileSelectorView lambda$start$3
INFO: Passage à ParametresView avec 0 éléments
mars 06, 2025 4:59:08 PM com.invoicegenerator.views.ParametresView <init>
INFO: Initialisation de ParametresView
mars 06, 2025 4:59:08 PM com.invoicegenerator.services.ParametresService <init>
INFO: ParametresService initialisé avec le fichier : C:\Users\daniel.lorenzi\parametres.json
mars 06, 2025 4:59:08 PM com.invoicegenerator.modeles.ParametersModel <init>
INFO: Création d'une nouvelle instance de ParametersModel avec valeurs par défaut
mars 06, 2025 4:59:08 PM com.invoicegenerator.services.ParametresService chargerParametres
INFO: Paramètres chargés avec succès depuis le fichier : C:\Users\daniel.lorenzi\parametres.json
mars 06, 2025 4:59:08 PM com.invoicegenerator.views.ParametresView chargerParametres
INFO: Paramètres chargés avec succès
mars 06, 2025 4:59:08 PM com.invoicegenerator.views.ParametresView start
INFO: Démarrage de l'interface ParametresView
mars 06, 2025 4:59:08 PM com.invoicegenerator.views.ParametresView start
INFO: Interface ParametresView affichée avec succès
mars 06, 2025 4:59:10 PM com.invoicegenerator.views.ParametresView lambda$start$5
INFO: Annulation des modifications et retour à FileSelectorView
mars 06, 2025 4:59:10 PM com.invoicegenerator.services.ParametresService <init>
INFO: ParametresService initialisé avec le fichier : C:\Users\daniel.lorenzi\parametres.json
mars 06, 2025 4:59:10 PM com.invoicegenerator.modeles.ParametersModel <init>
INFO: Création d'une nouvelle instance de ParametersModel avec valeurs par défaut
mars 06, 2025 4:59:10 PM com.invoicegenerator.services.ParametresService chargerParametres
INFO: Paramètres chargés avec succès depuis le fichier : C:\Users\daniel.lorenzi\parametres.json
mars 06, 2025 4:59:10 PM com.invoicegenerator.views.ParametresView chargerParametres
INFO: Paramètres chargés avec succès
mars 06, 2025 4:59:10 PM com.invoicegenerator.modeles.ParametersModel <init>
INFO: Création d'une nouvelle instance de ParametersModel avec valeurs par défaut
mars 06, 2025 4:59:10 PM com.invoicegenerator.modeles.BillingProcessModel <init>
INFO: Création d'une nouvelle instance de BillingProcessModel
mars 06, 2025 4:59:10 PM com.invoicegenerator.views.FileSelectorView <init>
INFO: Initialisation de FileSelectorView avec modèle source
mars 06, 2025 4:59:10 PM com.invoicegenerator.services.ParametresService <init>
INFO: ParametresService initialisé avec le fichier : C:\Users\daniel.lorenzi\parametres.json
mars 06, 2025 4:59:10 PM com.invoicegenerator.modeles.ParametersModel <init>
INFO: Création d'une nouvelle instance de ParametersModel avec valeurs par défaut
mars 06, 2025 4:59:10 PM com.invoicegenerator.services.ParametresService chargerParametres
INFO: Paramètres chargés avec succès depuis le fichier : C:\Users\daniel.lorenzi\parametres.json
mars 06, 2025 4:59:10 PM com.invoicegenerator.views.FileSelectorView start
INFO: Démarrage de l'interface FileSelectorView
mars 06, 2025 4:59:10 PM com.invoicegenerator.views.FileSelectorView start
INFO: Interface FileSelectorView affichée avec succès
mars 06, 2025 5:02:45 PM com.invoicegenerator.Main configureLogging
INFO: Configuration de logging chargée avec succès
mars 06, 2025 5:02:45 PM com.invoicegenerator.Main writeAdHocLog
INFO: Erreur enregistrée dans le fichier : C:\Users\daniel.lorenzi\invoice_generator_error_log.txt
mars 06, 2025 5:02:45 PM com.invoicegenerator.Main main
INFO: Lancement de l'application JavaFX
mars 06, 2025 5:02:45 PM com.sun.javafx.application.PlatformImpl startup
WARNING: Unsupported JavaFX configuration: classes were loaded from 'unnamed module @7269ec4d'
mars 06, 2025 5:02:45 PM com.invoicegenerator.Main start
INFO: Démarrage de l'application depuis : C:\Users\daniel.lorenzi\eclipse-workspace\InvoiceGenerator
mars 06, 2025 5:02:45 PM com.invoicegenerator.modeles.ParametersModel <init>
INFO: Création d'une nouvelle instance de ParametersModel avec valeurs par défaut
mars 06, 2025 5:02:45 PM com.invoicegenerator.modeles.BillingProcessModel <init>
INFO: Création d'une nouvelle instance de BillingProcessModel
mars 06, 2025 5:02:45 PM com.invoicegenerator.views.FileSelectorView <init>
INFO: Initialisation de FileSelectorView sans modèle source
mars 06, 2025 5:02:45 PM com.invoicegenerator.services.ParametresService <init>
INFO: ParametresService initialisé avec le fichier : C:\Users\daniel.lorenzi\parametres.json
mars 06, 2025 5:02:45 PM com.invoicegenerator.modeles.ParametersModel <init>
INFO: Création d'une nouvelle instance de ParametersModel avec valeurs par défaut
mars 06, 2025 5:02:45 PM com.invoicegenerator.services.ParametresService chargerParametres
INFO: Paramètres chargés avec succès depuis le fichier : C:\Users\daniel.lorenzi\parametres.json
mars 06, 2025 5:02:45 PM com.invoicegenerator.views.FileSelectorView start
INFO: Démarrage de l'interface FileSelectorView
mars 06, 2025 5:02:46 PM com.invoicegenerator.views.FileSelectorView start
INFO: Interface FileSelectorView affichée avec succès
mars 06, 2025 5:02:46 PM com.invoicegenerator.Main start
INFO: FileSelectorView initialisé avec succès
mars 06, 2025 5:04:59 PM com.invoicegenerator.Main configureLogging
INFO: Configuration de logging chargée avec succès
mars 06, 2025 5:04:59 PM com.invoicegenerator.Main writeAdHocLog
INFO: Erreur enregistrée dans le fichier : C:\Users\daniel.lorenzi\invoice_generator_error_log.txt
mars 06, 2025 5:04:59 PM com.invoicegenerator.Main main
INFO: Lancement de l'application JavaFX
mars 06, 2025 5:04:59 PM com.invoicegenerator.Main start
INFO: Démarrage de l'application depuis : C:\Users\daniel.lorenzi\eclipse-workspace\InvoiceGenerator
mars 06, 2025 5:04:59 PM com.invoicegenerator.modeles.ParametersModel <init>
INFO: Création d'une nouvelle instance de ParametersModel avec valeurs par défaut
mars 06, 2025 5:04:59 PM com.invoicegenerator.modeles.BillingProcessModel <init>
INFO: Création d'une nouvelle instance de BillingProcessModel
mars 06, 2025 5:04:59 PM com.invoicegenerator.views.FileSelectorView <init>
INFO: Initialisation de FileSelectorView sans modèle source
mars 06, 2025 5:04:59 PM com.invoicegenerator.services.ParametresService <init>
INFO: ParametresService initialisé avec le fichier : C:\Users\daniel.lorenzi\parametres.json
mars 06, 2025 5:04:59 PM com.invoicegenerator.modeles.ParametersModel <init>
INFO: Création d'une nouvelle instance de ParametersModel avec valeurs par défaut
mars 06, 2025 5:04:59 PM com.invoicegenerator.services.ParametresService chargerParametres
INFO: Paramètres chargés avec succès depuis le fichier : C:\Users\daniel.lorenzi\parametres.json
mars 06, 2025 5:04:59 PM com.invoicegenerator.views.FileSelectorView start
INFO: Démarrage de l'interface FileSelectorView
mars 06, 2025 5:04:59 PM com.invoicegenerator.views.FileSelectorView start
INFO: Interface FileSelectorView affichée avec succès
mars 06, 2025 5:04:59 PM com.invoicegenerator.Main start
INFO: FileSelectorView initialisé avec succès
mars 06, 2025 5:13:28 PM com.invoicegenerator.Main configureLogging
INFO: Configuration de logging chargée avec succès
mars 06, 2025 5:13:28 PM com.invoicegenerator.Main writeAdHocLog
INFO: Erreur enregistrée dans le fichier : C:\Users\daniel.lorenzi\invoice_generator_error_log.txt
mars 06, 2025 5:15:58 PM com.invoicegenerator.Main configureLogging
INFO: Configuration de logging chargée avec succès
mars 06, 2025 5:15:58 PM com.invoicegenerator.Main writeAdHocLog
INFO: Erreur enregistrée dans le fichier : C:\Users\daniel.lorenzi\invoice_generator_error_log.txt
mars 06, 2025 5:16:01 PM com.invoicegenerator.Main writeAdHocLog
INFO: Erreur enregistrée dans le fichier : C:\Users\daniel.lorenzi\invoice_generator_error_log.txt
mars 06, 2025 5:16:21 PM com.invoicegenerator.Main writeAdHocLog
INFO: Erreur enregistrée dans le fichier : C:\Users\daniel.lorenzi\invoice_generator_error_log.txt
mars 06, 2025 5:16:24 PM com.invoicegenerator.Main main
INFO: Lancement de l'application JavaFX
mars 06, 2025 5:16:24 PM com.invoicegenerator.Main start
INFO: Démarrage de l'application depuis : C:\Users\daniel.lorenzi\eclipse-workspace\InvoiceGenerator
mars 06, 2025 5:16:25 PM com.invoicegenerator.modeles.ParametersModel <init>
INFO: Création d'une nouvelle instance de ParametersModel avec valeurs par défaut
mars 06, 2025 5:16:25 PM com.invoicegenerator.modeles.BillingProcessModel <init>
INFO: Création d'une nouvelle instance de BillingProcessModel
mars 06, 2025 5:16:25 PM com.invoicegenerator.views.FileSelectorView <init>
INFO: Initialisation de FileSelectorView sans modèle source
mars 06, 2025 5:16:25 PM com.invoicegenerator.services.ParametresService <init>
INFO: ParametresService initialisé avec le fichier : C:\Users\daniel.lorenzi\parametres.json
mars 06, 2025 5:16:25 PM com.invoicegenerator.modeles.ParametersModel <init>
INFO: Création d'une nouvelle instance de ParametersModel avec valeurs par défaut
mars 06, 2025 5:16:25 PM com.invoicegenerator.services.ParametresService chargerParametres
INFO: Paramètres chargés avec succès depuis le fichier : C:\Users\daniel.lorenzi\parametres.json
mars 06, 2025 5:16:25 PM com.invoicegenerator.views.FileSelectorView start
INFO: Démarrage de l'interface FileSelectorView
mars 06, 2025 5:16:25 PM com.invoicegenerator.views.FileSelectorView start
INFO: Interface FileSelectorView affichée avec succès
mars 06, 2025 5:16:25 PM com.invoicegenerator.Main start
INFO: FileSelectorView initialisé avec succès
mars 06, 2025 5:17:59 PM com.invoicegenerator.Main configureLogging
INFO: Configuration de logging chargée avec succès
mars 06, 2025 5:17:59 PM com.invoicegenerator.Main writeAdHocLog
INFO: Erreur enregistrée dans le fichier : C:\Users\daniel.lorenzi\invoice_generator_error_log.txt
mars 06, 2025 5:17:59 PM com.invoicegenerator.Main main
INFO: Indique l'emplacement des logs dans les logs ad hoc
mars 06, 2025 5:18:04 PM com.invoicegenerator.Main writeAdHocLog
INFO: Erreur enregistrée dans le fichier : C:\Users\daniel.lorenzi\invoice_generator_error_log.txt
mars 06, 2025 5:18:11 PM com.invoicegenerator.Main writeAdHocLog
INFO: Erreur enregistrée dans le fichier : C:\Users\daniel.lorenzi\invoice_generator_error_log.txt
mars 06, 2025 5:18:12 PM com.invoicegenerator.Main main
INFO: Lancement de l'application JavaFX
mars 06, 2025 5:18:17 PM com.invoicegenerator.Main start
INFO: Démarrage de l'application depuis : C:\Users\daniel.lorenzi\eclipse-workspace\InvoiceGenerator
mars 06, 2025 5:18:17 PM com.invoicegenerator.modeles.ParametersModel <init>
INFO: Création d'une nouvelle instance de ParametersModel avec valeurs par défaut
mars 06, 2025 5:18:17 PM com.invoicegenerator.modeles.BillingProcessModel <init>
INFO: Création d'une nouvelle instance de BillingProcessModel
mars 06, 2025 5:18:17 PM com.invoicegenerator.views.FileSelectorView <init>
INFO: Initialisation de FileSelectorView sans modèle source
mars 06, 2025 5:18:17 PM com.invoicegenerator.services.ParametresService <init>
INFO: ParametresService initialisé avec le fichier : C:\Users\daniel.lorenzi\parametres.json
mars 06, 2025 5:18:17 PM com.invoicegenerator.modeles.ParametersModel <init>
INFO: Création d'une nouvelle instance de ParametersModel avec valeurs par défaut
mars 06, 2025 5:18:17 PM com.invoicegenerator.services.ParametresService chargerParametres
INFO: Paramètres chargés avec succès depuis le fichier : C:\Users\daniel.lorenzi\parametres.json
mars 06, 2025 5:18:17 PM com.invoicegenerator.views.FileSelectorView start
INFO: Démarrage de l'interface FileSelectorView
mars 06, 2025 5:18:18 PM com.invoicegenerator.views.FileSelectorView start
INFO: Interface FileSelectorView affichée avec succès
mars 06, 2025 5:18:18 PM com.invoicegenerator.Main start
INFO: FileSelectorView initialisé avec succès
mars 06, 2025 5:19:48 PM com.invoicegenerator.Main configureLogging
INFO: Configuration de logging chargée avec succès
mars 06, 2025 5:19:48 PM com.invoicegenerator.Main writeAdHocLog
INFO: Erreur enregistrée dans le fichier : C:\Users\daniel.lorenzi\invoice_generator_error_log.txt
mars 06, 2025 5:19:48 PM com.invoicegenerator.Main main
INFO: Lancement de l'application JavaFX
mars 06, 2025 5:19:48 PM com.invoicegenerator.Main start
INFO: Démarrage de l'application depuis : C:\Users\daniel.lorenzi\eclipse-workspace\InvoiceGenerator
mars 06, 2025 5:19:48 PM com.invoicegenerator.modeles.ParametersModel <init>
INFO: Création d'une nouvelle instance de ParametersModel avec valeurs par défaut
mars 06, 2025 5:19:48 PM com.invoicegenerator.modeles.BillingProcessModel <init>
INFO: Création d'une nouvelle instance de BillingProcessModel
mars 06, 2025 5:19:48 PM com.invoicegenerator.views.FileSelectorView <init>
INFO: Initialisation de FileSelectorView sans modèle source
mars 06, 2025 5:19:48 PM com.invoicegenerator.services.ParametresService <init>
INFO: ParametresService initialisé avec le fichier : C:\Users\daniel.lorenzi\parametres.json
mars 06, 2025 5:19:48 PM com.invoicegenerator.modeles.ParametersModel <init>
INFO: Création d'une nouvelle instance de ParametersModel avec valeurs par défaut
mars 06, 2025 5:19:48 PM com.invoicegenerator.services.ParametresService chargerParametres
INFO: Paramètres chargés avec succès depuis le fichier : C:\Users\daniel.lorenzi\parametres.json
mars 06, 2025 5:19:48 PM com.invoicegenerator.views.FileSelectorView start
INFO: Démarrage de l'interface FileSelectorView
mars 06, 2025 5:19:48 PM com.invoicegenerator.views.FileSelectorView start
INFO: Interface FileSelectorView affichée avec succès
mars 06, 2025 5:19:48 PM com.invoicegenerator.Main start
INFO: FileSelectorView initialisé avec succès
mars 06, 2025 5:19:48 PM com.invoicegenerator.Main logTheLogs
INFO: Indique l'emplacement des logs dans les logs ad hoc
mars 06, 2025 5:19:48 PM com.invoicegenerator.Main writeAdHocLog
INFO: Erreur enregistrée dans le fichier : C:\Users\daniel.lorenzi\invoice_generator_error_log.txt
mars 06, 2025 5:19:48 PM com.invoicegenerator.Main writeAdHocLog
INFO: Erreur enregistrée dans le fichier : C:\Users\daniel.lorenzi\invoice_generator_error_log.txt
mars 06, 2025 5:21:57 PM com.invoicegenerator.Main configureLogging
INFO: Configuration de logging chargée avec succès
mars 06, 2025 5:21:57 PM com.invoicegenerator.Main writeAdHocLog
INFO: Erreur enregistrée dans le fichier : C:\Users\daniel.lorenzi\invoice_generator_error_log.txt
mars 06, 2025 5:21:57 PM com.invoicegenerator.Main logTheLogs
INFO: Indique l'emplacement des logs dans les logs ad hoc
mars 06, 2025 5:21:57 PM com.invoicegenerator.Main writeAdHocLog
INFO: Erreur enregistrée dans le fichier : C:\Users\daniel.lorenzi\invoice_generator_error_log.txt
mars 06, 2025 5:21:57 PM com.invoicegenerator.Main writeAdHocLog
INFO: Erreur enregistrée dans le fichier : C:\Users\daniel.lorenzi\invoice_generator_error_log.txt
mars 06, 2025 5:21:57 PM com.invoicegenerator.Main main
INFO: Lancement de l'application JavaFX
mars 06, 2025 5:21:57 PM com.invoicegenerator.Main start
INFO: Démarrage de l'application depuis : C:\Users\daniel.lorenzi\eclipse-workspace\InvoiceGenerator
mars 06, 2025 5:21:57 PM com.invoicegenerator.modeles.ParametersModel <init>
INFO: Création d'une nouvelle instance de ParametersModel avec valeurs par défaut
mars 06, 2025 5:21:57 PM com.invoicegenerator.modeles.BillingProcessModel <init>
INFO: Création d'une nouvelle instance de BillingProcessModel
mars 06, 2025 5:21:57 PM com.invoicegenerator.views.FileSelectorView <init>
INFO: Initialisation de FileSelectorView sans modèle source
mars 06, 2025 5:21:57 PM com.invoicegenerator.services.ParametresService <init>
INFO: ParametresService initialisé avec le fichier : C:\Users\daniel.lorenzi\parametres.json
mars 06, 2025 5:21:57 PM com.invoicegenerator.modeles.ParametersModel <init>
INFO: Création d'une nouvelle instance de ParametersModel avec valeurs par défaut
mars 06, 2025 5:21:57 PM com.invoicegenerator.services.ParametresService chargerParametres
INFO: Paramètres chargés avec succès depuis le fichier : C:\Users\daniel.lorenzi\parametres.json
mars 06, 2025 5:21:57 PM com.invoicegenerator.views.FileSelectorView start
INFO: Démarrage de l'interface FileSelectorView
mars 06, 2025 5:21:58 PM com.invoicegenerator.views.FileSelectorView start
INFO: Interface FileSelectorView affichée avec succès
mars 06, 2025 5:21:58 PM com.invoicegenerator.Main start
INFO: FileSelectorView initialisé avec succès
mars 06, 2025 5:27:55 PM com.invoicegenerator.Main configureLogging
INFO: Configuration de logging chargée avec succès
mars 06, 2025 5:27:55 PM com.invoicegenerator.Main writeAdHocLog
INFO: Erreur enregistrée dans le fichier : C:\Users\daniel.lorenzi\invoice_generator_error_log.txt
mars 06, 2025 5:27:55 PM com.invoicegenerator.Main logTheLogs
INFO: Vérification de l'emplacement des logs
mars 06, 2025 5:27:55 PM com.invoicegenerator.Main writeAdHocLog
INFO: Erreur enregistrée dans le fichier : C:\Users\daniel.lorenzi\invoice_generator_error_log.txt
mars 06, 2025 5:27:55 PM com.invoicegenerator.Main logTheLogs
INFO: Pattern de log non défini. Utilisation du chemin par défaut : C:\Users\daniel.lorenzi\eclipse-workspace\InvoiceGenerator\logs
mars 06, 2025 5:27:55 PM com.invoicegenerator.Main writeAdHocLog
INFO: Erreur enregistrée dans le fichier : C:\Users\daniel.lorenzi\invoice_generator_error_log.txt
mars 06, 2025 5:27:55 PM com.invoicegenerator.Main main
INFO: Lancement de l'application JavaFX
mars 06, 2025 5:27:55 PM com.invoicegenerator.Main start
INFO: Démarrage de l'application depuis : C:\Users\daniel.lorenzi\eclipse-workspace\InvoiceGenerator
mars 06, 2025 5:27:56 PM com.invoicegenerator.modeles.ParametersModel <init>
INFO: Création d'une nouvelle instance de ParametersModel avec valeurs par défaut
mars 06, 2025 5:27:56 PM com.invoicegenerator.modeles.BillingProcessModel <init>
INFO: Création d'une nouvelle instance de BillingProcessModel
mars 06, 2025 5:27:56 PM com.invoicegenerator.views.FileSelectorView <init>
INFO: Initialisation de FileSelectorView sans modèle source
mars 06, 2025 5:27:56 PM com.invoicegenerator.services.ParametresService <init>
INFO: ParametresService initialisé avec le fichier : C:\Users\daniel.lorenzi\parametres.json
mars 06, 2025 5:27:56 PM com.invoicegenerator.modeles.ParametersModel <init>
INFO: Création d'une nouvelle instance de ParametersModel avec valeurs par défaut
mars 06, 2025 5:27:56 PM com.invoicegenerator.services.ParametresService chargerParametres
INFO: Paramètres chargés avec succès depuis le fichier : C:\Users\daniel.lorenzi\parametres.json
mars 06, 2025 5:27:56 PM com.invoicegenerator.views.FileSelectorView start
INFO: Démarrage de l'interface FileSelectorView
mars 06, 2025 5:27:56 PM com.invoicegenerator.views.FileSelectorView start
INFO: Interface FileSelectorView affichée avec succès
mars 06, 2025 5:27:56 PM com.invoicegenerator.Main start
INFO: FileSelectorView initialisé avec succès
mars 06, 2025 7:02:43 PM com.invoicegenerator.Main configureLogging
INFO: Configuration de logging chargée avec succès
mars 06, 2025 7:02:43 PM com.invoicegenerator.Main writeAdHocLog
INFO: Erreur enregistrée dans le fichier : C:\Users\daniel.lorenzi\invoice_generator_error_log.txt
mars 06, 2025 7:02:43 PM com.invoicegenerator.Main logTheLogs
INFO: Vérification de l'emplacement des logs
mars 06, 2025 7:02:43 PM com.invoicegenerator.Main writeAdHocLog
INFO: Erreur enregistrée dans le fichier : C:\Users\daniel.lorenzi\invoice_generator_error_log.txt
mars 06, 2025 7:02:43 PM com.invoicegenerator.Main logTheLogs
INFO: Pattern de log non défini. Utilisation du chemin par défaut : C:\Users\daniel.lorenzi\eclipse-workspace\InvoiceGenerator\logs
mars 06, 2025 7:02:43 PM com.invoicegenerator.Main writeAdHocLog
INFO: Erreur enregistrée dans le fichier : C:\Users\daniel.lorenzi\invoice_generator_error_log.txt
mars 06, 2025 7:02:43 PM com.invoicegenerator.Main main
INFO: Lancement de l'application JavaFX
mars 06, 2025 7:02:43 PM com.invoicegenerator.Main start
INFO: Démarrage de l'application depuis : C:\Users\daniel.lorenzi\eclipse-workspace\InvoiceGenerator
mars 06, 2025 7:02:43 PM com.invoicegenerator.modeles.ParametersModel <init>
INFO: Création d'une nouvelle instance de ParametersModel avec valeurs par défaut
mars 06, 2025 7:02:43 PM com.invoicegenerator.modeles.BillingProcessModel <init>
INFO: Création d'une nouvelle instance de BillingProcessModel
mars 06, 2025 7:02:43 PM com.invoicegenerator.views.FileSelectorView <init>
INFO: Initialisation de FileSelectorView sans modèle source
mars 06, 2025 7:02:43 PM com.invoicegenerator.services.ParametresService <init>
INFO: ParametresService initialisé avec le fichier : C:\Users\daniel.lorenzi\parametres.json
mars 06, 2025 7:02:43 PM com.invoicegenerator.modeles.ParametersModel <init>
INFO: Création d'une nouvelle instance de ParametersModel avec valeurs par défaut
mars 06, 2025 7:02:43 PM com.invoicegenerator.services.ParametresService chargerParametres
INFO: Paramètres chargés avec succès depuis le fichier : C:\Users\daniel.lorenzi\parametres.json
mars 06, 2025 7:02:43 PM com.invoicegenerator.views.FileSelectorView start
INFO: Démarrage de l'interface FileSelectorView
mars 06, 2025 7:02:43 PM com.invoicegenerator.views.FileSelectorView start
INFO: Interface FileSelectorView affichée avec succès
mars 06, 2025 7:02:43 PM com.invoicegenerator.Main start
INFO: FileSelectorView initialisé avec succès
