mars 01, 2025 7:09:17 PM com.invoicegenerator.modeles.UoAmountModel getTotalHT
FINE: Récupération du montant total HT : 8 862,72
mars 01, 2025 7:09:17 PM com.invoicegenerator.modeles.UoAmountModel getTotalTTC
FINE: Récupération du montant total TTC : 10 635,264
mars 01, 2025 7:09:17 PM com.invoicegenerator.modeles.UoAmountModel getNumber
FINE: Récupération de la quantité : 17
mars 01, 2025 7:09:17 PM com.invoicegenerator.modeles.UoAmountModel getTotalHT
FINE: Récupération du montant total HT : 12 555,52
mars 01, 2025 7:09:17 PM com.invoicegenerator.modeles.UoAmountModel getTotalTTC
FINE: Récupération du montant total TTC : 15 066,624
mars 01, 2025 7:09:17 PM com.invoicegenerator.modeles.UoAmountModel getNumber
FINE: Récupération de la quantité : 5
mars 01, 2025 7:09:17 PM com.invoicegenerator.modeles.UoAmountModel getTotalHT
FINE: Récupération du montant total HT : 3 692,8
mars 01, 2025 7:09:17 PM com.invoicegenerator.modeles.UoAmountModel getTotalTTC
FINE: Récupération du montant total TTC : 4 431,36
mars 01, 2025 7:09:17 PM com.invoicegenerator.modeles.UoAmountModel getTotalHT
FINE: Récupération du montant total HT : 8 862,72
mars 01, 2025 7:09:17 PM com.invoicegenerator.modeles.UoAmountModel getNumber
FINE: Récupération de la quantité : 12
mars 01, 2025 7:09:17 PM com.invoicegenerator.modeles.UoAmountModel getTotalHT
FINE: Récupération du montant total HT : 26 185,44
mars 01, 2025 7:09:17 PM com.invoicegenerator.modeles.UoAmountModel getTotalTTC
FINE: Récupération du montant total TTC : 31 422,528
mars 01, 2025 7:09:17 PM com.invoicegenerator.modeles.UoAmountModel getNumber
FINE: Récupération de la quantité : 17
mars 01, 2025 7:09:17 PM com.invoicegenerator.modeles.UoAmountModel getTotalHT
FINE: Récupération du montant total HT : 37 096,04
mars 01, 2025 7:09:17 PM com.invoicegenerator.modeles.UoAmountModel getTotalTTC
FINE: Récupération du montant total TTC : 44 515,248
mars 01, 2025 7:09:17 PM com.invoicegenerator.modeles.UoAmountModel getNumber
FINE: Récupération de la quantité : 5
mars 01, 2025 7:09:17 PM com.invoicegenerator.modeles.UoAmountModel getTotalHT
FINE: Récupération du montant total HT : 10 910,6
mars 01, 2025 7:09:17 PM com.invoicegenerator.modeles.UoAmountModel getTotalTTC
FINE: Récupération du montant total TTC : 13 092,72
mars 01, 2025 7:09:17 PM com.invoicegenerator.modeles.UoAmountModel getTotalHT
FINE: Récupération du montant total HT : 26 185,44
mars 01, 2025 7:09:17 PM com.invoicegenerator.modeles.UoAmountModel getNumber
FINE: Récupération de la quantité : 2
mars 01, 2025 7:09:17 PM com.invoicegenerator.modeles.UoAmountModel getTotalHT
FINE: Récupération du montant total HT : 7 385,64
mars 01, 2025 7:09:17 PM com.invoicegenerator.modeles.UoAmountModel getTotalTTC
FINE: Récupération du montant total TTC : 8 862,768
mars 01, 2025 7:09:17 PM com.invoicegenerator.modeles.UoAmountModel getNumber
FINE: Récupération de la quantité : 13
mars 01, 2025 7:09:17 PM com.invoicegenerator.modeles.UoAmountModel getTotalHT
FINE: Récupération du montant total HT : 48 006,66
mars 01, 2025 7:09:17 PM com.invoicegenerator.modeles.UoAmountModel getTotalTTC
FINE: Récupération du montant total TTC : 57 607,992
mars 01, 2025 7:09:17 PM com.invoicegenerator.modeles.UoAmountModel getNumber
FINE: Récupération de la quantité : 11
mars 01, 2025 7:09:17 PM com.invoicegenerator.modeles.UoAmountModel getTotalHT
FINE: Récupération du montant total HT : 40 621,02
mars 01, 2025 7:09:17 PM com.invoicegenerator.modeles.UoAmountModel getTotalTTC
FINE: Récupération du montant total TTC : 48 745,224
mars 01, 2025 7:09:17 PM com.invoicegenerator.modeles.UoAmountModel getTotalHT
FINE: Récupération du montant total HT : 7 385,64
mars 01, 2025 7:09:17 PM com.invoicegenerator.modeles.UoAmountModel getNumber
FINE: Récupération de la quantité : 12
mars 01, 2025 7:09:17 PM com.invoicegenerator.modeles.UoAmountModel getTotalHT
FINE: Récupération du montant total HT : 8 862,72
mars 01, 2025 7:09:17 PM com.invoicegenerator.modeles.UoAmountModel getTotalTTC
FINE: Récupération du montant total TTC : 10 635,264
mars 01, 2025 7:09:17 PM com.invoicegenerator.modeles.UoAmountModel getNumber
FINE: Récupération de la quantité : 17
mars 01, 2025 7:09:17 PM com.invoicegenerator.modeles.UoAmountModel getTotalHT
FINE: Récupération du montant total HT : 12 555,52
mars 01, 2025 7:09:17 PM com.invoicegenerator.modeles.UoAmountModel getTotalTTC
FINE: Récupération du montant total TTC : 15 066,624
mars 01, 2025 7:09:17 PM com.invoicegenerator.modeles.UoAmountModel getNumber
FINE: Récupération de la quantité : 5
mars 01, 2025 7:09:17 PM com.invoicegenerator.modeles.UoAmountModel getTotalHT
FINE: Récupération du montant total HT : 3 692,8
mars 01, 2025 7:09:17 PM com.invoicegenerator.modeles.UoAmountModel getTotalTTC
FINE: Récupération du montant total TTC : 4 431,36
mars 01, 2025 7:09:17 PM com.invoicegenerator.modeles.UoAmountModel getTotalTTC
FINE: Récupération du montant total TTC : 10 635,264
mars 01, 2025 7:09:17 PM com.invoicegenerator.modeles.UoAmountModel getNumber
FINE: Récupération de la quantité : 12
mars 01, 2025 7:09:17 PM com.invoicegenerator.modeles.UoAmountModel getTotalHT
FINE: Récupération du montant total HT : 26 185,44
mars 01, 2025 7:09:17 PM com.invoicegenerator.modeles.UoAmountModel getTotalTTC
FINE: Récupération du montant total TTC : 31 422,528
mars 01, 2025 7:09:17 PM com.invoicegenerator.modeles.UoAmountModel getNumber
FINE: Récupération de la quantité : 17
mars 01, 2025 7:09:17 PM com.invoicegenerator.modeles.UoAmountModel getTotalHT
FINE: Récupération du montant total HT : 37 096,04
mars 01, 2025 7:09:17 PM com.invoicegenerator.modeles.UoAmountModel getTotalTTC
FINE: Récupération du montant total TTC : 44 515,248
mars 01, 2025 7:09:17 PM com.invoicegenerator.modeles.UoAmountModel getNumber
FINE: Récupération de la quantité : 5
mars 01, 2025 7:09:17 PM com.invoicegenerator.modeles.UoAmountModel getTotalHT
FINE: Récupération du montant total HT : 10 910,6
mars 01, 2025 7:09:17 PM com.invoicegenerator.modeles.UoAmountModel getTotalTTC
FINE: Récupération du montant total TTC : 13 092,72
mars 01, 2025 7:09:17 PM com.invoicegenerator.modeles.UoAmountModel getTotalTTC
FINE: Récupération du montant total TTC : 31 422,528
mars 01, 2025 7:09:17 PM com.invoicegenerator.modeles.UoAmountModel getNumber
FINE: Récupération de la quantité : 2
mars 01, 2025 7:09:17 PM com.invoicegenerator.modeles.UoAmountModel getTotalHT
FINE: Récupération du montant total HT : 7 385,64
mars 01, 2025 7:09:17 PM com.invoicegenerator.modeles.UoAmountModel getTotalTTC
FINE: Récupération du montant total TTC : 8 862,768
mars 01, 2025 7:09:17 PM com.invoicegenerator.modeles.UoAmountModel getNumber
FINE: Récupération de la quantité : 13
mars 01, 2025 7:09:17 PM com.invoicegenerator.modeles.UoAmountModel getTotalHT
FINE: Récupération du montant total HT : 48 006,66
mars 01, 2025 7:09:17 PM com.invoicegenerator.modeles.UoAmountModel getTotalTTC
FINE: Récupération du montant total TTC : 57 607,992
mars 01, 2025 7:09:17 PM com.invoicegenerator.modeles.UoAmountModel getNumber
FINE: Récupération de la quantité : 11
mars 01, 2025 7:09:17 PM com.invoicegenerator.modeles.UoAmountModel getTotalHT
FINE: Récupération du montant total HT : 40 621,02
mars 01, 2025 7:09:17 PM com.invoicegenerator.modeles.UoAmountModel getTotalTTC
FINE: Récupération du montant total TTC : 48 745,224
mars 01, 2025 7:09:17 PM com.invoicegenerator.modeles.UoAmountModel getTotalTTC
FINE: Récupération du montant total TTC : 8 862,768
mars 01, 2025 7:09:17 PM com.invoicegenerator.modeles.UoAmountModel getNumber
FINE: Récupération de la quantité : 12
mars 01, 2025 7:09:17 PM com.invoicegenerator.modeles.UoAmountModel getTotalHT
FINE: Récupération du montant total HT : 8 862,72
mars 01, 2025 7:09:17 PM com.invoicegenerator.modeles.UoAmountModel getTotalTTC
FINE: Récupération du montant total TTC : 10 635,264
mars 01, 2025 7:09:17 PM com.invoicegenerator.modeles.UoAmountModel getNumber
FINE: Récupération de la quantité : 17
mars 01, 2025 7:09:17 PM com.invoicegenerator.modeles.UoAmountModel getTotalHT
FINE: Récupération du montant total HT : 12 555,52
mars 01, 2025 7:09:17 PM com.invoicegenerator.modeles.UoAmountModel getTotalTTC
FINE: Récupération du montant total TTC : 15 066,624
mars 01, 2025 7:09:17 PM com.invoicegenerator.modeles.UoAmountModel getNumber
FINE: Récupération de la quantité : 5
mars 01, 2025 7:09:17 PM com.invoicegenerator.modeles.UoAmountModel getTotalHT
FINE: Récupération du montant total HT : 3 692,8
mars 01, 2025 7:09:17 PM com.invoicegenerator.modeles.UoAmountModel getTotalTTC
FINE: Récupération du montant total TTC : 4 431,36
mars 01, 2025 7:09:17 PM com.invoicegenerator.modeles.UoAmountModel getNumber
FINE: Récupération de la quantité : 17
mars 01, 2025 7:09:17 PM com.invoicegenerator.modeles.UoAmountModel getNumber
FINE: Récupération de la quantité : 12
mars 01, 2025 7:09:17 PM com.invoicegenerator.modeles.UoAmountModel getTotalHT
FINE: Récupération du montant total HT : 26 185,44
mars 01, 2025 7:09:17 PM com.invoicegenerator.modeles.UoAmountModel getTotalTTC
FINE: Récupération du montant total TTC : 31 422,528
mars 01, 2025 7:09:17 PM com.invoicegenerator.modeles.UoAmountModel getNumber
FINE: Récupération de la quantité : 17
mars 01, 2025 7:09:17 PM com.invoicegenerator.modeles.UoAmountModel getTotalHT
FINE: Récupération du montant total HT : 37 096,04
mars 01, 2025 7:09:17 PM com.invoicegenerator.modeles.UoAmountModel getTotalTTC
FINE: Récupération du montant total TTC : 44 515,248
mars 01, 2025 7:09:17 PM com.invoicegenerator.modeles.UoAmountModel getNumber
FINE: Récupération de la quantité : 5
mars 01, 2025 7:09:17 PM com.invoicegenerator.modeles.UoAmountModel getTotalHT
FINE: Récupération du montant total HT : 10 910,6
mars 01, 2025 7:09:17 PM com.invoicegenerator.modeles.UoAmountModel getTotalTTC
FINE: Récupération du montant total TTC : 13 092,72
mars 01, 2025 7:09:17 PM com.invoicegenerator.modeles.UoAmountModel getNumber
FINE: Récupération de la quantité : 17
mars 01, 2025 7:09:17 PM com.invoicegenerator.modeles.UoAmountModel getNumber
FINE: Récupération de la quantité : 2
mars 01, 2025 7:09:17 PM com.invoicegenerator.modeles.UoAmountModel getTotalHT
FINE: Récupération du montant total HT : 7 385,64
mars 01, 2025 7:09:17 PM com.invoicegenerator.modeles.UoAmountModel getTotalTTC
FINE: Récupération du montant total TTC : 8 862,768
mars 01, 2025 7:09:17 PM com.invoicegenerator.modeles.UoAmountModel getNumber
FINE: Récupération de la quantité : 13
mars 01, 2025 7:09:17 PM com.invoicegenerator.modeles.UoAmountModel getTotalHT
FINE: Récupération du montant total HT : 48 006,66
mars 01, 2025 7:09:17 PM com.invoicegenerator.modeles.UoAmountModel getTotalTTC
FINE: Récupération du montant total TTC : 57 607,992
mars 01, 2025 7:09:17 PM com.invoicegenerator.modeles.UoAmountModel getNumber
FINE: Récupération de la quantité : 11
mars 01, 2025 7:09:17 PM com.invoicegenerator.modeles.UoAmountModel getTotalHT
FINE: Récupération du montant total HT : 40 621,02
mars 01, 2025 7:09:17 PM com.invoicegenerator.modeles.UoAmountModel getTotalTTC
FINE: Récupération du montant total TTC : 48 745,224
mars 01, 2025 7:09:17 PM com.invoicegenerator.modeles.UoAmountModel getNumber
FINE: Récupération de la quantité : 13
mars 01, 2025 7:09:17 PM com.invoicegenerator.modeles.UoAmountModel getNumber
FINE: Récupération de la quantité : 12
mars 01, 2025 7:09:17 PM com.invoicegenerator.modeles.UoAmountModel getTotalHT
FINE: Récupération du montant total HT : 8 862,72
mars 01, 2025 7:09:17 PM com.invoicegenerator.modeles.UoAmountModel getTotalTTC
FINE: Récupération du montant total TTC : 10 635,264
mars 01, 2025 7:09:17 PM com.invoicegenerator.modeles.UoAmountModel getNumber
FINE: Récupération de la quantité : 17
mars 01, 2025 7:09:17 PM com.invoicegenerator.modeles.UoAmountModel getTotalHT
FINE: Récupération du montant total HT : 12 555,52
mars 01, 2025 7:09:17 PM com.invoicegenerator.modeles.UoAmountModel getTotalTTC
FINE: Récupération du montant total TTC : 15 066,624
mars 01, 2025 7:09:17 PM com.invoicegenerator.modeles.UoAmountModel getNumber
FINE: Récupération de la quantité : 5
mars 01, 2025 7:09:17 PM com.invoicegenerator.modeles.UoAmountModel getTotalHT
FINE: Récupération du montant total HT : 3 692,8
mars 01, 2025 7:09:17 PM com.invoicegenerator.modeles.UoAmountModel getTotalTTC
FINE: Récupération du montant total TTC : 4 431,36
mars 01, 2025 7:09:17 PM com.invoicegenerator.modeles.UoAmountModel getTotalHT
FINE: Récupération du montant total HT : 12 555,52
mars 01, 2025 7:09:17 PM com.invoicegenerator.modeles.UoAmountModel getNumber
FINE: Récupération de la quantité : 12
mars 01, 2025 7:09:17 PM com.invoicegenerator.modeles.UoAmountModel getTotalHT
FINE: Récupération du montant total HT : 26 185,44
mars 01, 2025 7:09:17 PM com.invoicegenerator.modeles.UoAmountModel getTotalTTC
FINE: Récupération du montant total TTC : 31 422,528
mars 01, 2025 7:09:17 PM com.invoicegenerator.modeles.UoAmountModel getNumber
FINE: Récupération de la quantité : 17
mars 01, 2025 7:09:17 PM com.invoicegenerator.modeles.UoAmountModel getTotalHT
FINE: Récupération du montant total HT : 37 096,04
mars 01, 2025 7:09:17 PM com.invoicegenerator.modeles.UoAmountModel getTotalTTC
FINE: Récupération du montant total TTC : 44 515,248
mars 01, 2025 7:09:17 PM com.invoicegenerator.modeles.UoAmountModel getNumber
FINE: Récupération de la quantité : 5
mars 01, 2025 7:09:17 PM com.invoicegenerator.modeles.UoAmountModel getTotalHT
FINE: Récupération du montant total HT : 10 910,6
mars 01, 2025 7:09:17 PM com.invoicegenerator.modeles.UoAmountModel getTotalTTC
FINE: Récupération du montant total TTC : 13 092,72
mars 01, 2025 7:09:17 PM com.invoicegenerator.modeles.UoAmountModel getTotalHT
FINE: Récupération du montant total HT : 37 096,04
mars 01, 2025 7:09:17 PM com.invoicegenerator.modeles.UoAmountModel getNumber
FINE: Récupération de la quantité : 2
mars 01, 2025 7:09:17 PM com.invoicegenerator.modeles.UoAmountModel getTotalHT
FINE: Récupération du montant total HT : 7 385,64
mars 01, 2025 7:09:17 PM com.invoicegenerator.modeles.UoAmountModel getTotalTTC
FINE: Récupération du montant total TTC : 8 862,768
mars 01, 2025 7:09:17 PM com.invoicegenerator.modeles.UoAmountModel getNumber
FINE: Récupération de la quantité : 13
mars 01, 2025 7:09:17 PM com.invoicegenerator.modeles.UoAmountModel getTotalHT
FINE: Récupération du montant total HT : 48 006,66
mars 01, 2025 7:09:17 PM com.invoicegenerator.modeles.UoAmountModel getTotalTTC
FINE: Récupération du montant total TTC : 57 607,992
mars 01, 2025 7:09:17 PM com.invoicegenerator.modeles.UoAmountModel getNumber
FINE: Récupération de la quantité : 11
mars 01, 2025 7:09:17 PM com.invoicegenerator.modeles.UoAmountModel getTotalHT
FINE: Récupération du montant total HT : 40 621,02
mars 01, 2025 7:09:17 PM com.invoicegenerator.modeles.UoAmountModel getTotalTTC
FINE: Récupération du montant total TTC : 48 745,224
mars 01, 2025 7:09:17 PM com.invoicegenerator.modeles.UoAmountModel getTotalHT
FINE: Récupération du montant total HT : 48 006,66
mars 01, 2025 7:09:17 PM com.invoicegenerator.modeles.UoAmountModel getNumber
FINE: Récupération de la quantité : 12
mars 01, 2025 7:09:17 PM com.invoicegenerator.modeles.UoAmountModel getTotalHT
FINE: Récupération du montant total HT : 8 862,72
mars 01, 2025 7:09:17 PM com.invoicegenerator.modeles.UoAmountModel getTotalTTC
FINE: Récupération du montant total TTC : 10 635,264
mars 01, 2025 7:09:17 PM com.invoicegenerator.modeles.UoAmountModel getNumber
FINE: Récupération de la quantité : 17
mars 01, 2025 7:09:17 PM com.invoicegenerator.modeles.UoAmountModel getTotalHT
FINE: Récupération du montant total HT : 12 555,52
mars 01, 2025 7:09:17 PM com.invoicegenerator.modeles.UoAmountModel getTotalTTC
FINE: Récupération du montant total TTC : 15 066,624
mars 01, 2025 7:09:17 PM com.invoicegenerator.modeles.UoAmountModel getNumber
FINE: Récupération de la quantité : 5
mars 01, 2025 7:09:17 PM com.invoicegenerator.modeles.UoAmountModel getTotalHT
FINE: Récupération du montant total HT : 3 692,8
mars 01, 2025 7:09:17 PM com.invoicegenerator.modeles.UoAmountModel getTotalTTC
FINE: Récupération du montant total TTC : 4 431,36
mars 01, 2025 7:09:17 PM com.invoicegenerator.modeles.UoAmountModel getTotalTTC
FINE: Récupération du montant total TTC : 15 066,624
mars 01, 2025 7:09:17 PM com.invoicegenerator.modeles.UoAmountModel getNumber
FINE: Récupération de la quantité : 12
mars 01, 2025 7:09:17 PM com.invoicegenerator.modeles.UoAmountModel getTotalHT
FINE: Récupération du montant total HT : 26 185,44
mars 01, 2025 7:09:17 PM com.invoicegenerator.modeles.UoAmountModel getTotalTTC
FINE: Récupération du montant total TTC : 31 422,528
mars 01, 2025 7:09:17 PM com.invoicegenerator.modeles.UoAmountModel getNumber
FINE: Récupération de la quantité : 17
mars 01, 2025 7:09:17 PM com.invoicegenerator.modeles.UoAmountModel getTotalHT
FINE: Récupération du montant total HT : 37 096,04
mars 01, 2025 7:09:17 PM com.invoicegenerator.modeles.UoAmountModel getTotalTTC
FINE: Récupération du montant total TTC : 44 515,248
mars 01, 2025 7:09:17 PM com.invoicegenerator.modeles.UoAmountModel getNumber
FINE: Récupération de la quantité : 5
mars 01, 2025 7:09:17 PM com.invoicegenerator.modeles.UoAmountModel getTotalHT
FINE: Récupération du montant total HT : 10 910,6
mars 01, 2025 7:09:17 PM com.invoicegenerator.modeles.UoAmountModel getTotalTTC
FINE: Récupération du montant total TTC : 13 092,72
mars 01, 2025 7:09:17 PM com.invoicegenerator.modeles.UoAmountModel getTotalTTC
FINE: Récupération du montant total TTC : 44 515,248
mars 01, 2025 7:09:17 PM com.invoicegenerator.modeles.UoAmountModel getNumber
FINE: Récupération de la quantité : 2
mars 01, 2025 7:09:17 PM com.invoicegenerator.modeles.UoAmountModel getTotalHT
FINE: Récupération du montant total HT : 7 385,64
mars 01, 2025 7:09:17 PM com.invoicegenerator.modeles.UoAmountModel getTotalTTC
FINE: Récupération du montant total TTC : 8 862,768
mars 01, 2025 7:09:17 PM com.invoicegenerator.modeles.UoAmountModel getNumber
FINE: Récupération de la quantité : 13
mars 01, 2025 7:09:17 PM com.invoicegenerator.modeles.UoAmountModel getTotalHT
FINE: Récupération du montant total HT : 48 006,66
mars 01, 2025 7:09:17 PM com.invoicegenerator.modeles.UoAmountModel getTotalTTC
FINE: Récupération du montant total TTC : 57 607,992
mars 01, 2025 7:09:17 PM com.invoicegenerator.modeles.UoAmountModel getNumber
FINE: Récupération de la quantité : 11
mars 01, 2025 7:09:17 PM com.invoicegenerator.modeles.UoAmountModel getTotalHT
FINE: Récupération du montant total HT : 40 621,02
mars 01, 2025 7:09:17 PM com.invoicegenerator.modeles.UoAmountModel getTotalTTC
FINE: Récupération du montant total TTC : 48 745,224
mars 01, 2025 7:09:17 PM com.invoicegenerator.modeles.UoAmountModel getTotalTTC
FINE: Récupération du montant total TTC : 57 607,992
mars 01, 2025 7:09:17 PM com.invoicegenerator.modeles.UoAmountModel getNumber
FINE: Récupération de la quantité : 12
mars 01, 2025 7:09:17 PM com.invoicegenerator.modeles.UoAmountModel getTotalHT
FINE: Récupération du montant total HT : 8 862,72
mars 01, 2025 7:09:17 PM com.invoicegenerator.modeles.UoAmountModel getTotalTTC
FINE: Récupération du montant total TTC : 10 635,264
mars 01, 2025 7:09:17 PM com.invoicegenerator.modeles.UoAmountModel getNumber
FINE: Récupération de la quantité : 17
mars 01, 2025 7:09:17 PM com.invoicegenerator.modeles.UoAmountModel getTotalHT
FINE: Récupération du montant total HT : 12 555,52
mars 01, 2025 7:09:17 PM com.invoicegenerator.modeles.UoAmountModel getTotalTTC
FINE: Récupération du montant total TTC : 15 066,624
mars 01, 2025 7:09:17 PM com.invoicegenerator.modeles.UoAmountModel getNumber
FINE: Récupération de la quantité : 5
mars 01, 2025 7:09:17 PM com.invoicegenerator.modeles.UoAmountModel getTotalHT
FINE: Récupération du montant total HT : 3 692,8
mars 01, 2025 7:09:17 PM com.invoicegenerator.modeles.UoAmountModel getTotalTTC
FINE: Récupération du montant total TTC : 4 431,36
mars 01, 2025 7:09:17 PM com.invoicegenerator.modeles.UoAmountModel getNumber
FINE: Récupération de la quantité : 5
mars 01, 2025 7:09:17 PM com.invoicegenerator.modeles.UoAmountModel getNumber
FINE: Récupération de la quantité : 12
mars 01, 2025 7:09:17 PM com.invoicegenerator.modeles.UoAmountModel getTotalHT
FINE: Récupération du montant total HT : 26 185,44
mars 01, 2025 7:09:17 PM com.invoicegenerator.modeles.UoAmountModel getTotalTTC
FINE: Récupération du montant total TTC : 31 422,528
mars 01, 2025 7:09:17 PM com.invoicegenerator.modeles.UoAmountModel getNumber
FINE: Récupération de la quantité : 17
mars 01, 2025 7:09:17 PM com.invoicegenerator.modeles.UoAmountModel getTotalHT
FINE: Récupération du montant total HT : 37 096,04
mars 01, 2025 7:09:17 PM com.invoicegenerator.modeles.UoAmountModel getTotalTTC
FINE: Récupération du montant total TTC : 44 515,248
mars 01, 2025 7:09:17 PM com.invoicegenerator.modeles.UoAmountModel getNumber
FINE: Récupération de la quantité : 5
mars 01, 2025 7:09:17 PM com.invoicegenerator.modeles.UoAmountModel getTotalHT
FINE: Récupération du montant total HT : 10 910,6
mars 01, 2025 7:09:17 PM com.invoicegenerator.modeles.UoAmountModel getTotalTTC
FINE: Récupération du montant total TTC : 13 092,72
mars 01, 2025 7:09:17 PM com.invoicegenerator.modeles.UoAmountModel getNumber
FINE: Récupération de la quantité : 5
mars 01, 2025 7:09:17 PM com.invoicegenerator.modeles.UoAmountModel getNumber
FINE: Récupération de la quantité : 2
mars 01, 2025 7:09:17 PM com.invoicegenerator.modeles.UoAmountModel getTotalHT
FINE: Récupération du montant total HT : 7 385,64
mars 01, 2025 7:09:17 PM com.invoicegenerator.modeles.UoAmountModel getTotalTTC
FINE: Récupération du montant total TTC : 8 862,768
mars 01, 2025 7:09:17 PM com.invoicegenerator.modeles.UoAmountModel getNumber
FINE: Récupération de la quantité : 13
mars 01, 2025 7:09:17 PM com.invoicegenerator.modeles.UoAmountModel getTotalHT
FINE: Récupération du montant total HT : 48 006,66
mars 01, 2025 7:09:17 PM com.invoicegenerator.modeles.UoAmountModel getTotalTTC
FINE: Récupération du montant total TTC : 57 607,992
mars 01, 2025 7:09:17 PM com.invoicegenerator.modeles.UoAmountModel getNumber
FINE: Récupération de la quantité : 11
mars 01, 2025 7:09:17 PM com.invoicegenerator.modeles.UoAmountModel getTotalHT
FINE: Récupération du montant total HT : 40 621,02
mars 01, 2025 7:09:17 PM com.invoicegenerator.modeles.UoAmountModel getTotalTTC
FINE: Récupération du montant total TTC : 48 745,224
mars 01, 2025 7:09:17 PM com.invoicegenerator.modeles.UoAmountModel getNumber
FINE: Récupération de la quantité : 11
mars 01, 2025 7:09:17 PM com.invoicegenerator.modeles.UoAmountModel getNumber
FINE: Récupération de la quantité : 12
mars 01, 2025 7:09:17 PM com.invoicegenerator.modeles.UoAmountModel getTotalHT
FINE: Récupération du montant total HT : 8 862,72
mars 01, 2025 7:09:17 PM com.invoicegenerator.modeles.UoAmountModel getTotalTTC
FINE: Récupération du montant total TTC : 10 635,264
mars 01, 2025 7:09:17 PM com.invoicegenerator.modeles.UoAmountModel getNumber
FINE: Récupération de la quantité : 17
mars 01, 2025 7:09:17 PM com.invoicegenerator.modeles.UoAmountModel getTotalHT
FINE: Récupération du montant total HT : 12 555,52
mars 01, 2025 7:09:17 PM com.invoicegenerator.modeles.UoAmountModel getTotalTTC
FINE: Récupération du montant total TTC : 15 066,624
mars 01, 2025 7:09:17 PM com.invoicegenerator.modeles.UoAmountModel getNumber
FINE: Récupération de la quantité : 5
mars 01, 2025 7:09:17 PM com.invoicegenerator.modeles.UoAmountModel getTotalHT
FINE: Récupération du montant total HT : 3 692,8
mars 01, 2025 7:09:17 PM com.invoicegenerator.modeles.UoAmountModel getTotalTTC
FINE: Récupération du montant total TTC : 4 431,36
mars 01, 2025 7:09:17 PM com.invoicegenerator.modeles.UoAmountModel getTotalHT
FINE: Récupération du montant total HT : 3 692,8
mars 01, 2025 7:09:17 PM com.invoicegenerator.modeles.UoAmountModel getNumber
FINE: Récupération de la quantité : 12
mars 01, 2025 7:09:17 PM com.invoicegenerator.modeles.UoAmountModel getTotalHT
FINE: Récupération du montant total HT : 26 185,44
mars 01, 2025 7:09:17 PM com.invoicegenerator.modeles.UoAmountModel getTotalTTC
FINE: Récupération du montant total TTC : 31 422,528
mars 01, 2025 7:09:17 PM com.invoicegenerator.modeles.UoAmountModel getNumber
FINE: Récupération de la quantité : 17
mars 01, 2025 7:09:17 PM com.invoicegenerator.modeles.UoAmountModel getTotalHT
FINE: Récupération du montant total HT : 37 096,04
mars 01, 2025 7:09:17 PM com.invoicegenerator.modeles.UoAmountModel getTotalTTC
FINE: Récupération du montant total TTC : 44 515,248
mars 01, 2025 7:09:17 PM com.invoicegenerator.modeles.UoAmountModel getNumber
FINE: Récupération de la quantité : 5
mars 01, 2025 7:09:17 PM com.invoicegenerator.modeles.UoAmountModel getTotalHT
FINE: Récupération du montant total HT : 10 910,6
mars 01, 2025 7:09:17 PM com.invoicegenerator.modeles.UoAmountModel getTotalTTC
FINE: Récupération du montant total TTC : 13 092,72
mars 01, 2025 7:09:17 PM com.invoicegenerator.modeles.UoAmountModel getTotalHT
FINE: Récupération du montant total HT : 10 910,6
mars 01, 2025 7:09:17 PM com.invoicegenerator.modeles.UoAmountModel getNumber
FINE: Récupération de la quantité : 2
mars 01, 2025 7:09:17 PM com.invoicegenerator.modeles.UoAmountModel getTotalHT
FINE: Récupération du montant total HT : 7 385,64
mars 01, 2025 7:09:17 PM com.invoicegenerator.modeles.UoAmountModel getTotalTTC
FINE: Récupération du montant total TTC : 8 862,768
mars 01, 2025 7:09:17 PM com.invoicegenerator.modeles.UoAmountModel getNumber
FINE: Récupération de la quantité : 13
mars 01, 2025 7:09:17 PM com.invoicegenerator.modeles.UoAmountModel getTotalHT
FINE: Récupération du montant total HT : 48 006,66
mars 01, 2025 7:09:17 PM com.invoicegenerator.modeles.UoAmountModel getTotalTTC
FINE: Récupération du montant total TTC : 57 607,992
mars 01, 2025 7:09:17 PM com.invoicegenerator.modeles.UoAmountModel getNumber
FINE: Récupération de la quantité : 11
mars 01, 2025 7:09:17 PM com.invoicegenerator.modeles.UoAmountModel getTotalHT
FINE: Récupération du montant total HT : 40 621,02
mars 01, 2025 7:09:17 PM com.invoicegenerator.modeles.UoAmountModel getTotalTTC
FINE: Récupération du montant total TTC : 48 745,224
mars 01, 2025 7:09:17 PM com.invoicegenerator.modeles.UoAmountModel getTotalHT
FINE: Récupération du montant total HT : 40 621,02
mars 01, 2025 7:09:17 PM com.invoicegenerator.modeles.UoAmountModel getNumber
FINE: Récupération de la quantité : 12
mars 01, 2025 7:09:17 PM com.invoicegenerator.modeles.UoAmountModel getTotalHT
FINE: Récupération du montant total HT : 8 862,72
mars 01, 2025 7:09:17 PM com.invoicegenerator.modeles.UoAmountModel getTotalTTC
FINE: Récupération du montant total TTC : 10 635,264
mars 01, 2025 7:09:17 PM com.invoicegenerator.modeles.UoAmountModel getNumber
FINE: Récupération de la quantité : 17
mars 01, 2025 7:09:17 PM com.invoicegenerator.modeles.UoAmountModel getTotalHT
FINE: Récupération du montant total HT : 12 555,52
mars 01, 2025 7:09:17 PM com.invoicegenerator.modeles.UoAmountModel getTotalTTC
FINE: Récupération du montant total TTC : 15 066,624
mars 01, 2025 7:09:17 PM com.invoicegenerator.modeles.UoAmountModel getNumber
FINE: Récupération de la quantité : 5
mars 01, 2025 7:09:17 PM com.invoicegenerator.modeles.UoAmountModel getTotalHT
FINE: Récupération du montant total HT : 3 692,8
mars 01, 2025 7:09:17 PM com.invoicegenerator.modeles.UoAmountModel getTotalTTC
FINE: Récupération du montant total TTC : 4 431,36
mars 01, 2025 7:09:17 PM com.invoicegenerator.modeles.UoAmountModel getTotalTTC
FINE: Récupération du montant total TTC : 4 431,36
mars 01, 2025 7:09:17 PM com.invoicegenerator.modeles.UoAmountModel getNumber
FINE: Récupération de la quantité : 12
mars 01, 2025 7:09:17 PM com.invoicegenerator.modeles.UoAmountModel getTotalHT
FINE: Récupération du montant total HT : 26 185,44
mars 01, 2025 7:09:17 PM com.invoicegenerator.modeles.UoAmountModel getTotalTTC
FINE: Récupération du montant total TTC : 31 422,528
mars 01, 2025 7:09:17 PM com.invoicegenerator.modeles.UoAmountModel getNumber
FINE: Récupération de la quantité : 17
mars 01, 2025 7:09:17 PM com.invoicegenerator.modeles.UoAmountModel getTotalHT
FINE: Récupération du montant total HT : 37 096,04
mars 01, 2025 7:09:17 PM com.invoicegenerator.modeles.UoAmountModel getTotalTTC
FINE: Récupération du montant total TTC : 44 515,248
mars 01, 2025 7:09:17 PM com.invoicegenerator.modeles.UoAmountModel getNumber
FINE: Récupération de la quantité : 5
mars 01, 2025 7:09:17 PM com.invoicegenerator.modeles.UoAmountModel getTotalHT
FINE: Récupération du montant total HT : 10 910,6
mars 01, 2025 7:09:17 PM com.invoicegenerator.modeles.UoAmountModel getTotalTTC
FINE: Récupération du montant total TTC : 13 092,72
mars 01, 2025 7:09:17 PM com.invoicegenerator.modeles.UoAmountModel getTotalTTC
FINE: Récupération du montant total TTC : 13 092,72
mars 01, 2025 7:09:17 PM com.invoicegenerator.modeles.UoAmountModel getNumber
FINE: Récupération de la quantité : 2
mars 01, 2025 7:09:17 PM com.invoicegenerator.modeles.UoAmountModel getTotalHT
FINE: Récupération du montant total HT : 7 385,64
mars 01, 2025 7:09:17 PM com.invoicegenerator.modeles.UoAmountModel getTotalTTC
FINE: Récupération du montant total TTC : 8 862,768
mars 01, 2025 7:09:17 PM com.invoicegenerator.modeles.UoAmountModel getNumber
FINE: Récupération de la quantité : 13
mars 01, 2025 7:09:17 PM com.invoicegenerator.modeles.UoAmountModel getTotalHT
FINE: Récupération du montant total HT : 48 006,66
mars 01, 2025 7:09:17 PM com.invoicegenerator.modeles.UoAmountModel getTotalTTC
FINE: Récupération du montant total TTC : 57 607,992
mars 01, 2025 7:09:17 PM com.invoicegenerator.modeles.UoAmountModel getNumber
FINE: Récupération de la quantité : 11
mars 01, 2025 7:09:17 PM com.invoicegenerator.modeles.UoAmountModel getTotalHT
FINE: Récupération du montant total HT : 40 621,02
mars 01, 2025 7:09:17 PM com.invoicegenerator.modeles.UoAmountModel getTotalTTC
FINE: Récupération du montant total TTC : 48 745,224
mars 01, 2025 7:09:17 PM com.invoicegenerator.modeles.UoAmountModel getTotalTTC
FINE: Récupération du montant total TTC : 48 745,224
mars 01, 2025 7:09:17 PM com.invoicegenerator.modeles.UoAmountModel getNumber
FINE: Récupération de la quantité : 12
mars 01, 2025 7:09:17 PM com.invoicegenerator.modeles.UoAmountModel getTotalHT
FINE: Récupération du montant total HT : 8 862,72
mars 01, 2025 7:09:17 PM com.invoicegenerator.modeles.UoAmountModel getTotalTTC
FINE: Récupération du montant total TTC : 10 635,264
mars 01, 2025 7:09:17 PM com.invoicegenerator.modeles.UoAmountModel getNumber
FINE: Récupération de la quantité : 17
mars 01, 2025 7:09:17 PM com.invoicegenerator.modeles.UoAmountModel getTotalHT
FINE: Récupération du montant total HT : 12 555,52
mars 01, 2025 7:09:17 PM com.invoicegenerator.modeles.UoAmountModel getTotalTTC
FINE: Récupération du montant total TTC : 15 066,624
mars 01, 2025 7:09:17 PM com.invoicegenerator.modeles.UoAmountModel getNumber
FINE: Récupération de la quantité : 5
mars 01, 2025 7:09:17 PM com.invoicegenerator.modeles.UoAmountModel getTotalHT
FINE: Récupération du montant total HT : 3 692,8
mars 01, 2025 7:09:17 PM com.invoicegenerator.modeles.UoAmountModel getTotalTTC
FINE: Récupération du montant total TTC : 4 431,36
mars 01, 2025 7:09:17 PM com.invoicegenerator.modeles.UoAmountModel getNumber
FINE: Récupération de la quantité : 12
mars 01, 2025 7:09:17 PM com.invoicegenerator.modeles.UoAmountModel getTotalHT
FINE: Récupération du montant total HT : 26 185,44
mars 01, 2025 7:09:17 PM com.invoicegenerator.modeles.UoAmountModel getTotalTTC
FINE: Récupération du montant total TTC : 31 422,528
mars 01, 2025 7:09:17 PM com.invoicegenerator.modeles.UoAmountModel getNumber
FINE: Récupération de la quantité : 17
mars 01, 2025 7:09:17 PM com.invoicegenerator.modeles.UoAmountModel getTotalHT
FINE: Récupération du montant total HT : 37 096,04
mars 01, 2025 7:09:17 PM com.invoicegenerator.modeles.UoAmountModel getTotalTTC
FINE: Récupération du montant total TTC : 44 515,248
mars 01, 2025 7:09:17 PM com.invoicegenerator.modeles.UoAmountModel getNumber
FINE: Récupération de la quantité : 5
mars 01, 2025 7:09:17 PM com.invoicegenerator.modeles.UoAmountModel getTotalHT
FINE: Récupération du montant total HT : 10 910,6
mars 01, 2025 7:09:17 PM com.invoicegenerator.modeles.UoAmountModel getTotalTTC
FINE: Récupération du montant total TTC : 13 092,72
mars 01, 2025 7:09:17 PM com.invoicegenerator.modeles.UoAmountModel getNumber
FINE: Récupération de la quantité : 2
mars 01, 2025 7:09:17 PM com.invoicegenerator.modeles.UoAmountModel getTotalHT
FINE: Récupération du montant total HT : 7 385,64
mars 01, 2025 7:09:17 PM com.invoicegenerator.modeles.UoAmountModel getTotalTTC
FINE: Récupération du montant total TTC : 8 862,768
mars 01, 2025 7:09:17 PM com.invoicegenerator.modeles.UoAmountModel getNumber
FINE: Récupération de la quantité : 13
mars 01, 2025 7:09:17 PM com.invoicegenerator.modeles.UoAmountModel getTotalHT
FINE: Récupération du montant total HT : 48 006,66
mars 01, 2025 7:09:17 PM com.invoicegenerator.modeles.UoAmountModel getTotalTTC
FINE: Récupération du montant total TTC : 57 607,992
mars 01, 2025 7:09:17 PM com.invoicegenerator.modeles.UoAmountModel getNumber
FINE: Récupération de la quantité : 11
mars 01, 2025 7:09:17 PM com.invoicegenerator.modeles.UoAmountModel getTotalHT
FINE: Récupération du montant total HT : 40 621,02
mars 01, 2025 7:09:17 PM com.invoicegenerator.modeles.UoAmountModel getTotalTTC
FINE: Récupération du montant total TTC : 48 745,224
mars 01, 2025 7:09:20 PM com.invoicegenerator.views.CommandesView lambda$start$13
FINE: Sélection changée dans fileTable : Architecte applicatif-CGI-PVRECEP-4.xlsx -> Architecte applicatif-CGI-PVRECEP-2.xlsx
mars 01, 2025 7:09:20 PM com.invoicegenerator.modeles.UoAmountModel getNumber
FINE: Récupération de la quantité : 3
mars 01, 2025 7:09:20 PM com.invoicegenerator.modeles.UoAmountModel getTotalHT
FINE: Récupération du montant total HT : 2 215,68
mars 01, 2025 7:09:20 PM com.invoicegenerator.modeles.UoAmountModel getTotalTTC
FINE: Récupération du montant total TTC : 2 658,816
mars 01, 2025 7:09:20 PM com.invoicegenerator.modeles.UoAmountModel getNumber
FINE: Récupération de la quantité : 8
mars 01, 2025 7:09:20 PM com.invoicegenerator.modeles.UoAmountModel getTotalHT
FINE: Récupération du montant total HT : 5 908,48
mars 01, 2025 7:09:20 PM com.invoicegenerator.modeles.UoAmountModel getTotalTTC
FINE: Récupération du montant total TTC : 7 090,176
mars 01, 2025 7:09:20 PM com.invoicegenerator.modeles.UoAmountModel getNumber
FINE: Récupération de la quantité : 5
mars 01, 2025 7:09:20 PM com.invoicegenerator.modeles.UoAmountModel getTotalHT
FINE: Récupération du montant total HT : 3 692,8
mars 01, 2025 7:09:20 PM com.invoicegenerator.modeles.UoAmountModel getTotalTTC
FINE: Récupération du montant total TTC : 4 431,36
mars 01, 2025 7:09:20 PM com.invoicegenerator.modeles.UoAmountModel getNumber
FINE: Récupération de la quantité : 2
mars 01, 2025 7:09:20 PM com.invoicegenerator.modeles.UoAmountModel getTotalHT
FINE: Récupération du montant total HT : 4 364,24
mars 01, 2025 7:09:20 PM com.invoicegenerator.modeles.UoAmountModel getTotalTTC
FINE: Récupération du montant total TTC : 5 237,088
mars 01, 2025 7:09:20 PM com.invoicegenerator.modeles.UoAmountModel getNumber
FINE: Récupération de la quantité : 6
mars 01, 2025 7:09:20 PM com.invoicegenerator.modeles.UoAmountModel getTotalHT
FINE: Récupération du montant total HT : 13 092,72
mars 01, 2025 7:09:20 PM com.invoicegenerator.modeles.UoAmountModel getTotalTTC
FINE: Récupération du montant total TTC : 15 711,264
mars 01, 2025 7:09:20 PM com.invoicegenerator.modeles.UoAmountModel getNumber
FINE: Récupération de la quantité : 5
mars 01, 2025 7:09:20 PM com.invoicegenerator.modeles.UoAmountModel getTotalHT
FINE: Récupération du montant total HT : 10 910,6
mars 01, 2025 7:09:20 PM com.invoicegenerator.modeles.UoAmountModel getTotalTTC
FINE: Récupération du montant total TTC : 13 092,72
mars 01, 2025 7:09:20 PM com.invoicegenerator.modeles.UoAmountModel getNumber
FINE: Récupération de la quantité : 2
mars 01, 2025 7:09:20 PM com.invoicegenerator.modeles.UoAmountModel getTotalHT
FINE: Récupération du montant total HT : 4 364,24
mars 01, 2025 7:09:20 PM com.invoicegenerator.modeles.UoAmountModel getTotalTTC
FINE: Récupération du montant total TTC : 5 237,088
mars 01, 2025 7:09:20 PM com.invoicegenerator.modeles.UoAmountModel getNumber
FINE: Récupération de la quantité : 6
mars 01, 2025 7:09:20 PM com.invoicegenerator.modeles.UoAmountModel getTotalHT
FINE: Récupération du montant total HT : 13 092,72
mars 01, 2025 7:09:20 PM com.invoicegenerator.modeles.UoAmountModel getTotalTTC
FINE: Récupération du montant total TTC : 15 711,264
mars 01, 2025 7:09:20 PM com.invoicegenerator.modeles.UoAmountModel getNumber
FINE: Récupération de la quantité : 5
mars 01, 2025 7:09:20 PM com.invoicegenerator.modeles.UoAmountModel getTotalHT
FINE: Récupération du montant total HT : 10 910,6
mars 01, 2025 7:09:20 PM com.invoicegenerator.modeles.UoAmountModel getTotalTTC
FINE: Récupération du montant total TTC : 13 092,72
mars 01, 2025 7:09:20 PM com.invoicegenerator.modeles.UoAmountModel getNumber
FINE: Récupération de la quantité : 4
mars 01, 2025 7:09:20 PM com.invoicegenerator.modeles.UoAmountModel getTotalHT
FINE: Récupération du montant total HT : 14 771,28
mars 01, 2025 7:09:20 PM com.invoicegenerator.modeles.UoAmountModel getTotalTTC
FINE: Récupération du montant total TTC : 17 725,536
mars 01, 2025 7:09:20 PM com.invoicegenerator.modeles.UoAmountModel getNumber
FINE: Récupération de la quantité : 3
mars 01, 2025 7:09:20 PM com.invoicegenerator.modeles.UoAmountModel getTotalHT
FINE: Récupération du montant total HT : 11 078,46
mars 01, 2025 7:09:20 PM com.invoicegenerator.modeles.UoAmountModel getTotalTTC
FINE: Récupération du montant total TTC : 13 294,152
mars 01, 2025 7:09:20 PM com.invoicegenerator.modeles.UoAmountModel getNumber
FINE: Récupération de la quantité : 1
mars 01, 2025 7:09:20 PM com.invoicegenerator.modeles.UoAmountModel getTotalHT
FINE: Récupération du montant total HT : 3 692,82
mars 01, 2025 7:09:20 PM com.invoicegenerator.modeles.UoAmountModel getTotalTTC
FINE: Récupération du montant total TTC : 4 431,384
mars 01, 2025 7:09:20 PM com.invoicegenerator.modeles.UoAmountModel getNumber
FINE: Récupération de la quantité : 4
mars 01, 2025 7:09:20 PM com.invoicegenerator.modeles.UoAmountModel getTotalHT
FINE: Récupération du montant total HT : 14 771,28
mars 01, 2025 7:09:20 PM com.invoicegenerator.modeles.UoAmountModel getTotalTTC
FINE: Récupération du montant total TTC : 17 725,536
mars 01, 2025 7:09:20 PM com.invoicegenerator.modeles.UoAmountModel getNumber
FINE: Récupération de la quantité : 3
mars 01, 2025 7:09:20 PM com.invoicegenerator.modeles.UoAmountModel getTotalHT
FINE: Récupération du montant total HT : 11 078,46
mars 01, 2025 7:09:20 PM com.invoicegenerator.modeles.UoAmountModel getTotalTTC
FINE: Récupération du montant total TTC : 13 294,152
mars 01, 2025 7:09:20 PM com.invoicegenerator.modeles.UoAmountModel getNumber
FINE: Récupération de la quantité : 1
mars 01, 2025 7:09:20 PM com.invoicegenerator.modeles.UoAmountModel getTotalHT
FINE: Récupération du montant total HT : 3 692,82
mars 01, 2025 7:09:20 PM com.invoicegenerator.modeles.UoAmountModel getTotalTTC
FINE: Récupération du montant total TTC : 4 431,384
mars 01, 2025 7:09:20 PM com.invoicegenerator.modeles.UoAmountModel getNumber
FINE: Récupération de la quantité : 3
mars 01, 2025 7:09:20 PM com.invoicegenerator.modeles.UoAmountModel getTotalHT
FINE: Récupération du montant total HT : 2 215,68
mars 01, 2025 7:09:20 PM com.invoicegenerator.modeles.UoAmountModel getTotalTTC
FINE: Récupération du montant total TTC : 2 658,816
mars 01, 2025 7:09:20 PM com.invoicegenerator.modeles.UoAmountModel getNumber
FINE: Récupération de la quantité : 8
mars 01, 2025 7:09:20 PM com.invoicegenerator.modeles.UoAmountModel getTotalHT
FINE: Récupération du montant total HT : 5 908,48
mars 01, 2025 7:09:20 PM com.invoicegenerator.modeles.UoAmountModel getTotalTTC
FINE: Récupération du montant total TTC : 7 090,176
mars 01, 2025 7:09:20 PM com.invoicegenerator.modeles.UoAmountModel getNumber
FINE: Récupération de la quantité : 5
mars 01, 2025 7:09:20 PM com.invoicegenerator.modeles.UoAmountModel getTotalHT
FINE: Récupération du montant total HT : 3 692,8
mars 01, 2025 7:09:20 PM com.invoicegenerator.modeles.UoAmountModel getTotalTTC
FINE: Récupération du montant total TTC : 4 431,36
mars 01, 2025 7:09:20 PM com.invoicegenerator.modeles.UoAmountModel getNumber
FINE: Récupération de la quantité : 2
mars 01, 2025 7:09:20 PM com.invoicegenerator.modeles.UoAmountModel getTotalHT
FINE: Récupération du montant total HT : 4 364,24
mars 01, 2025 7:09:20 PM com.invoicegenerator.modeles.UoAmountModel getTotalTTC
FINE: Récupération du montant total TTC : 5 237,088
mars 01, 2025 7:09:20 PM com.invoicegenerator.modeles.UoAmountModel getNumber
FINE: Récupération de la quantité : 6
mars 01, 2025 7:09:20 PM com.invoicegenerator.modeles.UoAmountModel getTotalHT
FINE: Récupération du montant total HT : 13 092,72
mars 01, 2025 7:09:20 PM com.invoicegenerator.modeles.UoAmountModel getTotalTTC
FINE: Récupération du montant total TTC : 15 711,264
mars 01, 2025 7:09:20 PM com.invoicegenerator.modeles.UoAmountModel getNumber
FINE: Récupération de la quantité : 5
mars 01, 2025 7:09:20 PM com.invoicegenerator.modeles.UoAmountModel getTotalHT
FINE: Récupération du montant total HT : 10 910,6
mars 01, 2025 7:09:20 PM com.invoicegenerator.modeles.UoAmountModel getTotalTTC
FINE: Récupération du montant total TTC : 13 092,72
mars 01, 2025 7:09:20 PM com.invoicegenerator.modeles.UoAmountModel getNumber
FINE: Récupération de la quantité : 4
mars 01, 2025 7:09:20 PM com.invoicegenerator.modeles.UoAmountModel getTotalHT
FINE: Récupération du montant total HT : 14 771,28
mars 01, 2025 7:09:20 PM com.invoicegenerator.modeles.UoAmountModel getTotalTTC
FINE: Récupération du montant total TTC : 17 725,536
mars 01, 2025 7:09:20 PM com.invoicegenerator.modeles.UoAmountModel getNumber
FINE: Récupération de la quantité : 3
mars 01, 2025 7:09:20 PM com.invoicegenerator.modeles.UoAmountModel getTotalHT
FINE: Récupération du montant total HT : 11 078,46
mars 01, 2025 7:09:20 PM com.invoicegenerator.modeles.UoAmountModel getTotalTTC
FINE: Récupération du montant total TTC : 13 294,152
mars 01, 2025 7:09:20 PM com.invoicegenerator.modeles.UoAmountModel getNumber
FINE: Récupération de la quantité : 1
mars 01, 2025 7:09:20 PM com.invoicegenerator.modeles.UoAmountModel getTotalHT
FINE: Récupération du montant total HT : 3 692,82
mars 01, 2025 7:09:20 PM com.invoicegenerator.modeles.UoAmountModel getTotalTTC
FINE: Récupération du montant total TTC : 4 431,384
mars 01, 2025 7:09:20 PM com.invoicegenerator.modeles.UoAmountModel getNumber
FINE: Récupération de la quantité : 3
mars 01, 2025 7:09:20 PM com.invoicegenerator.modeles.UoAmountModel getTotalHT
FINE: Récupération du montant total HT : 2 215,68
mars 01, 2025 7:09:20 PM com.invoicegenerator.modeles.UoAmountModel getTotalTTC
FINE: Récupération du montant total TTC : 2 658,816
mars 01, 2025 7:09:20 PM com.invoicegenerator.modeles.UoAmountModel getNumber
FINE: Récupération de la quantité : 8
mars 01, 2025 7:09:20 PM com.invoicegenerator.modeles.UoAmountModel getTotalHT
FINE: Récupération du montant total HT : 5 908,48
mars 01, 2025 7:09:20 PM com.invoicegenerator.modeles.UoAmountModel getTotalTTC
FINE: Récupération du montant total TTC : 7 090,176
mars 01, 2025 7:09:20 PM com.invoicegenerator.modeles.UoAmountModel getNumber
FINE: Récupération de la quantité : 5
mars 01, 2025 7:09:20 PM com.invoicegenerator.modeles.UoAmountModel getTotalHT
FINE: Récupération du montant total HT : 3 692,8
mars 01, 2025 7:09:20 PM com.invoicegenerator.modeles.UoAmountModel getTotalTTC
FINE: Récupération du montant total TTC : 4 431,36
mars 01, 2025 7:09:20 PM com.invoicegenerator.modeles.UoAmountModel getNumber
FINE: Récupération de la quantité : 2
mars 01, 2025 7:09:20 PM com.invoicegenerator.modeles.UoAmountModel getTotalHT
FINE: Récupération du montant total HT : 4 364,24
mars 01, 2025 7:09:20 PM com.invoicegenerator.modeles.UoAmountModel getTotalTTC
FINE: Récupération du montant total TTC : 5 237,088
mars 01, 2025 7:09:20 PM com.invoicegenerator.modeles.UoAmountModel getNumber
FINE: Récupération de la quantité : 6
mars 01, 2025 7:09:20 PM com.invoicegenerator.modeles.UoAmountModel getTotalHT
FINE: Récupération du montant total HT : 13 092,72
mars 01, 2025 7:09:20 PM com.invoicegenerator.modeles.UoAmountModel getTotalTTC
FINE: Récupération du montant total TTC : 15 711,264
mars 01, 2025 7:09:20 PM com.invoicegenerator.modeles.UoAmountModel getNumber
FINE: Récupération de la quantité : 5
mars 01, 2025 7:09:20 PM com.invoicegenerator.modeles.UoAmountModel getTotalHT
FINE: Récupération du montant total HT : 10 910,6
mars 01, 2025 7:09:20 PM com.invoicegenerator.modeles.UoAmountModel getTotalTTC
FINE: Récupération du montant total TTC : 13 092,72
mars 01, 2025 7:09:20 PM com.invoicegenerator.modeles.UoAmountModel getNumber
FINE: Récupération de la quantité : 4
mars 01, 2025 7:09:20 PM com.invoicegenerator.modeles.UoAmountModel getTotalHT
FINE: Récupération du montant total HT : 14 771,28
mars 01, 2025 7:09:20 PM com.invoicegenerator.modeles.UoAmountModel getTotalTTC
FINE: Récupération du montant total TTC : 17 725,536
mars 01, 2025 7:09:20 PM com.invoicegenerator.modeles.UoAmountModel getNumber
FINE: Récupération de la quantité : 3
mars 01, 2025 7:09:20 PM com.invoicegenerator.modeles.UoAmountModel getTotalHT
FINE: Récupération du montant total HT : 11 078,46
mars 01, 2025 7:09:20 PM com.invoicegenerator.modeles.UoAmountModel getTotalTTC
FINE: Récupération du montant total TTC : 13 294,152
mars 01, 2025 7:09:20 PM com.invoicegenerator.modeles.UoAmountModel getNumber
FINE: Récupération de la quantité : 1
mars 01, 2025 7:09:20 PM com.invoicegenerator.modeles.UoAmountModel getTotalHT
FINE: Récupération du montant total HT : 3 692,82
mars 01, 2025 7:09:20 PM com.invoicegenerator.modeles.UoAmountModel getTotalTTC
FINE: Récupération du montant total TTC : 4 431,384
mars 01, 2025 7:09:20 PM com.invoicegenerator.modeles.UoAmountModel getNumber
FINE: Récupération de la quantité : 3
mars 01, 2025 7:09:20 PM com.invoicegenerator.modeles.UoAmountModel getTotalHT
FINE: Récupération du montant total HT : 2 215,68
mars 01, 2025 7:09:20 PM com.invoicegenerator.modeles.UoAmountModel getTotalTTC
FINE: Récupération du montant total TTC : 2 658,816
mars 01, 2025 7:09:20 PM com.invoicegenerator.modeles.UoAmountModel getNumber
FINE: Récupération de la quantité : 8
mars 01, 2025 7:09:20 PM com.invoicegenerator.modeles.UoAmountModel getTotalHT
FINE: Récupération du montant total HT : 5 908,48
mars 01, 2025 7:09:20 PM com.invoicegenerator.modeles.UoAmountModel getTotalTTC
FINE: Récupération du montant total TTC : 7 090,176
mars 01, 2025 7:09:20 PM com.invoicegenerator.modeles.UoAmountModel getNumber
FINE: Récupération de la quantité : 5
mars 01, 2025 7:09:20 PM com.invoicegenerator.modeles.UoAmountModel getTotalHT
FINE: Récupération du montant total HT : 3 692,8
mars 01, 2025 7:09:20 PM com.invoicegenerator.modeles.UoAmountModel getTotalTTC
FINE: Récupération du montant total TTC : 4 431,36
mars 01, 2025 7:09:20 PM com.invoicegenerator.modeles.UoAmountModel getNumber
FINE: Récupération de la quantité : 2
mars 01, 2025 7:09:20 PM com.invoicegenerator.modeles.UoAmountModel getTotalHT
FINE: Récupération du montant total HT : 4 364,24
mars 01, 2025 7:09:20 PM com.invoicegenerator.modeles.UoAmountModel getTotalTTC
FINE: Récupération du montant total TTC : 5 237,088
mars 01, 2025 7:09:20 PM com.invoicegenerator.modeles.UoAmountModel getNumber
FINE: Récupération de la quantité : 6
