mars 01, 2025 7:09:03 PM com.invoicegenerator.modeles.UoAmountModel getTotalHT
FINE: Récupération du montant total HT : 48 006,66
mars 01, 2025 7:09:03 PM com.invoicegenerator.modeles.UoAmountModel getTotalTTC
FINE: Récupération du montant total TTC : 57 607,992
mars 01, 2025 7:09:03 PM com.invoicegenerator.modeles.UoAmountModel getNumber
FINE: Récupération de la quantité : 11
mars 01, 2025 7:09:03 PM com.invoicegenerator.modeles.UoAmountModel getTotalHT
FINE: Récupération du montant total HT : 40 621,02
mars 01, 2025 7:09:03 PM com.invoicegenerator.modeles.UoAmountModel getTotalTTC
FINE: Récupération du montant total TTC : 48 745,224
mars 01, 2025 7:09:03 PM com.invoicegenerator.modeles.UoAmountModel getTotalTTC
FINE: Récupération du montant total TTC : 8 862,768
mars 01, 2025 7:09:03 PM com.invoicegenerator.modeles.UoAmountModel getNumber
FINE: Récupération de la quantité : 12
mars 01, 2025 7:09:03 PM com.invoicegenerator.modeles.UoAmountModel getTotalHT
FINE: Récupération du montant total HT : 8 862,72
mars 01, 2025 7:09:03 PM com.invoicegenerator.modeles.UoAmountModel getTotalTTC
FINE: Récupération du montant total TTC : 10 635,264
mars 01, 2025 7:09:03 PM com.invoicegenerator.modeles.UoAmountModel getNumber
FINE: Récupération de la quantité : 17
mars 01, 2025 7:09:03 PM com.invoicegenerator.modeles.UoAmountModel getTotalHT
FINE: Récupération du montant total HT : 12 555,52
mars 01, 2025 7:09:03 PM com.invoicegenerator.modeles.UoAmountModel getTotalTTC
FINE: Récupération du montant total TTC : 15 066,624
mars 01, 2025 7:09:03 PM com.invoicegenerator.modeles.UoAmountModel getNumber
FINE: Récupération de la quantité : 5
mars 01, 2025 7:09:03 PM com.invoicegenerator.modeles.UoAmountModel getTotalHT
FINE: Récupération du montant total HT : 3 692,8
mars 01, 2025 7:09:03 PM com.invoicegenerator.modeles.UoAmountModel getTotalTTC
FINE: Récupération du montant total TTC : 4 431,36
mars 01, 2025 7:09:03 PM com.invoicegenerator.modeles.UoAmountModel getNumber
FINE: Récupération de la quantité : 17
mars 01, 2025 7:09:03 PM com.invoicegenerator.modeles.UoAmountModel getNumber
FINE: Récupération de la quantité : 12
mars 01, 2025 7:09:03 PM com.invoicegenerator.modeles.UoAmountModel getTotalHT
FINE: Récupération du montant total HT : 26 185,44
mars 01, 2025 7:09:03 PM com.invoicegenerator.modeles.UoAmountModel getTotalTTC
FINE: Récupération du montant total TTC : 31 422,528
mars 01, 2025 7:09:03 PM com.invoicegenerator.modeles.UoAmountModel getNumber
FINE: Récupération de la quantité : 17
mars 01, 2025 7:09:03 PM com.invoicegenerator.modeles.UoAmountModel getTotalHT
FINE: Récupération du montant total HT : 37 096,04
mars 01, 2025 7:09:03 PM com.invoicegenerator.modeles.UoAmountModel getTotalTTC
FINE: Récupération du montant total TTC : 44 515,248
mars 01, 2025 7:09:03 PM com.invoicegenerator.modeles.UoAmountModel getNumber
FINE: Récupération de la quantité : 5
mars 01, 2025 7:09:03 PM com.invoicegenerator.modeles.UoAmountModel getTotalHT
FINE: Récupération du montant total HT : 10 910,6
mars 01, 2025 7:09:03 PM com.invoicegenerator.modeles.UoAmountModel getTotalTTC
FINE: Récupération du montant total TTC : 13 092,72
mars 01, 2025 7:09:03 PM com.invoicegenerator.modeles.UoAmountModel getNumber
FINE: Récupération de la quantité : 17
mars 01, 2025 7:09:03 PM com.invoicegenerator.modeles.UoAmountModel getNumber
FINE: Récupération de la quantité : 2
mars 01, 2025 7:09:03 PM com.invoicegenerator.modeles.UoAmountModel getTotalHT
FINE: Récupération du montant total HT : 7 385,64
mars 01, 2025 7:09:03 PM com.invoicegenerator.modeles.UoAmountModel getTotalTTC
FINE: Récupération du montant total TTC : 8 862,768
mars 01, 2025 7:09:03 PM com.invoicegenerator.modeles.UoAmountModel getNumber
FINE: Récupération de la quantité : 13
mars 01, 2025 7:09:03 PM com.invoicegenerator.modeles.UoAmountModel getTotalHT
FINE: Récupération du montant total HT : 48 006,66
mars 01, 2025 7:09:03 PM com.invoicegenerator.modeles.UoAmountModel getTotalTTC
FINE: Récupération du montant total TTC : 57 607,992
mars 01, 2025 7:09:03 PM com.invoicegenerator.modeles.UoAmountModel getNumber
FINE: Récupération de la quantité : 11
mars 01, 2025 7:09:03 PM com.invoicegenerator.modeles.UoAmountModel getTotalHT
FINE: Récupération du montant total HT : 40 621,02
mars 01, 2025 7:09:03 PM com.invoicegenerator.modeles.UoAmountModel getTotalTTC
FINE: Récupération du montant total TTC : 48 745,224
mars 01, 2025 7:09:03 PM com.invoicegenerator.modeles.UoAmountModel getNumber
FINE: Récupération de la quantité : 13
mars 01, 2025 7:09:03 PM com.invoicegenerator.modeles.UoAmountModel getNumber
FINE: Récupération de la quantité : 12
mars 01, 2025 7:09:03 PM com.invoicegenerator.modeles.UoAmountModel getTotalHT
FINE: Récupération du montant total HT : 8 862,72
mars 01, 2025 7:09:03 PM com.invoicegenerator.modeles.UoAmountModel getTotalTTC
FINE: Récupération du montant total TTC : 10 635,264
mars 01, 2025 7:09:03 PM com.invoicegenerator.modeles.UoAmountModel getNumber
FINE: Récupération de la quantité : 17
mars 01, 2025 7:09:03 PM com.invoicegenerator.modeles.UoAmountModel getTotalHT
FINE: Récupération du montant total HT : 12 555,52
mars 01, 2025 7:09:03 PM com.invoicegenerator.modeles.UoAmountModel getTotalTTC
FINE: Récupération du montant total TTC : 15 066,624
mars 01, 2025 7:09:03 PM com.invoicegenerator.modeles.UoAmountModel getNumber
FINE: Récupération de la quantité : 5
mars 01, 2025 7:09:03 PM com.invoicegenerator.modeles.UoAmountModel getTotalHT
FINE: Récupération du montant total HT : 3 692,8
mars 01, 2025 7:09:03 PM com.invoicegenerator.modeles.UoAmountModel getTotalTTC
FINE: Récupération du montant total TTC : 4 431,36
mars 01, 2025 7:09:03 PM com.invoicegenerator.modeles.UoAmountModel getTotalHT
FINE: Récupération du montant total HT : 12 555,52
mars 01, 2025 7:09:03 PM com.invoicegenerator.modeles.UoAmountModel getNumber
FINE: Récupération de la quantité : 12
mars 01, 2025 7:09:03 PM com.invoicegenerator.modeles.UoAmountModel getTotalHT
FINE: Récupération du montant total HT : 26 185,44
mars 01, 2025 7:09:03 PM com.invoicegenerator.modeles.UoAmountModel getTotalTTC
FINE: Récupération du montant total TTC : 31 422,528
mars 01, 2025 7:09:03 PM com.invoicegenerator.modeles.UoAmountModel getNumber
FINE: Récupération de la quantité : 17
mars 01, 2025 7:09:03 PM com.invoicegenerator.modeles.UoAmountModel getTotalHT
FINE: Récupération du montant total HT : 37 096,04
mars 01, 2025 7:09:03 PM com.invoicegenerator.modeles.UoAmountModel getTotalTTC
FINE: Récupération du montant total TTC : 44 515,248
mars 01, 2025 7:09:03 PM com.invoicegenerator.modeles.UoAmountModel getNumber
FINE: Récupération de la quantité : 5
mars 01, 2025 7:09:03 PM com.invoicegenerator.modeles.UoAmountModel getTotalHT
FINE: Récupération du montant total HT : 10 910,6
mars 01, 2025 7:09:03 PM com.invoicegenerator.modeles.UoAmountModel getTotalTTC
FINE: Récupération du montant total TTC : 13 092,72
mars 01, 2025 7:09:03 PM com.invoicegenerator.modeles.UoAmountModel getTotalHT
FINE: Récupération du montant total HT : 37 096,04
mars 01, 2025 7:09:03 PM com.invoicegenerator.modeles.UoAmountModel getNumber
FINE: Récupération de la quantité : 2
mars 01, 2025 7:09:03 PM com.invoicegenerator.modeles.UoAmountModel getTotalHT
FINE: Récupération du montant total HT : 7 385,64
mars 01, 2025 7:09:03 PM com.invoicegenerator.modeles.UoAmountModel getTotalTTC
FINE: Récupération du montant total TTC : 8 862,768
mars 01, 2025 7:09:03 PM com.invoicegenerator.modeles.UoAmountModel getNumber
FINE: Récupération de la quantité : 13
mars 01, 2025 7:09:03 PM com.invoicegenerator.modeles.UoAmountModel getTotalHT
FINE: Récupération du montant total HT : 48 006,66
mars 01, 2025 7:09:03 PM com.invoicegenerator.modeles.UoAmountModel getTotalTTC
FINE: Récupération du montant total TTC : 57 607,992
mars 01, 2025 7:09:03 PM com.invoicegenerator.modeles.UoAmountModel getNumber
FINE: Récupération de la quantité : 11
mars 01, 2025 7:09:03 PM com.invoicegenerator.modeles.UoAmountModel getTotalHT
FINE: Récupération du montant total HT : 40 621,02
mars 01, 2025 7:09:03 PM com.invoicegenerator.modeles.UoAmountModel getTotalTTC
FINE: Récupération du montant total TTC : 48 745,224
mars 01, 2025 7:09:03 PM com.invoicegenerator.modeles.UoAmountModel getTotalHT
FINE: Récupération du montant total HT : 48 006,66
mars 01, 2025 7:09:03 PM com.invoicegenerator.modeles.UoAmountModel getNumber
FINE: Récupération de la quantité : 12
mars 01, 2025 7:09:03 PM com.invoicegenerator.modeles.UoAmountModel getTotalHT
FINE: Récupération du montant total HT : 8 862,72
mars 01, 2025 7:09:03 PM com.invoicegenerator.modeles.UoAmountModel getTotalTTC
FINE: Récupération du montant total TTC : 10 635,264
mars 01, 2025 7:09:03 PM com.invoicegenerator.modeles.UoAmountModel getNumber
FINE: Récupération de la quantité : 17
mars 01, 2025 7:09:03 PM com.invoicegenerator.modeles.UoAmountModel getTotalHT
FINE: Récupération du montant total HT : 12 555,52
mars 01, 2025 7:09:03 PM com.invoicegenerator.modeles.UoAmountModel getTotalTTC
FINE: Récupération du montant total TTC : 15 066,624
mars 01, 2025 7:09:03 PM com.invoicegenerator.modeles.UoAmountModel getNumber
FINE: Récupération de la quantité : 5
mars 01, 2025 7:09:03 PM com.invoicegenerator.modeles.UoAmountModel getTotalHT
FINE: Récupération du montant total HT : 3 692,8
mars 01, 2025 7:09:03 PM com.invoicegenerator.modeles.UoAmountModel getTotalTTC
FINE: Récupération du montant total TTC : 4 431,36
mars 01, 2025 7:09:03 PM com.invoicegenerator.modeles.UoAmountModel getTotalTTC
FINE: Récupération du montant total TTC : 15 066,624
mars 01, 2025 7:09:03 PM com.invoicegenerator.modeles.UoAmountModel getNumber
FINE: Récupération de la quantité : 12
mars 01, 2025 7:09:03 PM com.invoicegenerator.modeles.UoAmountModel getTotalHT
FINE: Récupération du montant total HT : 26 185,44
mars 01, 2025 7:09:03 PM com.invoicegenerator.modeles.UoAmountModel getTotalTTC
FINE: Récupération du montant total TTC : 31 422,528
mars 01, 2025 7:09:03 PM com.invoicegenerator.modeles.UoAmountModel getNumber
FINE: Récupération de la quantité : 17
mars 01, 2025 7:09:03 PM com.invoicegenerator.modeles.UoAmountModel getTotalHT
FINE: Récupération du montant total HT : 37 096,04
mars 01, 2025 7:09:03 PM com.invoicegenerator.modeles.UoAmountModel getTotalTTC
FINE: Récupération du montant total TTC : 44 515,248
mars 01, 2025 7:09:03 PM com.invoicegenerator.modeles.UoAmountModel getNumber
FINE: Récupération de la quantité : 5
mars 01, 2025 7:09:03 PM com.invoicegenerator.modeles.UoAmountModel getTotalHT
FINE: Récupération du montant total HT : 10 910,6
mars 01, 2025 7:09:03 PM com.invoicegenerator.modeles.UoAmountModel getTotalTTC
FINE: Récupération du montant total TTC : 13 092,72
mars 01, 2025 7:09:03 PM com.invoicegenerator.modeles.UoAmountModel getTotalTTC
FINE: Récupération du montant total TTC : 44 515,248
mars 01, 2025 7:09:03 PM com.invoicegenerator.modeles.UoAmountModel getNumber
FINE: Récupération de la quantité : 2
mars 01, 2025 7:09:03 PM com.invoicegenerator.modeles.UoAmountModel getTotalHT
FINE: Récupération du montant total HT : 7 385,64
mars 01, 2025 7:09:03 PM com.invoicegenerator.modeles.UoAmountModel getTotalTTC
FINE: Récupération du montant total TTC : 8 862,768
mars 01, 2025 7:09:03 PM com.invoicegenerator.modeles.UoAmountModel getNumber
FINE: Récupération de la quantité : 13
mars 01, 2025 7:09:03 PM com.invoicegenerator.modeles.UoAmountModel getTotalHT
FINE: Récupération du montant total HT : 48 006,66
mars 01, 2025 7:09:03 PM com.invoicegenerator.modeles.UoAmountModel getTotalTTC
FINE: Récupération du montant total TTC : 57 607,992
mars 01, 2025 7:09:03 PM com.invoicegenerator.modeles.UoAmountModel getNumber
FINE: Récupération de la quantité : 11
mars 01, 2025 7:09:03 PM com.invoicegenerator.modeles.UoAmountModel getTotalHT
FINE: Récupération du montant total HT : 40 621,02
mars 01, 2025 7:09:03 PM com.invoicegenerator.modeles.UoAmountModel getTotalTTC
FINE: Récupération du montant total TTC : 48 745,224
mars 01, 2025 7:09:03 PM com.invoicegenerator.modeles.UoAmountModel getTotalTTC
FINE: Récupération du montant total TTC : 57 607,992
mars 01, 2025 7:09:03 PM com.invoicegenerator.modeles.UoAmountModel getNumber
FINE: Récupération de la quantité : 12
mars 01, 2025 7:09:03 PM com.invoicegenerator.modeles.UoAmountModel getTotalHT
FINE: Récupération du montant total HT : 8 862,72
mars 01, 2025 7:09:03 PM com.invoicegenerator.modeles.UoAmountModel getTotalTTC
FINE: Récupération du montant total TTC : 10 635,264
mars 01, 2025 7:09:03 PM com.invoicegenerator.modeles.UoAmountModel getNumber
FINE: Récupération de la quantité : 17
mars 01, 2025 7:09:03 PM com.invoicegenerator.modeles.UoAmountModel getTotalHT
FINE: Récupération du montant total HT : 12 555,52
mars 01, 2025 7:09:03 PM com.invoicegenerator.modeles.UoAmountModel getTotalTTC
FINE: Récupération du montant total TTC : 15 066,624
mars 01, 2025 7:09:03 PM com.invoicegenerator.modeles.UoAmountModel getNumber
FINE: Récupération de la quantité : 5
mars 01, 2025 7:09:03 PM com.invoicegenerator.modeles.UoAmountModel getTotalHT
FINE: Récupération du montant total HT : 3 692,8
mars 01, 2025 7:09:03 PM com.invoicegenerator.modeles.UoAmountModel getTotalTTC
FINE: Récupération du montant total TTC : 4 431,36
mars 01, 2025 7:09:03 PM com.invoicegenerator.modeles.UoAmountModel getNumber
FINE: Récupération de la quantité : 5
mars 01, 2025 7:09:03 PM com.invoicegenerator.modeles.UoAmountModel getNumber
FINE: Récupération de la quantité : 12
mars 01, 2025 7:09:03 PM com.invoicegenerator.modeles.UoAmountModel getTotalHT
FINE: Récupération du montant total HT : 26 185,44
mars 01, 2025 7:09:03 PM com.invoicegenerator.modeles.UoAmountModel getTotalTTC
FINE: Récupération du montant total TTC : 31 422,528
mars 01, 2025 7:09:03 PM com.invoicegenerator.modeles.UoAmountModel getNumber
FINE: Récupération de la quantité : 17
mars 01, 2025 7:09:03 PM com.invoicegenerator.modeles.UoAmountModel getTotalHT
FINE: Récupération du montant total HT : 37 096,04
mars 01, 2025 7:09:03 PM com.invoicegenerator.modeles.UoAmountModel getTotalTTC
FINE: Récupération du montant total TTC : 44 515,248
mars 01, 2025 7:09:03 PM com.invoicegenerator.modeles.UoAmountModel getNumber
FINE: Récupération de la quantité : 5
mars 01, 2025 7:09:03 PM com.invoicegenerator.modeles.UoAmountModel getTotalHT
FINE: Récupération du montant total HT : 10 910,6
mars 01, 2025 7:09:03 PM com.invoicegenerator.modeles.UoAmountModel getTotalTTC
FINE: Récupération du montant total TTC : 13 092,72
mars 01, 2025 7:09:03 PM com.invoicegenerator.modeles.UoAmountModel getNumber
FINE: Récupération de la quantité : 5
mars 01, 2025 7:09:03 PM com.invoicegenerator.modeles.UoAmountModel getNumber
FINE: Récupération de la quantité : 2
mars 01, 2025 7:09:03 PM com.invoicegenerator.modeles.UoAmountModel getTotalHT
FINE: Récupération du montant total HT : 7 385,64
mars 01, 2025 7:09:03 PM com.invoicegenerator.modeles.UoAmountModel getTotalTTC
FINE: Récupération du montant total TTC : 8 862,768
mars 01, 2025 7:09:03 PM com.invoicegenerator.modeles.UoAmountModel getNumber
FINE: Récupération de la quantité : 13
mars 01, 2025 7:09:03 PM com.invoicegenerator.modeles.UoAmountModel getTotalHT
FINE: Récupération du montant total HT : 48 006,66
mars 01, 2025 7:09:03 PM com.invoicegenerator.modeles.UoAmountModel getTotalTTC
FINE: Récupération du montant total TTC : 57 607,992
mars 01, 2025 7:09:03 PM com.invoicegenerator.modeles.UoAmountModel getNumber
FINE: Récupération de la quantité : 11
mars 01, 2025 7:09:03 PM com.invoicegenerator.modeles.UoAmountModel getTotalHT
FINE: Récupération du montant total HT : 40 621,02
mars 01, 2025 7:09:03 PM com.invoicegenerator.modeles.UoAmountModel getTotalTTC
FINE: Récupération du montant total TTC : 48 745,224
mars 01, 2025 7:09:03 PM com.invoicegenerator.modeles.UoAmountModel getNumber
FINE: Récupération de la quantité : 11
mars 01, 2025 7:09:03 PM com.invoicegenerator.modeles.UoAmountModel getNumber
FINE: Récupération de la quantité : 12
mars 01, 2025 7:09:03 PM com.invoicegenerator.modeles.UoAmountModel getTotalHT
FINE: Récupération du montant total HT : 8 862,72
mars 01, 2025 7:09:03 PM com.invoicegenerator.modeles.UoAmountModel getTotalTTC
FINE: Récupération du montant total TTC : 10 635,264
mars 01, 2025 7:09:03 PM com.invoicegenerator.modeles.UoAmountModel getNumber
FINE: Récupération de la quantité : 17
mars 01, 2025 7:09:03 PM com.invoicegenerator.modeles.UoAmountModel getTotalHT
FINE: Récupération du montant total HT : 12 555,52
mars 01, 2025 7:09:03 PM com.invoicegenerator.modeles.UoAmountModel getTotalTTC
FINE: Récupération du montant total TTC : 15 066,624
mars 01, 2025 7:09:03 PM com.invoicegenerator.modeles.UoAmountModel getNumber
FINE: Récupération de la quantité : 5
mars 01, 2025 7:09:03 PM com.invoicegenerator.modeles.UoAmountModel getTotalHT
FINE: Récupération du montant total HT : 3 692,8
mars 01, 2025 7:09:03 PM com.invoicegenerator.modeles.UoAmountModel getTotalTTC
FINE: Récupération du montant total TTC : 4 431,36
mars 01, 2025 7:09:03 PM com.invoicegenerator.modeles.UoAmountModel getTotalHT
FINE: Récupération du montant total HT : 3 692,8
mars 01, 2025 7:09:03 PM com.invoicegenerator.modeles.UoAmountModel getNumber
FINE: Récupération de la quantité : 12
mars 01, 2025 7:09:03 PM com.invoicegenerator.modeles.UoAmountModel getTotalHT
FINE: Récupération du montant total HT : 26 185,44
mars 01, 2025 7:09:03 PM com.invoicegenerator.modeles.UoAmountModel getTotalTTC
FINE: Récupération du montant total TTC : 31 422,528
mars 01, 2025 7:09:03 PM com.invoicegenerator.modeles.UoAmountModel getNumber
FINE: Récupération de la quantité : 17
mars 01, 2025 7:09:03 PM com.invoicegenerator.modeles.UoAmountModel getTotalHT
FINE: Récupération du montant total HT : 37 096,04
mars 01, 2025 7:09:03 PM com.invoicegenerator.modeles.UoAmountModel getTotalTTC
FINE: Récupération du montant total TTC : 44 515,248
mars 01, 2025 7:09:03 PM com.invoicegenerator.modeles.UoAmountModel getNumber
FINE: Récupération de la quantité : 5
mars 01, 2025 7:09:03 PM com.invoicegenerator.modeles.UoAmountModel getTotalHT
FINE: Récupération du montant total HT : 10 910,6
mars 01, 2025 7:09:03 PM com.invoicegenerator.modeles.UoAmountModel getTotalTTC
FINE: Récupération du montant total TTC : 13 092,72
mars 01, 2025 7:09:03 PM com.invoicegenerator.modeles.UoAmountModel getTotalHT
FINE: Récupération du montant total HT : 10 910,6
mars 01, 2025 7:09:03 PM com.invoicegenerator.modeles.UoAmountModel getNumber
FINE: Récupération de la quantité : 2
mars 01, 2025 7:09:03 PM com.invoicegenerator.modeles.UoAmountModel getTotalHT
FINE: Récupération du montant total HT : 7 385,64
mars 01, 2025 7:09:03 PM com.invoicegenerator.modeles.UoAmountModel getTotalTTC
FINE: Récupération du montant total TTC : 8 862,768
mars 01, 2025 7:09:03 PM com.invoicegenerator.modeles.UoAmountModel getNumber
FINE: Récupération de la quantité : 13
mars 01, 2025 7:09:03 PM com.invoicegenerator.modeles.UoAmountModel getTotalHT
FINE: Récupération du montant total HT : 48 006,66
mars 01, 2025 7:09:03 PM com.invoicegenerator.modeles.UoAmountModel getTotalTTC
FINE: Récupération du montant total TTC : 57 607,992
mars 01, 2025 7:09:03 PM com.invoicegenerator.modeles.UoAmountModel getNumber
FINE: Récupération de la quantité : 11
mars 01, 2025 7:09:03 PM com.invoicegenerator.modeles.UoAmountModel getTotalHT
FINE: Récupération du montant total HT : 40 621,02
mars 01, 2025 7:09:03 PM com.invoicegenerator.modeles.UoAmountModel getTotalTTC
FINE: Récupération du montant total TTC : 48 745,224
mars 01, 2025 7:09:03 PM com.invoicegenerator.modeles.UoAmountModel getTotalHT
FINE: Récupération du montant total HT : 40 621,02
mars 01, 2025 7:09:03 PM com.invoicegenerator.modeles.UoAmountModel getNumber
FINE: Récupération de la quantité : 12
mars 01, 2025 7:09:03 PM com.invoicegenerator.modeles.UoAmountModel getTotalHT
FINE: Récupération du montant total HT : 8 862,72
mars 01, 2025 7:09:03 PM com.invoicegenerator.modeles.UoAmountModel getTotalTTC
FINE: Récupération du montant total TTC : 10 635,264
mars 01, 2025 7:09:03 PM com.invoicegenerator.modeles.UoAmountModel getNumber
FINE: Récupération de la quantité : 17
mars 01, 2025 7:09:03 PM com.invoicegenerator.modeles.UoAmountModel getTotalHT
FINE: Récupération du montant total HT : 12 555,52
mars 01, 2025 7:09:03 PM com.invoicegenerator.modeles.UoAmountModel getTotalTTC
FINE: Récupération du montant total TTC : 15 066,624
mars 01, 2025 7:09:03 PM com.invoicegenerator.modeles.UoAmountModel getNumber
FINE: Récupération de la quantité : 5
mars 01, 2025 7:09:03 PM com.invoicegenerator.modeles.UoAmountModel getTotalHT
FINE: Récupération du montant total HT : 3 692,8
mars 01, 2025 7:09:03 PM com.invoicegenerator.modeles.UoAmountModel getTotalTTC
FINE: Récupération du montant total TTC : 4 431,36
mars 01, 2025 7:09:03 PM com.invoicegenerator.modeles.UoAmountModel getTotalTTC
FINE: Récupération du montant total TTC : 4 431,36
mars 01, 2025 7:09:03 PM com.invoicegenerator.modeles.UoAmountModel getNumber
FINE: Récupération de la quantité : 12
mars 01, 2025 7:09:03 PM com.invoicegenerator.modeles.UoAmountModel getTotalHT
FINE: Récupération du montant total HT : 26 185,44
mars 01, 2025 7:09:03 PM com.invoicegenerator.modeles.UoAmountModel getTotalTTC
FINE: Récupération du montant total TTC : 31 422,528
mars 01, 2025 7:09:03 PM com.invoicegenerator.modeles.UoAmountModel getNumber
FINE: Récupération de la quantité : 17
mars 01, 2025 7:09:03 PM com.invoicegenerator.modeles.UoAmountModel getTotalHT
FINE: Récupération du montant total HT : 37 096,04
mars 01, 2025 7:09:03 PM com.invoicegenerator.modeles.UoAmountModel getTotalTTC
FINE: Récupération du montant total TTC : 44 515,248
mars 01, 2025 7:09:03 PM com.invoicegenerator.modeles.UoAmountModel getNumber
FINE: Récupération de la quantité : 5
mars 01, 2025 7:09:03 PM com.invoicegenerator.modeles.UoAmountModel getTotalHT
FINE: Récupération du montant total HT : 10 910,6
mars 01, 2025 7:09:03 PM com.invoicegenerator.modeles.UoAmountModel getTotalTTC
FINE: Récupération du montant total TTC : 13 092,72
mars 01, 2025 7:09:03 PM com.invoicegenerator.modeles.UoAmountModel getTotalTTC
FINE: Récupération du montant total TTC : 13 092,72
mars 01, 2025 7:09:03 PM com.invoicegenerator.modeles.UoAmountModel getNumber
FINE: Récupération de la quantité : 2
mars 01, 2025 7:09:03 PM com.invoicegenerator.modeles.UoAmountModel getTotalHT
FINE: Récupération du montant total HT : 7 385,64
mars 01, 2025 7:09:03 PM com.invoicegenerator.modeles.UoAmountModel getTotalTTC
FINE: Récupération du montant total TTC : 8 862,768
mars 01, 2025 7:09:03 PM com.invoicegenerator.modeles.UoAmountModel getNumber
FINE: Récupération de la quantité : 13
mars 01, 2025 7:09:03 PM com.invoicegenerator.modeles.UoAmountModel getTotalHT
FINE: Récupération du montant total HT : 48 006,66
mars 01, 2025 7:09:03 PM com.invoicegenerator.modeles.UoAmountModel getTotalTTC
FINE: Récupération du montant total TTC : 57 607,992
mars 01, 2025 7:09:03 PM com.invoicegenerator.modeles.UoAmountModel getNumber
FINE: Récupération de la quantité : 11
mars 01, 2025 7:09:03 PM com.invoicegenerator.modeles.UoAmountModel getTotalHT
FINE: Récupération du montant total HT : 40 621,02
mars 01, 2025 7:09:03 PM com.invoicegenerator.modeles.UoAmountModel getTotalTTC
FINE: Récupération du montant total TTC : 48 745,224
mars 01, 2025 7:09:03 PM com.invoicegenerator.modeles.UoAmountModel getTotalTTC
FINE: Récupération du montant total TTC : 48 745,224
mars 01, 2025 7:09:03 PM com.invoicegenerator.modeles.UoAmountModel getNumber
FINE: Récupération de la quantité : 12
mars 01, 2025 7:09:03 PM com.invoicegenerator.modeles.UoAmountModel getTotalHT
FINE: Récupération du montant total HT : 8 862,72
mars 01, 2025 7:09:03 PM com.invoicegenerator.modeles.UoAmountModel getTotalTTC
FINE: Récupération du montant total TTC : 10 635,264
mars 01, 2025 7:09:03 PM com.invoicegenerator.modeles.UoAmountModel getNumber
FINE: Récupération de la quantité : 17
mars 01, 2025 7:09:03 PM com.invoicegenerator.modeles.UoAmountModel getTotalHT
FINE: Récupération du montant total HT : 12 555,52
mars 01, 2025 7:09:03 PM com.invoicegenerator.modeles.UoAmountModel getTotalTTC
FINE: Récupération du montant total TTC : 15 066,624
mars 01, 2025 7:09:03 PM com.invoicegenerator.modeles.UoAmountModel getNumber
FINE: Récupération de la quantité : 5
mars 01, 2025 7:09:03 PM com.invoicegenerator.modeles.UoAmountModel getTotalHT
FINE: Récupération du montant total HT : 3 692,8
mars 01, 2025 7:09:03 PM com.invoicegenerator.modeles.UoAmountModel getTotalTTC
FINE: Récupération du montant total TTC : 4 431,36
mars 01, 2025 7:09:03 PM com.invoicegenerator.modeles.UoAmountModel getNumber
FINE: Récupération de la quantité : 12
mars 01, 2025 7:09:03 PM com.invoicegenerator.modeles.UoAmountModel getTotalHT
FINE: Récupération du montant total HT : 26 185,44
mars 01, 2025 7:09:03 PM com.invoicegenerator.modeles.UoAmountModel getTotalTTC
FINE: Récupération du montant total TTC : 31 422,528
mars 01, 2025 7:09:03 PM com.invoicegenerator.modeles.UoAmountModel getNumber
FINE: Récupération de la quantité : 17
mars 01, 2025 7:09:03 PM com.invoicegenerator.modeles.UoAmountModel getTotalHT
FINE: Récupération du montant total HT : 37 096,04
mars 01, 2025 7:09:03 PM com.invoicegenerator.modeles.UoAmountModel getTotalTTC
FINE: Récupération du montant total TTC : 44 515,248
mars 01, 2025 7:09:03 PM com.invoicegenerator.modeles.UoAmountModel getNumber
FINE: Récupération de la quantité : 5
mars 01, 2025 7:09:03 PM com.invoicegenerator.modeles.UoAmountModel getTotalHT
FINE: Récupération du montant total HT : 10 910,6
mars 01, 2025 7:09:03 PM com.invoicegenerator.modeles.UoAmountModel getTotalTTC
FINE: Récupération du montant total TTC : 13 092,72
mars 01, 2025 7:09:03 PM com.invoicegenerator.modeles.UoAmountModel getNumber
FINE: Récupération de la quantité : 2
mars 01, 2025 7:09:03 PM com.invoicegenerator.modeles.UoAmountModel getTotalHT
FINE: Récupération du montant total HT : 7 385,64
mars 01, 2025 7:09:03 PM com.invoicegenerator.modeles.UoAmountModel getTotalTTC
FINE: Récupération du montant total TTC : 8 862,768
mars 01, 2025 7:09:03 PM com.invoicegenerator.modeles.UoAmountModel getNumber
FINE: Récupération de la quantité : 13
mars 01, 2025 7:09:03 PM com.invoicegenerator.modeles.UoAmountModel getTotalHT
FINE: Récupération du montant total HT : 48 006,66
mars 01, 2025 7:09:03 PM com.invoicegenerator.modeles.UoAmountModel getTotalTTC
FINE: Récupération du montant total TTC : 57 607,992
mars 01, 2025 7:09:03 PM com.invoicegenerator.modeles.UoAmountModel getNumber
FINE: Récupération de la quantité : 11
mars 01, 2025 7:09:03 PM com.invoicegenerator.modeles.UoAmountModel getTotalHT
FINE: Récupération du montant total HT : 40 621,02
mars 01, 2025 7:09:03 PM com.invoicegenerator.modeles.UoAmountModel getTotalTTC
FINE: Récupération du montant total TTC : 48 745,224
mars 01, 2025 7:09:07 PM com.invoicegenerator.viewModels.CommandeViewModel updateProperties
FINE: Mise à jour des propriétés
mars 01, 2025 7:09:07 PM com.invoicegenerator.modeles.PvEntityPvModel getCommand
FINE: Récupération du modèle de commande
mars 01, 2025 7:09:07 PM com.invoicegenerator.modeles.CommandModel setActivityCode
FINE: Code de lactivité défini : {0}
mars 01, 2025 7:09:07 PM com.invoicegenerator.modeles.PvEntityPvModel getCommand
FINE: Récupération du modèle de commande
mars 01, 2025 7:09:07 PM com.invoicegenerator.modeles.CommandModel setContractCode
FINE: Code du contrat défini : 
mars 01, 2025 7:09:07 PM com.invoicegenerator.modeles.PvEntityPvModel getCommand
FINE: Récupération du modèle de commande
mars 01, 2025 7:09:07 PM com.invoicegenerator.modeles.CommandModel setDateDebut
FINE: Date de début définie : null
mars 01, 2025 7:09:07 PM com.invoicegenerator.modeles.PvEntityPvModel getCommand
FINE: Récupération du modèle de commande
mars 01, 2025 7:09:07 PM com.invoicegenerator.modeles.CommandModel setDateFin
FINE: Date de fin définie : 2025-03-11
mars 01, 2025 7:09:07 PM com.invoicegenerator.viewModels.CommandeViewModel updateProperties
FINE: Mise à jour des propriétés
mars 01, 2025 7:09:07 PM com.invoicegenerator.modeles.PvEntityPvModel getCommand
FINE: Récupération du modèle de commande
mars 01, 2025 7:09:07 PM com.invoicegenerator.modeles.CommandModel setActivityCode
FINE: Code de lactivité défini : {0}
mars 01, 2025 7:09:07 PM com.invoicegenerator.modeles.PvEntityPvModel getCommand
FINE: Récupération du modèle de commande
mars 01, 2025 7:09:07 PM com.invoicegenerator.modeles.CommandModel setContractCode
FINE: Code du contrat défini : 
mars 01, 2025 7:09:07 PM com.invoicegenerator.modeles.PvEntityPvModel getCommand
FINE: Récupération du modèle de commande
mars 01, 2025 7:09:07 PM com.invoicegenerator.modeles.CommandModel setDateDebut
FINE: Date de début définie : null
mars 01, 2025 7:09:07 PM com.invoicegenerator.modeles.PvEntityPvModel getCommand
FINE: Récupération du modèle de commande
mars 01, 2025 7:09:07 PM com.invoicegenerator.modeles.CommandModel setDateFin
FINE: Date de fin définie : 2025-03-11
mars 01, 2025 7:09:09 PM com.invoicegenerator.views.CommandesView lambda$start$4
INFO: Retour à FileSelectorView
mars 01, 2025 7:09:09 PM com.invoicegenerator.modeles.ParametersModel <init>
INFO: Création d'une nouvelle instance de ParametersModel avec valeurs par défaut
mars 01, 2025 7:09:09 PM com.invoicegenerator.modeles.BillingProcessModel <init>
INFO: Création d'une nouvelle instance de BillingProcessModel
mars 01, 2025 7:09:09 PM com.invoicegenerator.views.FileSelectorView <init>
INFO: Initialisation de FileSelectorView avec modèle source
mars 01, 2025 7:09:09 PM com.invoicegenerator.views.FileSelectorView chargerParametres
FINE: Chargement des paramètres
mars 01, 2025 7:09:09 PM com.invoicegenerator.modeles.BillingProcessModel getParameters
FINE: Récupération du modèle de paramètres
mars 01, 2025 7:09:09 PM com.invoicegenerator.modeles.ParametersModel getParametersFileName
FINE: Récupération du nom du fichier de paramètres : C:\Users\daniel.lorenzi\parametres.json
mars 01, 2025 7:09:09 PM com.invoicegenerator.services.ParametresService <init>
INFO: ParametresService initialisé avec le fichier : C:\Users\daniel.lorenzi\parametres.json
mars 01, 2025 7:09:09 PM com.invoicegenerator.modeles.ParametersModel <init>
INFO: Création d'une nouvelle instance de ParametersModel avec valeurs par défaut
mars 01, 2025 7:09:09 PM com.invoicegenerator.services.ParametresService chargerParametres
INFO: Paramètres chargés avec succès depuis le fichier : C:\Users\daniel.lorenzi\parametres.json
mars 01, 2025 7:09:09 PM com.invoicegenerator.modeles.BillingProcessModel setParameters
FINE: Modèle de paramètres défini avec succès
mars 01, 2025 7:09:09 PM com.invoicegenerator.views.FileSelectorView chargerParametres
FINE: Paramètres chargés avec succès
mars 01, 2025 7:09:09 PM com.invoicegenerator.modeles.BillingProcessModel getPvEntities
FINE: Récupération de la liste des entités PV, taille : 1
mars 01, 2025 7:09:09 PM com.invoicegenerator.modeles.BillingProcessModel getParameters
FINE: Récupération du modèle de paramètres
mars 01, 2025 7:09:09 PM com.invoicegenerator.modeles.ParametersModel getOutputFolder
FINE: Récupération de lemplacement du dossier de sortie : {0}
mars 01, 2025 7:09:09 PM com.invoicegenerator.modeles.BillingProcessModel getParameters
FINE: Récupération du modèle de paramètres
mars 01, 2025 7:09:09 PM com.invoicegenerator.modeles.ParametersModel getOutputFolder
FINE: Récupération de lemplacement du dossier de sortie : {0}
mars 01, 2025 7:09:09 PM com.invoicegenerator.views.FileSelectorView updateNextButtonState
FINE: État du bouton Suivant mis à jour : désactivé = false
mars 01, 2025 7:09:09 PM com.invoicegenerator.views.FileSelectorView start
INFO: Démarrage de l'interface FileSelectorView
mars 01, 2025 7:09:09 PM com.invoicegenerator.modeles.BillingProcessModel getParameters
FINE: Récupération du modèle de paramètres
mars 01, 2025 7:09:09 PM com.invoicegenerator.modeles.ParametersModel getOutputFolder
FINE: Récupération de lemplacement du dossier de sortie : {0}
mars 01, 2025 7:09:09 PM com.invoicegenerator.modeles.PvEntityPvModel getFileName
FINE: Récupération du nom du fichier : Architecte applicatif-CGI-PVRECEP-4.xlsx
mars 01, 2025 7:09:09 PM com.invoicegenerator.modeles.PvEntityPvModel getFilePath
FINE: Récupération du chemin du fichier : C:\Users\daniel.lorenzi\Documents\missions\Outil de génération de navettes de facturation CGI\Architecte applicatif-CGI-PVRECEP-4.xlsx
mars 01, 2025 7:09:09 PM com.invoicegenerator.modeles.PvEntityPvModel getFileName
FINE: Récupération du nom du fichier : Architecte applicatif-CGI-PVRECEP-4.xlsx
mars 01, 2025 7:09:09 PM com.invoicegenerator.modeles.PvEntityPvModel getFilePath
FINE: Récupération du chemin du fichier : C:\Users\daniel.lorenzi\Documents\missions\Outil de génération de navettes de facturation CGI\Architecte applicatif-CGI-PVRECEP-4.xlsx
mars 01, 2025 7:09:09 PM com.invoicegenerator.views.FileSelectorView start
INFO: Interface FileSelectorView affichée avec succès
mars 01, 2025 7:09:11 PM com.invoicegenerator.views.FileSelectorView selectFiles
FINE: Ouverture du sélecteur de fichiers
mars 01, 2025 7:09:15 PM com.invoicegenerator.modeles.PvEntityPvModel getFilePath
FINE: Récupération du chemin du fichier : C:\Users\daniel.lorenzi\Documents\missions\Outil de génération de navettes de facturation CGI\Architecte applicatif-CGI-PVRECEP-4.xlsx
mars 01, 2025 7:09:15 PM com.invoicegenerator.modeles.CommandModel <init>
INFO: Création d'une nouvelle instance de CommandModel avec valeurs par défaut
mars 01, 2025 7:09:15 PM com.invoicegenerator.modeles.PvEntityPvModel <init>
INFO: Création d'une nouvelle instance de PvEntityPvModel avec valeurs par défaut
mars 01, 2025 7:09:15 PM com.invoicegenerator.modeles.PvEntityPvModel setFileName
FINE: Nom du fichier défini : Architecte applicatif-CGI-PVRECEP-2.xlsx
mars 01, 2025 7:09:15 PM com.invoicegenerator.modeles.PvEntityPvModel setFilePath
FINE: Chemin du fichier défini : C:\Users\daniel.lorenzi\Documents\missions\Outil de génération de navettes de facturation CGI\Architecte applicatif-CGI-PVRECEP-2.xlsx
mars 01, 2025 7:09:15 PM com.invoicegenerator.views.FileSelectorView selectFiles
FINE: Fichier ajouté : C:\Users\daniel.lorenzi\Documents\missions\Outil de génération de navettes de facturation CGI\Architecte applicatif-CGI-PVRECEP-2.xlsx
mars 01, 2025 7:09:15 PM com.invoicegenerator.modeles.BillingProcessModel getParameters
FINE: Récupération du modèle de paramètres
mars 01, 2025 7:09:15 PM com.invoicegenerator.modeles.ParametersModel getOutputFolder
FINE: Récupération de lemplacement du dossier de sortie : {0}
mars 01, 2025 7:09:15 PM com.invoicegenerator.modeles.BillingProcessModel getParameters
FINE: Récupération du modèle de paramètres
mars 01, 2025 7:09:15 PM com.invoicegenerator.modeles.ParametersModel getOutputFolder
FINE: Récupération de lemplacement du dossier de sortie : {0}
mars 01, 2025 7:09:15 PM com.invoicegenerator.views.FileSelectorView updateNextButtonState
FINE: État du bouton Suivant mis à jour : désactivé = false
mars 01, 2025 7:09:15 PM com.invoicegenerator.modeles.PvEntityPvModel getFileName
FINE: Récupération du nom du fichier : Architecte applicatif-CGI-PVRECEP-2.xlsx
mars 01, 2025 7:09:15 PM com.invoicegenerator.modeles.PvEntityPvModel getFilePath
FINE: Récupération du chemin du fichier : C:\Users\daniel.lorenzi\Documents\missions\Outil de génération de navettes de facturation CGI\Architecte applicatif-CGI-PVRECEP-2.xlsx
mars 01, 2025 7:09:15 PM com.invoicegenerator.modeles.PvEntityPvModel getFileName
FINE: Récupération du nom du fichier : Architecte applicatif-CGI-PVRECEP-2.xlsx
mars 01, 2025 7:09:15 PM com.invoicegenerator.modeles.PvEntityPvModel getFilePath
FINE: Récupération du chemin du fichier : C:\Users\daniel.lorenzi\Documents\missions\Outil de génération de navettes de facturation CGI\Architecte applicatif-CGI-PVRECEP-2.xlsx
mars 01, 2025 7:09:17 PM com.invoicegenerator.views.FileSelectorView lambda$start$2
INFO: Passage à CommandesView avec 2 éléments
mars 01, 2025 7:09:17 PM com.invoicegenerator.modeles.BillingProcessModel getPvEntities
FINE: Récupération de la liste des entités PV, taille : 1
mars 01, 2025 7:09:17 PM com.invoicegenerator.modeles.BillingProcessModel getPvEntities
FINE: Récupération de la liste des entités PV, taille : 0
mars 01, 2025 7:09:17 PM com.invoicegenerator.views.CommandesView <init>
INFO: Initialisation de CommandesView avec un modèle BillingProcessModel
mars 01, 2025 7:09:17 PM com.invoicegenerator.modeles.BillingProcessModel getPvEntities
FINE: Récupération de la liste des entités PV, taille : 2
mars 01, 2025 7:09:17 PM com.invoicegenerator.modeles.PvEntityPvModel getFilePath
FINE: Récupération du chemin du fichier : C:\Users\daniel.lorenzi\Documents\missions\Outil de génération de navettes de facturation CGI\Architecte applicatif-CGI-PVRECEP-4.xlsx
mars 01, 2025 7:09:17 PM com.invoicegenerator.services.EntitePvService FillPvFrom
INFO: Début de FillPvFrom avec le chemin : C:\Users\daniel.lorenzi\Documents\missions\Outil de génération de navettes de facturation CGI\Architecte applicatif-CGI-PVRECEP-4.xlsx
mars 01, 2025 7:09:17 PM com.invoicegenerator.modeles.PvEntityPvModel getCommand
FINE: Récupération du modèle de commande
mars 01, 2025 7:09:17 PM com.invoicegenerator.modeles.PvEntityPvModel setFilePath
FINE: Chemin du fichier défini : C:\Users\daniel.lorenzi\Documents\missions\Outil de génération de navettes de facturation CGI\Architecte applicatif-CGI-PVRECEP-4.xlsx
mars 01, 2025 7:09:17 PM com.invoicegenerator.modeles.PvEntityPvModel setFileName
FINE: Nom du fichier défini : Architecte applicatif-CGI-PVRECEP-4.xlsx
mars 01, 2025 7:09:17 PM com.invoicegenerator.utils.ExcelPvReaderUtil lireFichierExcel
INFO: Début de la lecture du fichier Excel : C:\Users\daniel.lorenzi\Documents\missions\Outil de génération de navettes de facturation CGI\Architecte applicatif-CGI-PVRECEP-4.xlsx
mars 01, 2025 7:09:17 PM com.invoicegenerator.utils.ExcelPvReaderUtil lireGeneral
INFO: Lecture des informations générales du fichier Excel : C:\Users\daniel.lorenzi\Documents\missions\Outil de génération de navettes de facturation CGI\Architecte applicatif-CGI-PVRECEP-4.xlsx
mars 01, 2025 7:09:17 PM com.invoicegenerator.modeles.CommandModel setBenefitPurposeCellB11
FINE:   : Architecture applicative
mars 01, 2025 7:09:17 PM com.invoicegenerator.modeles.CommandModel setBonDeCommandeCellB9
FINE: Bon de commande défini : 1.000376964E9
mars 01, 2025 7:09:17 PM com.invoicegenerator.utils.ExcelPvReaderUtil lireGeneral
INFO: Informations générales lues avec succès
mars 01, 2025 7:09:17 PM com.invoicegenerator.utils.ExcelPvReaderUtil lireDetails
INFO: Lecture des détails des prestations du fichier Excel : C:\Users\daniel.lorenzi\Documents\missions\Outil de génération de navettes de facturation CGI\Architecte applicatif-CGI-PVRECEP-4.xlsx
mars 01, 2025 7:09:17 PM com.invoicegenerator.utils.ExcelPvReaderUtil getStringCellValue
FINE: Cellule vide ou null, retour de chaîne vide
mars 01, 2025 7:09:17 PM com.invoicegenerator.utils.ExcelPvReaderUtil getStringCellValue
FINE: Cellule vide ou null, retour de chaîne vide
mars 01, 2025 7:09:17 PM com.invoicegenerator.utils.ExcelPvReaderUtil getStringCellValue
FINE: Cellule vide ou null, retour de chaîne vide
mars 01, 2025 7:09:17 PM com.invoicegenerator.utils.ExcelPvReaderUtil getStringCellValue
FINE: Cellule vide ou null, retour de chaîne vide
mars 01, 2025 7:09:17 PM com.invoicegenerator.utils.ExcelPvReaderUtil getStringCellValue
FINE: Cellule vide ou null, retour de chaîne vide
mars 01, 2025 7:09:17 PM com.invoicegenerator.utils.ExcelPvReaderUtil getStringCellValue
FINE: Cellule vide ou null, retour de chaîne vide
mars 01, 2025 7:09:17 PM com.invoicegenerator.utils.ExcelPvReaderUtil getStringCellValue
FINE: Cellule vide ou null, retour de chaîne vide
mars 01, 2025 7:09:17 PM com.invoicegenerator.utils.ExcelPvReaderUtil getStringCellValue
FINE: Cellule vide ou null, retour de chaîne vide
mars 01, 2025 7:09:17 PM com.invoicegenerator.utils.ExcelPvReaderUtil getStringCellValue
FINE: Cellule vide ou null, retour de chaîne vide
mars 01, 2025 7:09:17 PM com.invoicegenerator.utils.ExcelPvReaderUtil getStringCellValue
FINE: Cellule vide ou null, retour de chaîne vide
mars 01, 2025 7:09:17 PM com.invoicegenerator.utils.ExcelPvReaderUtil getStringCellValue
FINE: Cellule vide ou null, retour de chaîne vide
mars 01, 2025 7:09:17 PM com.invoicegenerator.utils.ExcelPvReaderUtil getStringCellValue
FINE: Cellule vide ou null, retour de chaîne vide
mars 01, 2025 7:09:17 PM com.invoicegenerator.modeles.UoAmountModel <init>
INFO: Création d'une nouvelle instance de UoAmountModel avec valeurs par défaut
mars 01, 2025 7:09:17 PM com.invoicegenerator.modeles.UoAmountModel <init>
INFO: Création d'une nouvelle instance de UoAmountModel avec valeurs par défaut
mars 01, 2025 7:09:17 PM com.invoicegenerator.modeles.UoAmountModel <init>
INFO: Création d'une nouvelle instance de UoAmountModel avec valeurs par défaut
mars 01, 2025 7:09:17 PM com.invoicegenerator.modeles.UoAmountModel setTva
FINE: Taux de TVA défini : 0,2
mars 01, 2025 7:09:17 PM com.invoicegenerator.modeles.UoAmountModel calculateTTC
FINE: Recalcul des montants - Total HT : 0, Total TTC : 0
mars 01, 2025 7:09:17 PM com.invoicegenerator.modeles.UoAmountModel setTva
FINE: Taux de TVA défini : 0,2
mars 01, 2025 7:09:17 PM com.invoicegenerator.modeles.UoAmountModel calculateTTC
FINE: Recalcul des montants - Total HT : 0, Total TTC : 0
mars 01, 2025 7:09:17 PM com.invoicegenerator.modeles.UoAmountModel setTva
FINE: Taux de TVA défini : 0,2
mars 01, 2025 7:09:17 PM com.invoicegenerator.modeles.UoAmountModel calculateTTC
FINE: Recalcul des montants - Total HT : 0, Total TTC : 0
mars 01, 2025 7:09:17 PM com.invoicegenerator.modeles.UoAmountModel setNumber
FINE: Quantité définie : 12
mars 01, 2025 7:09:17 PM com.invoicegenerator.modeles.UoAmountModel calculateTTC
FINE: Recalcul des montants - Total HT : 0, Total TTC : 0
mars 01, 2025 7:09:17 PM com.invoicegenerator.modeles.UoAmountModel setNumber
FINE: Quantité définie : 5
mars 01, 2025 7:09:17 PM com.invoicegenerator.modeles.UoAmountModel calculateTTC
FINE: Recalcul des montants - Total HT : 0, Total TTC : 0
mars 01, 2025 7:09:17 PM com.invoicegenerator.modeles.UoAmountModel setNumber
FINE: Quantité définie : 17
mars 01, 2025 7:09:17 PM com.invoicegenerator.modeles.UoAmountModel calculateTTC
FINE: Recalcul des montants - Total HT : 0, Total TTC : 0
mars 01, 2025 7:09:17 PM com.invoicegenerator.modeles.UoAmountModel setUnitPrice
FINE: Prix unitaire défini : 738,56
mars 01, 2025 7:09:17 PM com.invoicegenerator.modeles.UoAmountModel calculateTTC
FINE: Recalcul des montants - Total HT : 12 555,52, Total TTC : 15 066,624
mars 01, 2025 7:09:17 PM com.invoicegenerator.modeles.UoAmountModel setUnitPrice
FINE: Prix unitaire défini : 738,56
mars 01, 2025 7:09:17 PM com.invoicegenerator.modeles.UoAmountModel calculateTTC
FINE: Recalcul des montants - Total HT : 8 862,72, Total TTC : 10 635,264
mars 01, 2025 7:09:17 PM com.invoicegenerator.modeles.UoAmountModel setUnitPrice
FINE: Prix unitaire défini : 738,56
mars 01, 2025 7:09:17 PM com.invoicegenerator.modeles.UoAmountModel calculateTTC
FINE: Recalcul des montants - Total HT : 3 692,8, Total TTC : 4 431,36
mars 01, 2025 7:09:17 PM com.invoicegenerator.modeles.UoAmountModel <init>
INFO: Création d'une nouvelle instance de UoAmountModel avec valeurs par défaut
mars 01, 2025 7:09:17 PM com.invoicegenerator.modeles.UoAmountModel <init>
INFO: Création d'une nouvelle instance de UoAmountModel avec valeurs par défaut
mars 01, 2025 7:09:17 PM com.invoicegenerator.modeles.UoAmountModel <init>
INFO: Création d'une nouvelle instance de UoAmountModel avec valeurs par défaut
mars 01, 2025 7:09:17 PM com.invoicegenerator.modeles.UoAmountModel setTva
FINE: Taux de TVA défini : 0,2
mars 01, 2025 7:09:17 PM com.invoicegenerator.modeles.UoAmountModel calculateTTC
FINE: Recalcul des montants - Total HT : 0, Total TTC : 0
mars 01, 2025 7:09:17 PM com.invoicegenerator.modeles.UoAmountModel setTva
FINE: Taux de TVA défini : 0,2
mars 01, 2025 7:09:17 PM com.invoicegenerator.modeles.UoAmountModel calculateTTC
FINE: Recalcul des montants - Total HT : 0, Total TTC : 0
mars 01, 2025 7:09:17 PM com.invoicegenerator.modeles.UoAmountModel setTva
FINE: Taux de TVA défini : 0,2
mars 01, 2025 7:09:17 PM com.invoicegenerator.modeles.UoAmountModel calculateTTC
FINE: Recalcul des montants - Total HT : 0, Total TTC : 0
mars 01, 2025 7:09:17 PM com.invoicegenerator.modeles.UoAmountModel setNumber
FINE: Quantité définie : 12
mars 01, 2025 7:09:17 PM com.invoicegenerator.modeles.UoAmountModel calculateTTC
FINE: Recalcul des montants - Total HT : 0, Total TTC : 0
mars 01, 2025 7:09:17 PM com.invoicegenerator.modeles.UoAmountModel setNumber
FINE: Quantité définie : 5
mars 01, 2025 7:09:17 PM com.invoicegenerator.modeles.UoAmountModel calculateTTC
FINE: Recalcul des montants - Total HT : 0, Total TTC : 0
mars 01, 2025 7:09:17 PM com.invoicegenerator.modeles.UoAmountModel setNumber
FINE: Quantité définie : 17
mars 01, 2025 7:09:17 PM com.invoicegenerator.modeles.UoAmountModel calculateTTC
FINE: Recalcul des montants - Total HT : 0, Total TTC : 0
mars 01, 2025 7:09:17 PM com.invoicegenerator.modeles.UoAmountModel setUnitPrice
FINE: Prix unitaire défini : 2 182,12
mars 01, 2025 7:09:17 PM com.invoicegenerator.modeles.UoAmountModel calculateTTC
FINE: Recalcul des montants - Total HT : 37 096,04, Total TTC : 44 515,248
mars 01, 2025 7:09:17 PM com.invoicegenerator.modeles.UoAmountModel setUnitPrice
FINE: Prix unitaire défini : 2 182,12
mars 01, 2025 7:09:17 PM com.invoicegenerator.modeles.UoAmountModel calculateTTC
FINE: Recalcul des montants - Total HT : 26 185,44, Total TTC : 31 422,528
mars 01, 2025 7:09:17 PM com.invoicegenerator.modeles.UoAmountModel setUnitPrice
FINE: Prix unitaire défini : 2 182,12
mars 01, 2025 7:09:17 PM com.invoicegenerator.modeles.UoAmountModel calculateTTC
FINE: Recalcul des montants - Total HT : 10 910,6, Total TTC : 13 092,72
mars 01, 2025 7:09:17 PM com.invoicegenerator.modeles.UoAmountModel <init>
INFO: Création d'une nouvelle instance de UoAmountModel avec valeurs par défaut
mars 01, 2025 7:09:17 PM com.invoicegenerator.modeles.UoAmountModel <init>
INFO: Création d'une nouvelle instance de UoAmountModel avec valeurs par défaut
mars 01, 2025 7:09:17 PM com.invoicegenerator.modeles.UoAmountModel <init>
INFO: Création d'une nouvelle instance de UoAmountModel avec valeurs par défaut
mars 01, 2025 7:09:17 PM com.invoicegenerator.modeles.UoAmountModel setTva
FINE: Taux de TVA défini : 0,2
mars 01, 2025 7:09:17 PM com.invoicegenerator.modeles.UoAmountModel calculateTTC
FINE: Recalcul des montants - Total HT : 0, Total TTC : 0
mars 01, 2025 7:09:17 PM com.invoicegenerator.modeles.UoAmountModel setTva
FINE: Taux de TVA défini : 0,2
mars 01, 2025 7:09:17 PM com.invoicegenerator.modeles.UoAmountModel calculateTTC
FINE: Recalcul des montants - Total HT : 0, Total TTC : 0
mars 01, 2025 7:09:17 PM com.invoicegenerator.modeles.UoAmountModel setTva
FINE: Taux de TVA défini : 0,2
mars 01, 2025 7:09:17 PM com.invoicegenerator.modeles.UoAmountModel calculateTTC
FINE: Recalcul des montants - Total HT : 0, Total TTC : 0
mars 01, 2025 7:09:17 PM com.invoicegenerator.modeles.UoAmountModel setNumber
FINE: Quantité définie : 2
mars 01, 2025 7:09:17 PM com.invoicegenerator.modeles.UoAmountModel calculateTTC
FINE: Recalcul des montants - Total HT : 0, Total TTC : 0
mars 01, 2025 7:09:17 PM com.invoicegenerator.modeles.UoAmountModel setNumber
FINE: Quantité définie : 11
mars 01, 2025 7:09:17 PM com.invoicegenerator.modeles.UoAmountModel calculateTTC
FINE: Recalcul des montants - Total HT : 0, Total TTC : 0
mars 01, 2025 7:09:17 PM com.invoicegenerator.modeles.UoAmountModel setNumber
FINE: Quantité définie : 13
mars 01, 2025 7:09:17 PM com.invoicegenerator.modeles.UoAmountModel calculateTTC
FINE: Recalcul des montants - Total HT : 0, Total TTC : 0
mars 01, 2025 7:09:17 PM com.invoicegenerator.modeles.UoAmountModel setUnitPrice
FINE: Prix unitaire défini : 3 692,82
mars 01, 2025 7:09:17 PM com.invoicegenerator.modeles.UoAmountModel calculateTTC
FINE: Recalcul des montants - Total HT : 48 006,66, Total TTC : 57 607,992
