févr. 28, 2025 11:19:26 PM com.invoicegenerator.modeles.BillingShuttleModel getPcBu
FINE: Récupération du PC BU : EU005
févr. 28, 2025 11:19:26 PM com.invoicegenerator.modeles.BillingShuttleModel getPcBu
FINE: Récupération du PC BU : EU005
févr. 28, 2025 11:19:26 PM com.invoicegenerator.viewModels.NavetteFacturationViewModel getPcBu
FINE: Récupération de PcBu : EU005
févr. 28, 2025 11:19:26 PM com.invoicegenerator.modeles.BillingShuttleModel getProject
FINE: Récupération du nom du projet : jk
févr. 28, 2025 11:19:26 PM com.invoicegenerator.modeles.BillingShuttleModel getProject
FINE: Récupération du nom du projet : jk
févr. 28, 2025 11:19:26 PM com.invoicegenerator.viewModels.NavetteFacturationViewModel getProjet
FINE: Récupération de Projet : jk
févr. 28, 2025 11:19:26 PM com.invoicegenerator.modeles.BillingShuttleModel getActivity
FINE: Récupération du nom de lactivité : {0}
févr. 28, 2025 11:19:26 PM com.invoicegenerator.modeles.BillingShuttleModel getActivity
FINE: Récupération du nom de lactivité : {0}
févr. 28, 2025 11:19:26 PM com.invoicegenerator.viewModels.NavetteFacturationViewModel getActivite
FINE: Récupération de Activite : CACT2
févr. 28, 2025 11:19:26 PM com.invoicegenerator.modeles.BillingShuttleModel getBillNumber
FINE: Récupération du nombre de factures : 2
févr. 28, 2025 11:19:26 PM com.invoicegenerator.viewModels.NavetteFacturationViewModel getNombreFactures
FINE: Récupération de NombreFactures : 2
févr. 28, 2025 11:19:26 PM com.invoicegenerator.modeles.BillingShuttleModel getEventNote
FINE: Récupération de la note de lévénement : {0}
févr. 28, 2025 11:19:26 PM com.invoicegenerator.modeles.BillingShuttleModel getEventNote
FINE: Récupération de la note de lévénement : {0}
févr. 28, 2025 11:19:26 PM com.invoicegenerator.viewModels.NavetteFacturationViewModel getNoteEvenement
FINE: Récupération de NoteEvenement : 1.000376962E9-BDC POAccompagnement Architecture applicative-L5 – P15.1.re.a- Architecture Applicative Simple
févr. 28, 2025 11:19:26 PM com.invoicegenerator.modeles.BillingShuttleModel getQuantity
FINE: Récupération de la quantité : 3
févr. 28, 2025 11:19:26 PM com.invoicegenerator.viewModels.NavetteFacturationViewModel getQuantite
FINE: Récupération de Quantite : 3
févr. 28, 2025 11:19:26 PM com.invoicegenerator.modeles.BillingShuttleModel getMeasureUnit
FINE: Récupération de lunité de mesure : {0}
févr. 28, 2025 11:19:26 PM com.invoicegenerator.modeles.BillingShuttleModel getMeasureUnit
FINE: Récupération de lunité de mesure : {0}
févr. 28, 2025 11:19:26 PM com.invoicegenerator.viewModels.NavetteFacturationViewModel getUniteMesure
FINE: Récupération de UniteMesure : UNT = Units
févr. 28, 2025 11:19:26 PM com.invoicegenerator.modeles.BillingShuttleModel getUnitPrice
FINE: Récupération du prix unitaire : 738,56
févr. 28, 2025 11:19:26 PM com.invoicegenerator.viewModels.NavetteFacturationViewModel getPrixUnitaireRound
FINE: Récupération de PrixUnitaireRound : 738,56
févr. 28, 2025 11:19:26 PM com.invoicegenerator.modeles.BillingShuttleModel getBillAmount
FINE: Récupération du montant de la facturation : 2 658,816
févr. 28, 2025 11:19:26 PM com.invoicegenerator.viewModels.NavetteFacturationViewModel getMontantFacturationRound
FINE: Récupération de MontantFacturationRound : 2 658,82
févr. 28, 2025 11:19:26 PM com.invoicegenerator.modeles.BillingShuttleModel getCalculatedEventAmount
FINE: Récupération du montant calculé de lévénement : {0}
févr. 28, 2025 11:19:26 PM com.invoicegenerator.viewModels.NavetteFacturationViewModel getMontantEvenementCalculeRound
FINE: Récupération de MontantEvenementCalculeRound : 2 658,82
févr. 28, 2025 11:19:26 PM com.invoicegenerator.modeles.BillingShuttleModel getBillPeriodFrom
FINE: Récupération de la date de début de la période de facturation : 2024-12-03
févr. 28, 2025 11:19:26 PM com.invoicegenerator.viewModels.NavetteFacturationViewModel formatDate
FINE: Date formatée : 03 avec le formatteur Value(DayOfMonth,2)
févr. 28, 2025 11:19:26 PM com.invoicegenerator.viewModels.NavetteFacturationViewModel getPeriodeFacturationDu
FINE: Récupération de PeriodeFacturationDu : 03
févr. 28, 2025 11:19:26 PM com.invoicegenerator.modeles.BillingShuttleModel getBillPeriodTo
FINE: Récupération de la date de fin de la période de facturation : 2026-04-23
févr. 28, 2025 11:19:26 PM com.invoicegenerator.viewModels.NavetteFacturationViewModel formatDate
FINE: Date formatée : 23 avec le formatteur Value(DayOfMonth,2)
févr. 28, 2025 11:19:26 PM com.invoicegenerator.viewModels.NavetteFacturationViewModel getPeriodeFacturationAu
FINE: Récupération de PeriodeFacturationAu : 23
févr. 28, 2025 11:19:26 PM com.invoicegenerator.modeles.BillingShuttleModel getItemId
FINE: Récupération de lidentifiant de lélément : Architecture Applicative Simple-2
févr. 28, 2025 11:19:26 PM com.invoicegenerator.modeles.BillingShuttleModel getItemId
FINE: Récupération de lidentifiant de lélément : Architecture Applicative Simple-2
févr. 28, 2025 11:19:26 PM com.invoicegenerator.viewModels.NavetteFacturationViewModel getItemId
FINE: Récupération de ItemId : Architecture Applicative Simple-2
févr. 28, 2025 11:19:26 PM com.invoicegenerator.modeles.BillingShuttleModel getInitialBill
FINE: Récupération de la facture initiale : null
févr. 28, 2025 11:19:26 PM com.invoicegenerator.viewModels.NavetteFacturationViewModel getFactureInitiale
FINE: Récupération de FactureInitiale : Default Facture
févr. 28, 2025 11:19:26 PM com.invoicegenerator.modeles.BillingShuttleModel getInitialBill
FINE: Récupération de la facture initiale : null
févr. 28, 2025 11:19:26 PM com.invoicegenerator.viewModels.NavetteFacturationViewModel getFactureInitiale
FINE: Récupération de FactureInitiale : Default Facture
févr. 28, 2025 11:19:26 PM com.invoicegenerator.modeles.BillingShuttleModel getPcBu
FINE: Récupération du PC BU : EU005
févr. 28, 2025 11:19:26 PM com.invoicegenerator.modeles.BillingShuttleModel getPcBu
FINE: Récupération du PC BU : EU005
févr. 28, 2025 11:19:26 PM com.invoicegenerator.viewModels.NavetteFacturationViewModel getPcBu
FINE: Récupération de PcBu : EU005
févr. 28, 2025 11:19:26 PM com.invoicegenerator.modeles.BillingShuttleModel getProject
FINE: Récupération du nom du projet : jk
févr. 28, 2025 11:19:26 PM com.invoicegenerator.modeles.BillingShuttleModel getProject
FINE: Récupération du nom du projet : jk
févr. 28, 2025 11:19:26 PM com.invoicegenerator.viewModels.NavetteFacturationViewModel getProjet
FINE: Récupération de Projet : jk
févr. 28, 2025 11:19:26 PM com.invoicegenerator.modeles.BillingShuttleModel getActivity
FINE: Récupération du nom de lactivité : {0}
févr. 28, 2025 11:19:26 PM com.invoicegenerator.modeles.BillingShuttleModel getActivity
FINE: Récupération du nom de lactivité : {0}
févr. 28, 2025 11:19:26 PM com.invoicegenerator.viewModels.NavetteFacturationViewModel getActivite
FINE: Récupération de Activite : CACT2
févr. 28, 2025 11:19:26 PM com.invoicegenerator.modeles.BillingShuttleModel getBillNumber
FINE: Récupération du nombre de factures : 2
févr. 28, 2025 11:19:26 PM com.invoicegenerator.viewModels.NavetteFacturationViewModel getNombreFactures
FINE: Récupération de NombreFactures : 2
févr. 28, 2025 11:19:26 PM com.invoicegenerator.modeles.BillingShuttleModel getEventNote
FINE: Récupération de la note de lévénement : {0}
févr. 28, 2025 11:19:26 PM com.invoicegenerator.modeles.BillingShuttleModel getEventNote
FINE: Récupération de la note de lévénement : {0}
févr. 28, 2025 11:19:26 PM com.invoicegenerator.viewModels.NavetteFacturationViewModel getNoteEvenement
FINE: Récupération de NoteEvenement : 1.000376962E9-BDC POAccompagnement Architecture applicative-L5 – P15.1.re.b- Architecture Applicative Moyen
févr. 28, 2025 11:19:26 PM com.invoicegenerator.modeles.BillingShuttleModel getQuantity
FINE: Récupération de la quantité : 2
févr. 28, 2025 11:19:26 PM com.invoicegenerator.viewModels.NavetteFacturationViewModel getQuantite
FINE: Récupération de Quantite : 2
févr. 28, 2025 11:19:26 PM com.invoicegenerator.modeles.BillingShuttleModel getMeasureUnit
FINE: Récupération de lunité de mesure : {0}
févr. 28, 2025 11:19:26 PM com.invoicegenerator.modeles.BillingShuttleModel getMeasureUnit
FINE: Récupération de lunité de mesure : {0}
févr. 28, 2025 11:19:26 PM com.invoicegenerator.viewModels.NavetteFacturationViewModel getUniteMesure
FINE: Récupération de UniteMesure : UNT = Units
févr. 28, 2025 11:19:26 PM com.invoicegenerator.modeles.BillingShuttleModel getUnitPrice
FINE: Récupération du prix unitaire : 2 182,12
févr. 28, 2025 11:19:26 PM com.invoicegenerator.viewModels.NavetteFacturationViewModel getPrixUnitaireRound
FINE: Récupération de PrixUnitaireRound : 2 182,12
févr. 28, 2025 11:19:26 PM com.invoicegenerator.modeles.BillingShuttleModel getBillAmount
FINE: Récupération du montant de la facturation : 5 237,088
févr. 28, 2025 11:19:26 PM com.invoicegenerator.viewModels.NavetteFacturationViewModel getMontantFacturationRound
FINE: Récupération de MontantFacturationRound : 5 237,09
févr. 28, 2025 11:19:26 PM com.invoicegenerator.modeles.BillingShuttleModel getCalculatedEventAmount
FINE: Récupération du montant calculé de lévénement : {0}
févr. 28, 2025 11:19:26 PM com.invoicegenerator.viewModels.NavetteFacturationViewModel getMontantEvenementCalculeRound
FINE: Récupération de MontantEvenementCalculeRound : 5 237,09
févr. 28, 2025 11:19:26 PM com.invoicegenerator.modeles.BillingShuttleModel getBillPeriodFrom
FINE: Récupération de la date de début de la période de facturation : 2024-12-03
févr. 28, 2025 11:19:26 PM com.invoicegenerator.viewModels.NavetteFacturationViewModel formatDate
FINE: Date formatée : 03 avec le formatteur Value(DayOfMonth,2)
févr. 28, 2025 11:19:26 PM com.invoicegenerator.viewModels.NavetteFacturationViewModel getPeriodeFacturationDu
FINE: Récupération de PeriodeFacturationDu : 03
févr. 28, 2025 11:19:26 PM com.invoicegenerator.modeles.BillingShuttleModel getBillPeriodTo
FINE: Récupération de la date de fin de la période de facturation : 2026-04-23
févr. 28, 2025 11:19:26 PM com.invoicegenerator.viewModels.NavetteFacturationViewModel formatDate
FINE: Date formatée : 23 avec le formatteur Value(DayOfMonth,2)
févr. 28, 2025 11:19:26 PM com.invoicegenerator.viewModels.NavetteFacturationViewModel getPeriodeFacturationAu
FINE: Récupération de PeriodeFacturationAu : 23
févr. 28, 2025 11:19:26 PM com.invoicegenerator.modeles.BillingShuttleModel getItemId
FINE: Récupération de lidentifiant de lélément : Architecture Applicative Moyen-2
févr. 28, 2025 11:19:26 PM com.invoicegenerator.modeles.BillingShuttleModel getItemId
FINE: Récupération de lidentifiant de lélément : Architecture Applicative Moyen-2
févr. 28, 2025 11:19:26 PM com.invoicegenerator.viewModels.NavetteFacturationViewModel getItemId
FINE: Récupération de ItemId : Architecture Applicative Moyen-2
févr. 28, 2025 11:19:26 PM com.invoicegenerator.modeles.BillingShuttleModel getInitialBill
FINE: Récupération de la facture initiale : null
févr. 28, 2025 11:19:26 PM com.invoicegenerator.viewModels.NavetteFacturationViewModel getFactureInitiale
FINE: Récupération de FactureInitiale : Default Facture
févr. 28, 2025 11:19:26 PM com.invoicegenerator.modeles.BillingShuttleModel getInitialBill
FINE: Récupération de la facture initiale : null
févr. 28, 2025 11:19:26 PM com.invoicegenerator.viewModels.NavetteFacturationViewModel getFactureInitiale
FINE: Récupération de FactureInitiale : Default Facture
févr. 28, 2025 11:19:26 PM com.invoicegenerator.modeles.BillingShuttleModel getPcBu
FINE: Récupération du PC BU : EU005
févr. 28, 2025 11:19:26 PM com.invoicegenerator.modeles.BillingShuttleModel getPcBu
FINE: Récupération du PC BU : EU005
févr. 28, 2025 11:19:26 PM com.invoicegenerator.viewModels.NavetteFacturationViewModel getPcBu
FINE: Récupération de PcBu : EU005
févr. 28, 2025 11:19:26 PM com.invoicegenerator.modeles.BillingShuttleModel getProject
FINE: Récupération du nom du projet : jk
févr. 28, 2025 11:19:26 PM com.invoicegenerator.modeles.BillingShuttleModel getProject
FINE: Récupération du nom du projet : jk
févr. 28, 2025 11:19:26 PM com.invoicegenerator.viewModels.NavetteFacturationViewModel getProjet
FINE: Récupération de Projet : jk
févr. 28, 2025 11:19:26 PM com.invoicegenerator.modeles.BillingShuttleModel getActivity
FINE: Récupération du nom de lactivité : {0}
févr. 28, 2025 11:19:26 PM com.invoicegenerator.modeles.BillingShuttleModel getActivity
FINE: Récupération du nom de lactivité : {0}
févr. 28, 2025 11:19:26 PM com.invoicegenerator.viewModels.NavetteFacturationViewModel getActivite
FINE: Récupération de Activite : CACT2
févr. 28, 2025 11:19:26 PM com.invoicegenerator.modeles.BillingShuttleModel getBillNumber
FINE: Récupération du nombre de factures : 2
févr. 28, 2025 11:19:26 PM com.invoicegenerator.viewModels.NavetteFacturationViewModel getNombreFactures
FINE: Récupération de NombreFactures : 2
févr. 28, 2025 11:19:26 PM com.invoicegenerator.modeles.BillingShuttleModel getEventNote
FINE: Récupération de la note de lévénement : {0}
févr. 28, 2025 11:19:26 PM com.invoicegenerator.modeles.BillingShuttleModel getEventNote
FINE: Récupération de la note de lévénement : {0}
févr. 28, 2025 11:19:26 PM com.invoicegenerator.viewModels.NavetteFacturationViewModel getNoteEvenement
FINE: Récupération de NoteEvenement : 1.000376962E9-BDC POAccompagnement Architecture applicative-L5 – P15.1.re.c- Architecture Applicative Complexe
févr. 28, 2025 11:19:26 PM com.invoicegenerator.modeles.BillingShuttleModel getQuantity
FINE: Récupération de la quantité : 4
févr. 28, 2025 11:19:26 PM com.invoicegenerator.viewModels.NavetteFacturationViewModel getQuantite
FINE: Récupération de Quantite : 4
févr. 28, 2025 11:19:26 PM com.invoicegenerator.modeles.BillingShuttleModel getMeasureUnit
FINE: Récupération de lunité de mesure : {0}
févr. 28, 2025 11:19:26 PM com.invoicegenerator.modeles.BillingShuttleModel getMeasureUnit
FINE: Récupération de lunité de mesure : {0}
févr. 28, 2025 11:19:26 PM com.invoicegenerator.viewModels.NavetteFacturationViewModel getUniteMesure
FINE: Récupération de UniteMesure : UNT = Units
févr. 28, 2025 11:19:26 PM com.invoicegenerator.modeles.BillingShuttleModel getUnitPrice
FINE: Récupération du prix unitaire : 3 692,82
févr. 28, 2025 11:19:26 PM com.invoicegenerator.viewModels.NavetteFacturationViewModel getPrixUnitaireRound
FINE: Récupération de PrixUnitaireRound : 3 692,82
févr. 28, 2025 11:19:26 PM com.invoicegenerator.modeles.BillingShuttleModel getBillAmount
FINE: Récupération du montant de la facturation : 17 725,536
févr. 28, 2025 11:19:26 PM com.invoicegenerator.viewModels.NavetteFacturationViewModel getMontantFacturationRound
FINE: Récupération de MontantFacturationRound : 17 725,54
févr. 28, 2025 11:19:26 PM com.invoicegenerator.modeles.BillingShuttleModel getCalculatedEventAmount
FINE: Récupération du montant calculé de lévénement : {0}
févr. 28, 2025 11:19:26 PM com.invoicegenerator.viewModels.NavetteFacturationViewModel getMontantEvenementCalculeRound
FINE: Récupération de MontantEvenementCalculeRound : 17 725,54
févr. 28, 2025 11:19:26 PM com.invoicegenerator.modeles.BillingShuttleModel getBillPeriodFrom
FINE: Récupération de la date de début de la période de facturation : 2024-12-03
févr. 28, 2025 11:19:26 PM com.invoicegenerator.viewModels.NavetteFacturationViewModel formatDate
FINE: Date formatée : 03 avec le formatteur Value(DayOfMonth,2)
févr. 28, 2025 11:19:26 PM com.invoicegenerator.viewModels.NavetteFacturationViewModel getPeriodeFacturationDu
FINE: Récupération de PeriodeFacturationDu : 03
févr. 28, 2025 11:19:26 PM com.invoicegenerator.modeles.BillingShuttleModel getBillPeriodTo
FINE: Récupération de la date de fin de la période de facturation : 2026-04-23
févr. 28, 2025 11:19:26 PM com.invoicegenerator.viewModels.NavetteFacturationViewModel formatDate
FINE: Date formatée : 23 avec le formatteur Value(DayOfMonth,2)
févr. 28, 2025 11:19:26 PM com.invoicegenerator.viewModels.NavetteFacturationViewModel getPeriodeFacturationAu
FINE: Récupération de PeriodeFacturationAu : 23
févr. 28, 2025 11:19:26 PM com.invoicegenerator.modeles.BillingShuttleModel getItemId
FINE: Récupération de lidentifiant de lélément : Architecture Applicative Complexe-2
févr. 28, 2025 11:19:26 PM com.invoicegenerator.modeles.BillingShuttleModel getItemId
FINE: Récupération de lidentifiant de lélément : Architecture Applicative Complexe-2
févr. 28, 2025 11:19:26 PM com.invoicegenerator.viewModels.NavetteFacturationViewModel getItemId
FINE: Récupération de ItemId : Architecture Applicative Complexe-2
févr. 28, 2025 11:19:26 PM com.invoicegenerator.modeles.BillingShuttleModel getInitialBill
FINE: Récupération de la facture initiale : null
févr. 28, 2025 11:19:26 PM com.invoicegenerator.viewModels.NavetteFacturationViewModel getFactureInitiale
FINE: Récupération de FactureInitiale : Default Facture
févr. 28, 2025 11:19:26 PM com.invoicegenerator.modeles.BillingShuttleModel getInitialBill
FINE: Récupération de la facture initiale : null
févr. 28, 2025 11:19:26 PM com.invoicegenerator.viewModels.NavetteFacturationViewModel getFactureInitiale
FINE: Récupération de FactureInitiale : Default Facture
févr. 28, 2025 11:19:26 PM com.invoicegenerator.modeles.BillingShuttleModel getPcBu
FINE: Récupération du PC BU : EU005
févr. 28, 2025 11:19:26 PM com.invoicegenerator.modeles.BillingShuttleModel getPcBu
FINE: Récupération du PC BU : EU005
févr. 28, 2025 11:19:26 PM com.invoicegenerator.viewModels.NavetteFacturationViewModel getPcBu
FINE: Récupération de PcBu : EU005
févr. 28, 2025 11:19:26 PM com.invoicegenerator.modeles.BillingShuttleModel getProject
FINE: Récupération du nom du projet : jk
févr. 28, 2025 11:19:26 PM com.invoicegenerator.modeles.BillingShuttleModel getProject
FINE: Récupération du nom du projet : jk
févr. 28, 2025 11:19:26 PM com.invoicegenerator.viewModels.NavetteFacturationViewModel getProjet
FINE: Récupération de Projet : jk
févr. 28, 2025 11:19:26 PM com.invoicegenerator.modeles.BillingShuttleModel getActivity
FINE: Récupération du nom de lactivité : {0}
févr. 28, 2025 11:19:26 PM com.invoicegenerator.modeles.BillingShuttleModel getActivity
FINE: Récupération du nom de lactivité : {0}
févr. 28, 2025 11:19:26 PM com.invoicegenerator.viewModels.NavetteFacturationViewModel getActivite
FINE: Récupération de Activite : CACT2
févr. 28, 2025 11:19:26 PM com.invoicegenerator.modeles.BillingShuttleModel getBillNumber
FINE: Récupération du nombre de factures : 2
févr. 28, 2025 11:19:26 PM com.invoicegenerator.viewModels.NavetteFacturationViewModel getNombreFactures
FINE: Récupération de NombreFactures : 2
févr. 28, 2025 11:19:26 PM com.invoicegenerator.modeles.BillingShuttleModel getEventNote
FINE: Récupération de la note de lévénement : {0}
févr. 28, 2025 11:19:26 PM com.invoicegenerator.modeles.BillingShuttleModel getEventNote
FINE: Récupération de la note de lévénement : {0}
févr. 28, 2025 11:19:26 PM com.invoicegenerator.viewModels.NavetteFacturationViewModel getNoteEvenement
FINE: Récupération de NoteEvenement : 1.000376962E9-BDC POAccompagnement Architecture applicative-L5 – P15.1.re.a- Architecture Applicative Simple
févr. 28, 2025 11:19:26 PM com.invoicegenerator.modeles.BillingShuttleModel getQuantity
FINE: Récupération de la quantité : 3
févr. 28, 2025 11:19:26 PM com.invoicegenerator.viewModels.NavetteFacturationViewModel getQuantite
FINE: Récupération de Quantite : 3
févr. 28, 2025 11:19:26 PM com.invoicegenerator.modeles.BillingShuttleModel getMeasureUnit
FINE: Récupération de lunité de mesure : {0}
févr. 28, 2025 11:19:26 PM com.invoicegenerator.modeles.BillingShuttleModel getMeasureUnit
FINE: Récupération de lunité de mesure : {0}
févr. 28, 2025 11:19:26 PM com.invoicegenerator.viewModels.NavetteFacturationViewModel getUniteMesure
FINE: Récupération de UniteMesure : UNT = Units
févr. 28, 2025 11:19:26 PM com.invoicegenerator.modeles.BillingShuttleModel getUnitPrice
FINE: Récupération du prix unitaire : 738,56
févr. 28, 2025 11:19:26 PM com.invoicegenerator.viewModels.NavetteFacturationViewModel getPrixUnitaireRound
FINE: Récupération de PrixUnitaireRound : 738,56
févr. 28, 2025 11:19:26 PM com.invoicegenerator.modeles.BillingShuttleModel getBillAmount
FINE: Récupération du montant de la facturation : 2 658,816
févr. 28, 2025 11:19:26 PM com.invoicegenerator.viewModels.NavetteFacturationViewModel getMontantFacturationRound
FINE: Récupération de MontantFacturationRound : 2 658,82
févr. 28, 2025 11:19:26 PM com.invoicegenerator.modeles.BillingShuttleModel getCalculatedEventAmount
FINE: Récupération du montant calculé de lévénement : {0}
févr. 28, 2025 11:19:26 PM com.invoicegenerator.viewModels.NavetteFacturationViewModel getMontantEvenementCalculeRound
FINE: Récupération de MontantEvenementCalculeRound : 2 658,82
févr. 28, 2025 11:19:26 PM com.invoicegenerator.modeles.BillingShuttleModel getBillPeriodFrom
FINE: Récupération de la date de début de la période de facturation : 2024-12-03
févr. 28, 2025 11:19:26 PM com.invoicegenerator.viewModels.NavetteFacturationViewModel formatDate
FINE: Date formatée : 03 avec le formatteur Value(DayOfMonth,2)
févr. 28, 2025 11:19:26 PM com.invoicegenerator.viewModels.NavetteFacturationViewModel getPeriodeFacturationDu
FINE: Récupération de PeriodeFacturationDu : 03
févr. 28, 2025 11:19:26 PM com.invoicegenerator.modeles.BillingShuttleModel getBillPeriodTo
FINE: Récupération de la date de fin de la période de facturation : 2026-04-23
févr. 28, 2025 11:19:26 PM com.invoicegenerator.viewModels.NavetteFacturationViewModel formatDate
FINE: Date formatée : 23 avec le formatteur Value(DayOfMonth,2)
févr. 28, 2025 11:19:26 PM com.invoicegenerator.viewModels.NavetteFacturationViewModel getPeriodeFacturationAu
FINE: Récupération de PeriodeFacturationAu : 23
févr. 28, 2025 11:19:26 PM com.invoicegenerator.modeles.BillingShuttleModel getItemId
FINE: Récupération de lidentifiant de lélément : Architecture Applicative Simple-2
févr. 28, 2025 11:19:26 PM com.invoicegenerator.modeles.BillingShuttleModel getItemId
FINE: Récupération de lidentifiant de lélément : Architecture Applicative Simple-2
févr. 28, 2025 11:19:26 PM com.invoicegenerator.viewModels.NavetteFacturationViewModel getItemId
FINE: Récupération de ItemId : Architecture Applicative Simple-2
févr. 28, 2025 11:19:26 PM com.invoicegenerator.modeles.BillingShuttleModel getInitialBill
FINE: Récupération de la facture initiale : null
févr. 28, 2025 11:19:26 PM com.invoicegenerator.viewModels.NavetteFacturationViewModel getFactureInitiale
FINE: Récupération de FactureInitiale : Default Facture
févr. 28, 2025 11:19:26 PM com.invoicegenerator.modeles.BillingShuttleModel getPcBu
FINE: Récupération du PC BU : EU005
févr. 28, 2025 11:19:26 PM com.invoicegenerator.modeles.BillingShuttleModel getPcBu
FINE: Récupération du PC BU : EU005
févr. 28, 2025 11:19:26 PM com.invoicegenerator.viewModels.NavetteFacturationViewModel getPcBu
FINE: Récupération de PcBu : EU005
févr. 28, 2025 11:19:26 PM com.invoicegenerator.modeles.BillingShuttleModel getProject
FINE: Récupération du nom du projet : jk
févr. 28, 2025 11:19:26 PM com.invoicegenerator.modeles.BillingShuttleModel getProject
FINE: Récupération du nom du projet : jk
févr. 28, 2025 11:19:26 PM com.invoicegenerator.viewModels.NavetteFacturationViewModel getProjet
FINE: Récupération de Projet : jk
févr. 28, 2025 11:19:26 PM com.invoicegenerator.modeles.BillingShuttleModel getActivity
FINE: Récupération du nom de lactivité : {0}
févr. 28, 2025 11:19:26 PM com.invoicegenerator.modeles.BillingShuttleModel getActivity
FINE: Récupération du nom de lactivité : {0}
févr. 28, 2025 11:19:26 PM com.invoicegenerator.viewModels.NavetteFacturationViewModel getActivite
FINE: Récupération de Activite : CACT2
févr. 28, 2025 11:19:26 PM com.invoicegenerator.modeles.BillingShuttleModel getBillNumber
FINE: Récupération du nombre de factures : 2
févr. 28, 2025 11:19:26 PM com.invoicegenerator.viewModels.NavetteFacturationViewModel getNombreFactures
FINE: Récupération de NombreFactures : 2
févr. 28, 2025 11:19:26 PM com.invoicegenerator.modeles.BillingShuttleModel getEventNote
FINE: Récupération de la note de lévénement : {0}
févr. 28, 2025 11:19:26 PM com.invoicegenerator.modeles.BillingShuttleModel getEventNote
FINE: Récupération de la note de lévénement : {0}
févr. 28, 2025 11:19:26 PM com.invoicegenerator.viewModels.NavetteFacturationViewModel getNoteEvenement
FINE: Récupération de NoteEvenement : 1.000376962E9-BDC POAccompagnement Architecture applicative-L5 – P15.1.re.a- Architecture Applicative Simple
févr. 28, 2025 11:19:26 PM com.invoicegenerator.modeles.BillingShuttleModel getQuantity
FINE: Récupération de la quantité : 3
févr. 28, 2025 11:19:26 PM com.invoicegenerator.viewModels.NavetteFacturationViewModel getQuantite
FINE: Récupération de Quantite : 3
févr. 28, 2025 11:19:26 PM com.invoicegenerator.modeles.BillingShuttleModel getMeasureUnit
FINE: Récupération de lunité de mesure : {0}
févr. 28, 2025 11:19:26 PM com.invoicegenerator.modeles.BillingShuttleModel getMeasureUnit
FINE: Récupération de lunité de mesure : {0}
févr. 28, 2025 11:19:26 PM com.invoicegenerator.viewModels.NavetteFacturationViewModel getUniteMesure
FINE: Récupération de UniteMesure : UNT = Units
févr. 28, 2025 11:19:26 PM com.invoicegenerator.modeles.BillingShuttleModel getUnitPrice
FINE: Récupération du prix unitaire : 738,56
févr. 28, 2025 11:19:26 PM com.invoicegenerator.viewModels.NavetteFacturationViewModel getPrixUnitaireRound
FINE: Récupération de PrixUnitaireRound : 738,56
févr. 28, 2025 11:19:26 PM com.invoicegenerator.modeles.BillingShuttleModel getBillAmount
FINE: Récupération du montant de la facturation : 2 658,816
févr. 28, 2025 11:19:26 PM com.invoicegenerator.viewModels.NavetteFacturationViewModel getMontantFacturationRound
FINE: Récupération de MontantFacturationRound : 2 658,82
févr. 28, 2025 11:19:26 PM com.invoicegenerator.modeles.BillingShuttleModel getCalculatedEventAmount
FINE: Récupération du montant calculé de lévénement : {0}
févr. 28, 2025 11:19:26 PM com.invoicegenerator.viewModels.NavetteFacturationViewModel getMontantEvenementCalculeRound
FINE: Récupération de MontantEvenementCalculeRound : 2 658,82
févr. 28, 2025 11:19:26 PM com.invoicegenerator.modeles.BillingShuttleModel getBillPeriodFrom
FINE: Récupération de la date de début de la période de facturation : 2024-12-03
févr. 28, 2025 11:19:26 PM com.invoicegenerator.viewModels.NavetteFacturationViewModel formatDate
FINE: Date formatée : 03 avec le formatteur Value(DayOfMonth,2)
févr. 28, 2025 11:19:26 PM com.invoicegenerator.viewModels.NavetteFacturationViewModel getPeriodeFacturationDu
FINE: Récupération de PeriodeFacturationDu : 03
févr. 28, 2025 11:19:26 PM com.invoicegenerator.modeles.BillingShuttleModel getBillPeriodTo
FINE: Récupération de la date de fin de la période de facturation : 2026-04-23
févr. 28, 2025 11:19:26 PM com.invoicegenerator.viewModels.NavetteFacturationViewModel formatDate
FINE: Date formatée : 23 avec le formatteur Value(DayOfMonth,2)
févr. 28, 2025 11:19:26 PM com.invoicegenerator.viewModels.NavetteFacturationViewModel getPeriodeFacturationAu
FINE: Récupération de PeriodeFacturationAu : 23
févr. 28, 2025 11:19:26 PM com.invoicegenerator.modeles.BillingShuttleModel getItemId
FINE: Récupération de lidentifiant de lélément : Architecture Applicative Simple-2
févr. 28, 2025 11:19:26 PM com.invoicegenerator.modeles.BillingShuttleModel getItemId
FINE: Récupération de lidentifiant de lélément : Architecture Applicative Simple-2
févr. 28, 2025 11:19:26 PM com.invoicegenerator.viewModels.NavetteFacturationViewModel getItemId
FINE: Récupération de ItemId : Architecture Applicative Simple-2
févr. 28, 2025 11:19:26 PM com.invoicegenerator.modeles.BillingShuttleModel getInitialBill
FINE: Récupération de la facture initiale : null
févr. 28, 2025 11:19:26 PM com.invoicegenerator.viewModels.NavetteFacturationViewModel getFactureInitiale
FINE: Récupération de FactureInitiale : Default Facture
févr. 28, 2025 11:19:26 PM com.invoicegenerator.modeles.BillingShuttleModel getPcBu
FINE: Récupération du PC BU : EU005
févr. 28, 2025 11:19:26 PM com.invoicegenerator.modeles.BillingShuttleModel getPcBu
FINE: Récupération du PC BU : EU005
févr. 28, 2025 11:19:26 PM com.invoicegenerator.viewModels.NavetteFacturationViewModel getPcBu
FINE: Récupération de PcBu : EU005
févr. 28, 2025 11:19:26 PM com.invoicegenerator.modeles.BillingShuttleModel getProject
FINE: Récupération du nom du projet : jk
févr. 28, 2025 11:19:26 PM com.invoicegenerator.modeles.BillingShuttleModel getProject
FINE: Récupération du nom du projet : jk
févr. 28, 2025 11:19:26 PM com.invoicegenerator.viewModels.NavetteFacturationViewModel getProjet
FINE: Récupération de Projet : jk
févr. 28, 2025 11:19:26 PM com.invoicegenerator.modeles.BillingShuttleModel getActivity
FINE: Récupération du nom de lactivité : {0}
févr. 28, 2025 11:19:26 PM com.invoicegenerator.modeles.BillingShuttleModel getActivity
FINE: Récupération du nom de lactivité : {0}
févr. 28, 2025 11:19:26 PM com.invoicegenerator.viewModels.NavetteFacturationViewModel getActivite
FINE: Récupération de Activite : CACT2
févr. 28, 2025 11:19:26 PM com.invoicegenerator.modeles.BillingShuttleModel getBillNumber
FINE: Récupération du nombre de factures : 2
févr. 28, 2025 11:19:26 PM com.invoicegenerator.viewModels.NavetteFacturationViewModel getNombreFactures
FINE: Récupération de NombreFactures : 2
févr. 28, 2025 11:19:26 PM com.invoicegenerator.modeles.BillingShuttleModel getEventNote
FINE: Récupération de la note de lévénement : {0}
févr. 28, 2025 11:19:26 PM com.invoicegenerator.modeles.BillingShuttleModel getEventNote
FINE: Récupération de la note de lévénement : {0}
févr. 28, 2025 11:19:26 PM com.invoicegenerator.viewModels.NavetteFacturationViewModel getNoteEvenement
FINE: Récupération de NoteEvenement : 1.000376962E9-BDC POAccompagnement Architecture applicative-L5 – P15.1.re.b- Architecture Applicative Moyen
févr. 28, 2025 11:19:26 PM com.invoicegenerator.modeles.BillingShuttleModel getQuantity
FINE: Récupération de la quantité : 2
févr. 28, 2025 11:19:26 PM com.invoicegenerator.viewModels.NavetteFacturationViewModel getQuantite
FINE: Récupération de Quantite : 2
févr. 28, 2025 11:19:26 PM com.invoicegenerator.modeles.BillingShuttleModel getMeasureUnit
FINE: Récupération de lunité de mesure : {0}
févr. 28, 2025 11:19:26 PM com.invoicegenerator.modeles.BillingShuttleModel getMeasureUnit
FINE: Récupération de lunité de mesure : {0}
févr. 28, 2025 11:19:26 PM com.invoicegenerator.viewModels.NavetteFacturationViewModel getUniteMesure
FINE: Récupération de UniteMesure : UNT = Units
févr. 28, 2025 11:19:26 PM com.invoicegenerator.modeles.BillingShuttleModel getUnitPrice
FINE: Récupération du prix unitaire : 2 182,12
févr. 28, 2025 11:19:26 PM com.invoicegenerator.viewModels.NavetteFacturationViewModel getPrixUnitaireRound
FINE: Récupération de PrixUnitaireRound : 2 182,12
févr. 28, 2025 11:19:26 PM com.invoicegenerator.modeles.BillingShuttleModel getBillAmount
FINE: Récupération du montant de la facturation : 5 237,088
févr. 28, 2025 11:19:26 PM com.invoicegenerator.viewModels.NavetteFacturationViewModel getMontantFacturationRound
FINE: Récupération de MontantFacturationRound : 5 237,09
févr. 28, 2025 11:19:26 PM com.invoicegenerator.modeles.BillingShuttleModel getCalculatedEventAmount
FINE: Récupération du montant calculé de lévénement : {0}
févr. 28, 2025 11:19:26 PM com.invoicegenerator.viewModels.NavetteFacturationViewModel getMontantEvenementCalculeRound
FINE: Récupération de MontantEvenementCalculeRound : 5 237,09
févr. 28, 2025 11:19:26 PM com.invoicegenerator.modeles.BillingShuttleModel getBillPeriodFrom
FINE: Récupération de la date de début de la période de facturation : 2024-12-03
févr. 28, 2025 11:19:26 PM com.invoicegenerator.viewModels.NavetteFacturationViewModel formatDate
FINE: Date formatée : 03 avec le formatteur Value(DayOfMonth,2)
févr. 28, 2025 11:19:26 PM com.invoicegenerator.viewModels.NavetteFacturationViewModel getPeriodeFacturationDu
FINE: Récupération de PeriodeFacturationDu : 03
févr. 28, 2025 11:19:26 PM com.invoicegenerator.modeles.BillingShuttleModel getBillPeriodTo
FINE: Récupération de la date de fin de la période de facturation : 2026-04-23
févr. 28, 2025 11:19:26 PM com.invoicegenerator.viewModels.NavetteFacturationViewModel formatDate
FINE: Date formatée : 23 avec le formatteur Value(DayOfMonth,2)
févr. 28, 2025 11:19:26 PM com.invoicegenerator.viewModels.NavetteFacturationViewModel getPeriodeFacturationAu
FINE: Récupération de PeriodeFacturationAu : 23
févr. 28, 2025 11:19:26 PM com.invoicegenerator.modeles.BillingShuttleModel getItemId
FINE: Récupération de lidentifiant de lélément : Architecture Applicative Moyen-2
févr. 28, 2025 11:19:26 PM com.invoicegenerator.modeles.BillingShuttleModel getItemId
FINE: Récupération de lidentifiant de lélément : Architecture Applicative Moyen-2
févr. 28, 2025 11:19:26 PM com.invoicegenerator.viewModels.NavetteFacturationViewModel getItemId
FINE: Récupération de ItemId : Architecture Applicative Moyen-2
févr. 28, 2025 11:19:26 PM com.invoicegenerator.modeles.BillingShuttleModel getInitialBill
FINE: Récupération de la facture initiale : null
févr. 28, 2025 11:19:26 PM com.invoicegenerator.viewModels.NavetteFacturationViewModel getFactureInitiale
FINE: Récupération de FactureInitiale : Default Facture
févr. 28, 2025 11:19:26 PM com.invoicegenerator.modeles.BillingShuttleModel getPcBu
FINE: Récupération du PC BU : EU005
févr. 28, 2025 11:19:26 PM com.invoicegenerator.modeles.BillingShuttleModel getPcBu
FINE: Récupération du PC BU : EU005
févr. 28, 2025 11:19:26 PM com.invoicegenerator.viewModels.NavetteFacturationViewModel getPcBu
FINE: Récupération de PcBu : EU005
févr. 28, 2025 11:19:26 PM com.invoicegenerator.modeles.BillingShuttleModel getProject
FINE: Récupération du nom du projet : jk
févr. 28, 2025 11:19:26 PM com.invoicegenerator.modeles.BillingShuttleModel getProject
FINE: Récupération du nom du projet : jk
févr. 28, 2025 11:19:26 PM com.invoicegenerator.viewModels.NavetteFacturationViewModel getProjet
FINE: Récupération de Projet : jk
févr. 28, 2025 11:19:26 PM com.invoicegenerator.modeles.BillingShuttleModel getActivity
FINE: Récupération du nom de lactivité : {0}
févr. 28, 2025 11:19:26 PM com.invoicegenerator.modeles.BillingShuttleModel getActivity
FINE: Récupération du nom de lactivité : {0}
févr. 28, 2025 11:19:26 PM com.invoicegenerator.viewModels.NavetteFacturationViewModel getActivite
FINE: Récupération de Activite : CACT2
févr. 28, 2025 11:19:26 PM com.invoicegenerator.modeles.BillingShuttleModel getBillNumber
FINE: Récupération du nombre de factures : 2
févr. 28, 2025 11:19:26 PM com.invoicegenerator.viewModels.NavetteFacturationViewModel getNombreFactures
FINE: Récupération de NombreFactures : 2
févr. 28, 2025 11:19:26 PM com.invoicegenerator.modeles.BillingShuttleModel getEventNote
FINE: Récupération de la note de lévénement : {0}
févr. 28, 2025 11:19:26 PM com.invoicegenerator.modeles.BillingShuttleModel getEventNote
FINE: Récupération de la note de lévénement : {0}
févr. 28, 2025 11:19:26 PM com.invoicegenerator.viewModels.NavetteFacturationViewModel getNoteEvenement
FINE: Récupération de NoteEvenement : 1.000376962E9-BDC POAccompagnement Architecture applicative-L5 – P15.1.re.b- Architecture Applicative Moyen
févr. 28, 2025 11:19:26 PM com.invoicegenerator.modeles.BillingShuttleModel getQuantity
FINE: Récupération de la quantité : 2
févr. 28, 2025 11:19:26 PM com.invoicegenerator.viewModels.NavetteFacturationViewModel getQuantite
FINE: Récupération de Quantite : 2
févr. 28, 2025 11:19:26 PM com.invoicegenerator.modeles.BillingShuttleModel getMeasureUnit
FINE: Récupération de lunité de mesure : {0}
févr. 28, 2025 11:19:26 PM com.invoicegenerator.modeles.BillingShuttleModel getMeasureUnit
FINE: Récupération de lunité de mesure : {0}
févr. 28, 2025 11:19:26 PM com.invoicegenerator.viewModels.NavetteFacturationViewModel getUniteMesure
FINE: Récupération de UniteMesure : UNT = Units
févr. 28, 2025 11:19:26 PM com.invoicegenerator.modeles.BillingShuttleModel getUnitPrice
FINE: Récupération du prix unitaire : 2 182,12
févr. 28, 2025 11:19:26 PM com.invoicegenerator.viewModels.NavetteFacturationViewModel getPrixUnitaireRound
FINE: Récupération de PrixUnitaireRound : 2 182,12
févr. 28, 2025 11:19:26 PM com.invoicegenerator.modeles.BillingShuttleModel getBillAmount
FINE: Récupération du montant de la facturation : 5 237,088
févr. 28, 2025 11:19:26 PM com.invoicegenerator.viewModels.NavetteFacturationViewModel getMontantFacturationRound
FINE: Récupération de MontantFacturationRound : 5 237,09
févr. 28, 2025 11:19:26 PM com.invoicegenerator.modeles.BillingShuttleModel getCalculatedEventAmount
FINE: Récupération du montant calculé de lévénement : {0}
févr. 28, 2025 11:19:26 PM com.invoicegenerator.viewModels.NavetteFacturationViewModel getMontantEvenementCalculeRound
FINE: Récupération de MontantEvenementCalculeRound : 5 237,09
févr. 28, 2025 11:19:26 PM com.invoicegenerator.modeles.BillingShuttleModel getBillPeriodFrom
FINE: Récupération de la date de début de la période de facturation : 2024-12-03
févr. 28, 2025 11:19:26 PM com.invoicegenerator.viewModels.NavetteFacturationViewModel formatDate
FINE: Date formatée : 03 avec le formatteur Value(DayOfMonth,2)
févr. 28, 2025 11:19:26 PM com.invoicegenerator.viewModels.NavetteFacturationViewModel getPeriodeFacturationDu
FINE: Récupération de PeriodeFacturationDu : 03
févr. 28, 2025 11:19:26 PM com.invoicegenerator.modeles.BillingShuttleModel getBillPeriodTo
FINE: Récupération de la date de fin de la période de facturation : 2026-04-23
févr. 28, 2025 11:19:26 PM com.invoicegenerator.viewModels.NavetteFacturationViewModel formatDate
FINE: Date formatée : 23 avec le formatteur Value(DayOfMonth,2)
févr. 28, 2025 11:19:26 PM com.invoicegenerator.viewModels.NavetteFacturationViewModel getPeriodeFacturationAu
FINE: Récupération de PeriodeFacturationAu : 23
févr. 28, 2025 11:19:26 PM com.invoicegenerator.modeles.BillingShuttleModel getItemId
FINE: Récupération de lidentifiant de lélément : Architecture Applicative Moyen-2
févr. 28, 2025 11:19:26 PM com.invoicegenerator.modeles.BillingShuttleModel getItemId
FINE: Récupération de lidentifiant de lélément : Architecture Applicative Moyen-2
févr. 28, 2025 11:19:26 PM com.invoicegenerator.viewModels.NavetteFacturationViewModel getItemId
FINE: Récupération de ItemId : Architecture Applicative Moyen-2
févr. 28, 2025 11:19:26 PM com.invoicegenerator.modeles.BillingShuttleModel getInitialBill
FINE: Récupération de la facture initiale : null
févr. 28, 2025 11:19:26 PM com.invoicegenerator.viewModels.NavetteFacturationViewModel getFactureInitiale
FINE: Récupération de FactureInitiale : Default Facture
févr. 28, 2025 11:19:26 PM com.invoicegenerator.modeles.BillingShuttleModel getPcBu
FINE: Récupération du PC BU : EU005
févr. 28, 2025 11:19:26 PM com.invoicegenerator.modeles.BillingShuttleModel getPcBu
FINE: Récupération du PC BU : EU005
févr. 28, 2025 11:19:26 PM com.invoicegenerator.viewModels.NavetteFacturationViewModel getPcBu
FINE: Récupération de PcBu : EU005
févr. 28, 2025 11:19:26 PM com.invoicegenerator.modeles.BillingShuttleModel getProject
FINE: Récupération du nom du projet : jk
févr. 28, 2025 11:19:26 PM com.invoicegenerator.modeles.BillingShuttleModel getProject
FINE: Récupération du nom du projet : jk
févr. 28, 2025 11:19:26 PM com.invoicegenerator.viewModels.NavetteFacturationViewModel getProjet
FINE: Récupération de Projet : jk
févr. 28, 2025 11:19:26 PM com.invoicegenerator.modeles.BillingShuttleModel getActivity
FINE: Récupération du nom de lactivité : {0}
févr. 28, 2025 11:19:26 PM com.invoicegenerator.modeles.BillingShuttleModel getActivity
FINE: Récupération du nom de lactivité : {0}
févr. 28, 2025 11:19:26 PM com.invoicegenerator.viewModels.NavetteFacturationViewModel getActivite
FINE: Récupération de Activite : 77777
févr. 28, 2025 11:19:26 PM com.invoicegenerator.modeles.BillingShuttleModel getBillNumber
FINE: Récupération du nombre de factures : 1
févr. 28, 2025 11:19:26 PM com.invoicegenerator.viewModels.NavetteFacturationViewModel getNombreFactures
FINE: Récupération de NombreFactures : 1
févr. 28, 2025 11:19:26 PM com.invoicegenerator.modeles.BillingShuttleModel getEventNote
FINE: Récupération de la note de lévénement : {0}
févr. 28, 2025 11:19:26 PM com.invoicegenerator.modeles.BillingShuttleModel getEventNote
FINE: Récupération de la note de lévénement : {0}
févr. 28, 2025 11:19:26 PM com.invoicegenerator.viewModels.NavetteFacturationViewModel getNoteEvenement
FINE: Récupération de NoteEvenement : 1.000376965E9-BDC POApplicative-L5 – P15.1.re.a- Architecture Applicative Simple
févr. 28, 2025 11:19:26 PM com.invoicegenerator.modeles.BillingShuttleModel getQuantity
FINE: Récupération de la quantité : 2
févr. 28, 2025 11:19:26 PM com.invoicegenerator.viewModels.NavetteFacturationViewModel getQuantite
FINE: Récupération de Quantite : 2
févr. 28, 2025 11:19:26 PM com.invoicegenerator.modeles.BillingShuttleModel getMeasureUnit
FINE: Récupération de lunité de mesure : {0}
févr. 28, 2025 11:19:26 PM com.invoicegenerator.modeles.BillingShuttleModel getMeasureUnit
FINE: Récupération de lunité de mesure : {0}
févr. 28, 2025 11:19:26 PM com.invoicegenerator.viewModels.NavetteFacturationViewModel getUniteMesure
FINE: Récupération de UniteMesure : UNT = Units
févr. 28, 2025 11:19:26 PM com.invoicegenerator.modeles.BillingShuttleModel getUnitPrice
FINE: Récupération du prix unitaire : 738,56
févr. 28, 2025 11:19:26 PM com.invoicegenerator.viewModels.NavetteFacturationViewModel getPrixUnitaireRound
FINE: Récupération de PrixUnitaireRound : 738,56
févr. 28, 2025 11:19:26 PM com.invoicegenerator.modeles.BillingShuttleModel getBillAmount
FINE: Récupération du montant de la facturation : 1 772,544
févr. 28, 2025 11:19:26 PM com.invoicegenerator.viewModels.NavetteFacturationViewModel getMontantFacturationRound
FINE: Récupération de MontantFacturationRound : 1 772,54
févr. 28, 2025 11:19:26 PM com.invoicegenerator.modeles.BillingShuttleModel getCalculatedEventAmount
FINE: Récupération du montant calculé de lévénement : {0}
févr. 28, 2025 11:19:26 PM com.invoicegenerator.viewModels.NavetteFacturationViewModel getMontantEvenementCalculeRound
FINE: Récupération de MontantEvenementCalculeRound : 1 772,54
févr. 28, 2025 11:19:26 PM com.invoicegenerator.modeles.BillingShuttleModel getBillPeriodFrom
FINE: Récupération de la date de début de la période de facturation : 2025-01-29
févr. 28, 2025 11:19:26 PM com.invoicegenerator.viewModels.NavetteFacturationViewModel formatDate
FINE: Date formatée : 29 avec le formatteur Value(DayOfMonth,2)
févr. 28, 2025 11:19:26 PM com.invoicegenerator.viewModels.NavetteFacturationViewModel getPeriodeFacturationDu
FINE: Récupération de PeriodeFacturationDu : 29
févr. 28, 2025 11:19:26 PM com.invoicegenerator.modeles.BillingShuttleModel getBillPeriodTo
FINE: Récupération de la date de fin de la période de facturation : 2025-02-07
févr. 28, 2025 11:19:26 PM com.invoicegenerator.viewModels.NavetteFacturationViewModel formatDate
FINE: Date formatée : 07 avec le formatteur Value(DayOfMonth,2)
févr. 28, 2025 11:19:26 PM com.invoicegenerator.viewModels.NavetteFacturationViewModel getPeriodeFacturationAu
FINE: Récupération de PeriodeFacturationAu : 07
févr. 28, 2025 11:19:26 PM com.invoicegenerator.modeles.BillingShuttleModel getItemId
FINE: Récupération de lidentifiant de lélément : Architecture Applicative Simple-1
févr. 28, 2025 11:19:26 PM com.invoicegenerator.modeles.BillingShuttleModel getItemId
FINE: Récupération de lidentifiant de lélément : Architecture Applicative Simple-1
févr. 28, 2025 11:19:26 PM com.invoicegenerator.viewModels.NavetteFacturationViewModel getItemId
FINE: Récupération de ItemId : Architecture Applicative Simple-1
févr. 28, 2025 11:19:26 PM com.invoicegenerator.modeles.BillingShuttleModel getInitialBill
FINE: Récupération de la facture initiale : null
févr. 28, 2025 11:19:26 PM com.invoicegenerator.viewModels.NavetteFacturationViewModel getFactureInitiale
FINE: Récupération de FactureInitiale : Default Facture
févr. 28, 2025 11:19:26 PM com.invoicegenerator.modeles.BillingShuttleModel getPcBu
FINE: Récupération du PC BU : EU005
févr. 28, 2025 11:19:26 PM com.invoicegenerator.modeles.BillingShuttleModel getPcBu
FINE: Récupération du PC BU : EU005
févr. 28, 2025 11:19:26 PM com.invoicegenerator.viewModels.NavetteFacturationViewModel getPcBu
FINE: Récupération de PcBu : EU005
févr. 28, 2025 11:19:26 PM com.invoicegenerator.modeles.BillingShuttleModel getProject
FINE: Récupération du nom du projet : jk
févr. 28, 2025 11:19:26 PM com.invoicegenerator.modeles.BillingShuttleModel getProject
FINE: Récupération du nom du projet : jk
févr. 28, 2025 11:19:26 PM com.invoicegenerator.viewModels.NavetteFacturationViewModel getProjet
FINE: Récupération de Projet : jk
févr. 28, 2025 11:19:26 PM com.invoicegenerator.modeles.BillingShuttleModel getActivity
FINE: Récupération du nom de lactivité : {0}
févr. 28, 2025 11:19:26 PM com.invoicegenerator.modeles.BillingShuttleModel getActivity
FINE: Récupération du nom de lactivité : {0}
févr. 28, 2025 11:19:26 PM com.invoicegenerator.viewModels.NavetteFacturationViewModel getActivite
FINE: Récupération de Activite : 77777
févr. 28, 2025 11:19:26 PM com.invoicegenerator.modeles.BillingShuttleModel getBillNumber
FINE: Récupération du nombre de factures : 1
févr. 28, 2025 11:19:26 PM com.invoicegenerator.viewModels.NavetteFacturationViewModel getNombreFactures
FINE: Récupération de NombreFactures : 1
févr. 28, 2025 11:19:26 PM com.invoicegenerator.modeles.BillingShuttleModel getEventNote
FINE: Récupération de la note de lévénement : {0}
févr. 28, 2025 11:19:26 PM com.invoicegenerator.modeles.BillingShuttleModel getEventNote
FINE: Récupération de la note de lévénement : {0}
févr. 28, 2025 11:19:26 PM com.invoicegenerator.viewModels.NavetteFacturationViewModel getNoteEvenement
FINE: Récupération de NoteEvenement : 1.000376965E9-BDC POApplicative-L5 – P15.1.re.b- Architecture Applicative Moyen
févr. 28, 2025 11:19:26 PM com.invoicegenerator.modeles.BillingShuttleModel getQuantity
FINE: Récupération de la quantité : 2
févr. 28, 2025 11:19:26 PM com.invoicegenerator.viewModels.NavetteFacturationViewModel getQuantite
FINE: Récupération de Quantite : 2
févr. 28, 2025 11:19:26 PM com.invoicegenerator.modeles.BillingShuttleModel getMeasureUnit
FINE: Récupération de lunité de mesure : {0}
févr. 28, 2025 11:19:26 PM com.invoicegenerator.modeles.BillingShuttleModel getMeasureUnit
FINE: Récupération de lunité de mesure : {0}
févr. 28, 2025 11:19:26 PM com.invoicegenerator.viewModels.NavetteFacturationViewModel getUniteMesure
FINE: Récupération de UniteMesure : UNT = Units
févr. 28, 2025 11:19:26 PM com.invoicegenerator.modeles.BillingShuttleModel getUnitPrice
FINE: Récupération du prix unitaire : 2 182,12
févr. 28, 2025 11:19:26 PM com.invoicegenerator.viewModels.NavetteFacturationViewModel getPrixUnitaireRound
FINE: Récupération de PrixUnitaireRound : 2 182,12
févr. 28, 2025 11:19:26 PM com.invoicegenerator.modeles.BillingShuttleModel getBillAmount
FINE: Récupération du montant de la facturation : 5 237,088
févr. 28, 2025 11:19:26 PM com.invoicegenerator.viewModels.NavetteFacturationViewModel getMontantFacturationRound
FINE: Récupération de MontantFacturationRound : 5 237,09
févr. 28, 2025 11:19:26 PM com.invoicegenerator.modeles.BillingShuttleModel getCalculatedEventAmount
FINE: Récupération du montant calculé de lévénement : {0}
févr. 28, 2025 11:19:26 PM com.invoicegenerator.viewModels.NavetteFacturationViewModel getMontantEvenementCalculeRound
FINE: Récupération de MontantEvenementCalculeRound : 5 237,09
févr. 28, 2025 11:19:26 PM com.invoicegenerator.modeles.BillingShuttleModel getBillPeriodFrom
FINE: Récupération de la date de début de la période de facturation : 2025-01-29
févr. 28, 2025 11:19:26 PM com.invoicegenerator.viewModels.NavetteFacturationViewModel formatDate
FINE: Date formatée : 29 avec le formatteur Value(DayOfMonth,2)
févr. 28, 2025 11:19:26 PM com.invoicegenerator.viewModels.NavetteFacturationViewModel getPeriodeFacturationDu
FINE: Récupération de PeriodeFacturationDu : 29
févr. 28, 2025 11:19:26 PM com.invoicegenerator.modeles.BillingShuttleModel getBillPeriodTo
FINE: Récupération de la date de fin de la période de facturation : 2025-02-07
